[0.321s] DEBUG:colcon:Command line arguments: ['/usr/bin/colcon', 'build']
[0.322s] DEBUG:colcon:Parsed command line arguments: Namespace(log_base=None, log_level=None, verb_name='build', build_base='build', install_base='install', merge_install=False, symlink_install=False, test_result_base=None, continue_on_error=False, executor='parallel', parallel_workers=2, event_handlers=None, ignore_user_meta=False, metas=['./colcon.meta'], base_paths=['.'], packages_ignore=None, packages_ignore_regex=None, paths=None, packages_up_to=None, packages_up_to_regex=None, packages_above=None, packages_above_and_dependencies=None, packages_above_depth=None, packages_select_by_dep=None, packages_skip_by_dep=None, packages_skip_up_to=None, packages_select_build_failed=False, packages_skip_build_finished=False, packages_select_test_failures=False, packages_skip_test_passed=False, packages_select=None, packages_skip=None, packages_select_regex=None, packages_skip_regex=None, packages_start=None, packages_end=None, allow_overriding=[], cmake_args=None, cmake_target=None, cmake_target_skip_unavailable=False, cmake_clean_cache=False, cmake_clean_first=False, cmake_force_configure=False, ament_cmake_args=None, catkin_cmake_args=None, catkin_skip_building_tests=False, mixin_files=None, mixin=None, verb_parser=<colcon_mixin.mixin.mixin_argument.MixinArgumentDecorator object at 0x7f0f56c99660>, verb_extension=<colcon_core.verb.build.BuildVerb object at 0x7f0f56c982e0>, main=<bound method BuildVerb.main of <colcon_core.verb.build.BuildVerb object at 0x7f0f56c982e0>>, mixin_verb=('build',))
[0.362s] Level 1:colcon.colcon_core.package_discovery:discover_packages(colcon_meta) check parameters
[0.362s] Level 1:colcon.colcon_core.package_discovery:discover_packages(recursive) check parameters
[0.362s] Level 1:colcon.colcon_core.package_discovery:discover_packages(ignore) check parameters
[0.362s] Level 1:colcon.colcon_core.package_discovery:discover_packages(path) check parameters
[0.362s] Level 1:colcon.colcon_core.package_discovery:discover_packages(colcon_meta) discover
[0.362s] Level 1:colcon.colcon_core.package_discovery:discover_packages(recursive) discover
[0.362s] INFO:colcon.colcon_core.package_discovery:Crawling recursively for packages in '/home/mobrob/ros2_ws/src'
[0.363s] Level 1:colcon.colcon_core.package_identification:_identify(.) by extensions ['ignore', 'ignore_ament_install']
[0.363s] Level 1:colcon.colcon_core.package_identification:_identify(.) by extension 'ignore'
[0.363s] Level 1:colcon.colcon_core.package_identification:_identify(.) by extension 'ignore_ament_install'
[0.363s] Level 1:colcon.colcon_core.package_identification:_identify(.) by extensions ['colcon_pkg']
[0.363s] Level 1:colcon.colcon_core.package_identification:_identify(.) by extension 'colcon_pkg'
[0.363s] Level 1:colcon.colcon_core.package_identification:_identify(.) by extensions ['colcon_meta']
[0.363s] Level 1:colcon.colcon_core.package_identification:_identify(.) by extension 'colcon_meta'
[0.363s] Level 1:colcon.colcon_core.package_identification:_identify(.) by extensions ['ros']
[0.363s] Level 1:colcon.colcon_core.package_identification:_identify(.) by extension 'ros'
[0.385s] Level 1:colcon.colcon_core.package_identification:_identify(.) by extensions ['cmake', 'python']
[0.385s] Level 1:colcon.colcon_core.package_identification:_identify(.) by extension 'cmake'
[0.385s] Level 1:colcon.colcon_core.package_identification:_identify(.) by extension 'python'
[0.385s] Level 1:colcon.colcon_core.package_identification:_identify(.) by extensions ['python_setup_py']
[0.385s] Level 1:colcon.colcon_core.package_identification:_identify(.) by extension 'python_setup_py'
[0.386s] Level 1:colcon.colcon_core.package_identification:_identify(build) by extensions ['ignore', 'ignore_ament_install']
[0.386s] Level 1:colcon.colcon_core.package_identification:_identify(build) by extension 'ignore'
[0.386s] Level 1:colcon.colcon_core.package_identification:_identify(build) ignored
[0.386s] Level 1:colcon.colcon_core.package_identification:_identify(install) by extensions ['ignore', 'ignore_ament_install']
[0.386s] Level 1:colcon.colcon_core.package_identification:_identify(install) by extension 'ignore'
[0.386s] Level 1:colcon.colcon_core.package_identification:_identify(install) ignored
[0.386s] Level 1:colcon.colcon_core.package_identification:_identify(lmilicevic_1) by extensions ['ignore', 'ignore_ament_install']
[0.386s] Level 1:colcon.colcon_core.package_identification:_identify(lmilicevic_1) by extension 'ignore'
[0.386s] Level 1:colcon.colcon_core.package_identification:_identify(lmilicevic_1) by extension 'ignore_ament_install'
[0.386s] Level 1:colcon.colcon_core.package_identification:_identify(lmilicevic_1) by extensions ['colcon_pkg']
[0.387s] Level 1:colcon.colcon_core.package_identification:_identify(lmilicevic_1) by extension 'colcon_pkg'
[0.387s] Level 1:colcon.colcon_core.package_identification:_identify(lmilicevic_1) by extensions ['colcon_meta']
[0.387s] Level 1:colcon.colcon_core.package_identification:_identify(lmilicevic_1) by extension 'colcon_meta'
[0.387s] Level 1:colcon.colcon_core.package_identification:_identify(lmilicevic_1) by extensions ['ros']
[0.387s] Level 1:colcon.colcon_core.package_identification:_identify(lmilicevic_1) by extension 'ros'
[0.391s] DEBUG:colcon.colcon_core.package_identification:Package 'lmilicevic_1' with type 'ros.ament_python' and name 'lmilicevic_1'
[0.391s] Level 1:colcon.colcon_core.package_identification:_identify(lmilicevic_2) by extensions ['ignore', 'ignore_ament_install']
[0.391s] Level 1:colcon.colcon_core.package_identification:_identify(lmilicevic_2) by extension 'ignore'
[0.391s] Level 1:colcon.colcon_core.package_identification:_identify(lmilicevic_2) by extension 'ignore_ament_install'
[0.391s] Level 1:colcon.colcon_core.package_identification:_identify(lmilicevic_2) by extensions ['colcon_pkg']
[0.391s] Level 1:colcon.colcon_core.package_identification:_identify(lmilicevic_2) by extension 'colcon_pkg'
[0.391s] Level 1:colcon.colcon_core.package_identification:_identify(lmilicevic_2) by extensions ['colcon_meta']
[0.391s] Level 1:colcon.colcon_core.package_identification:_identify(lmilicevic_2) by extension 'colcon_meta'
[0.391s] Level 1:colcon.colcon_core.package_identification:_identify(lmilicevic_2) by extensions ['ros']
[0.391s] Level 1:colcon.colcon_core.package_identification:_identify(lmilicevic_2) by extension 'ros'
[0.392s] DEBUG:colcon.colcon_core.package_identification:Package 'lmilicevic_2' with type 'ros.ament_python' and name 'lmilicevic_2'
[0.392s] Level 1:colcon.colcon_core.package_identification:_identify(lmilicevic_3) by extensions ['ignore', 'ignore_ament_install']
[0.392s] Level 1:colcon.colcon_core.package_identification:_identify(lmilicevic_3) by extension 'ignore'
[0.392s] Level 1:colcon.colcon_core.package_identification:_identify(lmilicevic_3) by extension 'ignore_ament_install'
[0.393s] Level 1:colcon.colcon_core.package_identification:_identify(lmilicevic_3) by extensions ['colcon_pkg']
[0.393s] Level 1:colcon.colcon_core.package_identification:_identify(lmilicevic_3) by extension 'colcon_pkg'
[0.393s] Level 1:colcon.colcon_core.package_identification:_identify(lmilicevic_3) by extensions ['colcon_meta']
[0.393s] Level 1:colcon.colcon_core.package_identification:_identify(lmilicevic_3) by extension 'colcon_meta'
[0.393s] Level 1:colcon.colcon_core.package_identification:_identify(lmilicevic_3) by extensions ['ros']
[0.393s] Level 1:colcon.colcon_core.package_identification:_identify(lmilicevic_3) by extension 'ros'
[0.394s] DEBUG:colcon.colcon_core.package_identification:Package 'lmilicevic_3' with type 'ros.ament_python' and name 'lmilicevic_3'
[0.394s] Level 1:colcon.colcon_core.package_identification:_identify(log) by extensions ['ignore', 'ignore_ament_install']
[0.394s] Level 1:colcon.colcon_core.package_identification:_identify(log) by extension 'ignore'
[0.394s] Level 1:colcon.colcon_core.package_identification:_identify(log) ignored
[0.394s] Level 1:colcon.colcon_core.package_identification:_identify(move_pillar) by extensions ['ignore', 'ignore_ament_install']
[0.394s] Level 1:colcon.colcon_core.package_identification:_identify(move_pillar) by extension 'ignore'
[0.394s] Level 1:colcon.colcon_core.package_identification:_identify(move_pillar) by extension 'ignore_ament_install'
[0.394s] Level 1:colcon.colcon_core.package_identification:_identify(move_pillar) by extensions ['colcon_pkg']
[0.394s] Level 1:colcon.colcon_core.package_identification:_identify(move_pillar) by extension 'colcon_pkg'
[0.395s] Level 1:colcon.colcon_core.package_identification:_identify(move_pillar) by extensions ['colcon_meta']
[0.395s] Level 1:colcon.colcon_core.package_identification:_identify(move_pillar) by extension 'colcon_meta'
[0.395s] Level 1:colcon.colcon_core.package_identification:_identify(move_pillar) by extensions ['ros']
[0.395s] Level 1:colcon.colcon_core.package_identification:_identify(move_pillar) by extension 'ros'
[0.395s] DEBUG:colcon.colcon_core.package_identification:Package 'move_pillar' with type 'ros.ament_python' and name 'move_pillar'
[0.395s] Level 1:colcon.colcon_core.package_identification:_identify(trackme) by extensions ['ignore', 'ignore_ament_install']
[0.396s] Level 1:colcon.colcon_core.package_identification:_identify(trackme) by extension 'ignore'
[0.396s] Level 1:colcon.colcon_core.package_identification:_identify(trackme) by extension 'ignore_ament_install'
[0.396s] Level 1:colcon.colcon_core.package_identification:_identify(trackme) by extensions ['colcon_pkg']
[0.396s] Level 1:colcon.colcon_core.package_identification:_identify(trackme) by extension 'colcon_pkg'
[0.396s] Level 1:colcon.colcon_core.package_identification:_identify(trackme) by extensions ['colcon_meta']
[0.396s] Level 1:colcon.colcon_core.package_identification:_identify(trackme) by extension 'colcon_meta'
[0.396s] Level 1:colcon.colcon_core.package_identification:_identify(trackme) by extensions ['ros']
[0.396s] Level 1:colcon.colcon_core.package_identification:_identify(trackme) by extension 'ros'
[0.397s] DEBUG:colcon.colcon_core.package_identification:Package 'trackme' with type 'ros.ament_python' and name 'trackme'
[0.397s] Level 1:colcon.colcon_core.package_discovery:discover_packages(recursive) using defaults
[0.397s] Level 1:colcon.colcon_core.package_discovery:discover_packages(ignore) discover
[0.397s] Level 1:colcon.colcon_core.package_discovery:discover_packages(ignore) using defaults
[0.397s] Level 1:colcon.colcon_core.package_discovery:discover_packages(path) discover
[0.397s] Level 1:colcon.colcon_core.package_discovery:discover_packages(path) using defaults
[0.431s] Level 1:colcon.colcon_core.package_discovery:discover_packages(prefix_path) check parameters
[0.431s] Level 1:colcon.colcon_core.package_discovery:discover_packages(prefix_path) discover
[0.437s] DEBUG:colcon.colcon_installed_package_information.package_discovery:Found 2 installed packages in /home/mobrob/ros2_ws/src/install
[0.439s] DEBUG:colcon.colcon_installed_package_information.package_discovery:Found 4 installed packages in /home/mobrob/ros2_ws/install
[0.442s] DEBUG:colcon.colcon_installed_package_information.package_discovery:Found 364 installed packages in /opt/ros/humble
[0.445s] Level 1:colcon.colcon_core.package_discovery:discover_packages(prefix_path) using defaults
[0.540s] Level 5:colcon.colcon_core.verb:set package 'lmilicevic_1' build argument 'cmake_args' from command line to 'None'
[0.540s] Level 5:colcon.colcon_core.verb:set package 'lmilicevic_1' build argument 'cmake_target' from command line to 'None'
[0.540s] Level 5:colcon.colcon_core.verb:set package 'lmilicevic_1' build argument 'cmake_target_skip_unavailable' from command line to 'False'
[0.540s] Level 5:colcon.colcon_core.verb:set package 'lmilicevic_1' build argument 'cmake_clean_cache' from command line to 'False'
[0.540s] Level 5:colcon.colcon_core.verb:set package 'lmilicevic_1' build argument 'cmake_clean_first' from command line to 'False'
[0.540s] Level 5:colcon.colcon_core.verb:set package 'lmilicevic_1' build argument 'cmake_force_configure' from command line to 'False'
[0.540s] Level 5:colcon.colcon_core.verb:set package 'lmilicevic_1' build argument 'ament_cmake_args' from command line to 'None'
[0.540s] Level 5:colcon.colcon_core.verb:set package 'lmilicevic_1' build argument 'catkin_cmake_args' from command line to 'None'
[0.540s] Level 5:colcon.colcon_core.verb:set package 'lmilicevic_1' build argument 'catkin_skip_building_tests' from command line to 'False'
[0.541s] DEBUG:colcon.colcon_core.verb:Building package 'lmilicevic_1' with the following arguments: {'ament_cmake_args': None, 'build_base': '/home/mobrob/ros2_ws/src/build/lmilicevic_1', 'catkin_cmake_args': None, 'catkin_skip_building_tests': False, 'cmake_args': None, 'cmake_clean_cache': False, 'cmake_clean_first': False, 'cmake_force_configure': False, 'cmake_target': None, 'cmake_target_skip_unavailable': False, 'install_base': '/home/mobrob/ros2_ws/src/install/lmilicevic_1', 'merge_install': False, 'path': '/home/mobrob/ros2_ws/src/lmilicevic_1', 'symlink_install': False, 'test_result_base': None}
[0.542s] Level 5:colcon.colcon_core.verb:set package 'lmilicevic_2' build argument 'cmake_args' from command line to 'None'
[0.542s] Level 5:colcon.colcon_core.verb:set package 'lmilicevic_2' build argument 'cmake_target' from command line to 'None'
[0.542s] Level 5:colcon.colcon_core.verb:set package 'lmilicevic_2' build argument 'cmake_target_skip_unavailable' from command line to 'False'
[0.542s] Level 5:colcon.colcon_core.verb:set package 'lmilicevic_2' build argument 'cmake_clean_cache' from command line to 'False'
[0.542s] Level 5:colcon.colcon_core.verb:set package 'lmilicevic_2' build argument 'cmake_clean_first' from command line to 'False'
[0.542s] Level 5:colcon.colcon_core.verb:set package 'lmilicevic_2' build argument 'cmake_force_configure' from command line to 'False'
[0.542s] Level 5:colcon.colcon_core.verb:set package 'lmilicevic_2' build argument 'ament_cmake_args' from command line to 'None'
[0.542s] Level 5:colcon.colcon_core.verb:set package 'lmilicevic_2' build argument 'catkin_cmake_args' from command line to 'None'
[0.542s] Level 5:colcon.colcon_core.verb:set package 'lmilicevic_2' build argument 'catkin_skip_building_tests' from command line to 'False'
[0.542s] DEBUG:colcon.colcon_core.verb:Building package 'lmilicevic_2' with the following arguments: {'ament_cmake_args': None, 'build_base': '/home/mobrob/ros2_ws/src/build/lmilicevic_2', 'catkin_cmake_args': None, 'catkin_skip_building_tests': False, 'cmake_args': None, 'cmake_clean_cache': False, 'cmake_clean_first': False, 'cmake_force_configure': False, 'cmake_target': None, 'cmake_target_skip_unavailable': False, 'install_base': '/home/mobrob/ros2_ws/src/install/lmilicevic_2', 'merge_install': False, 'path': '/home/mobrob/ros2_ws/src/lmilicevic_2', 'symlink_install': False, 'test_result_base': None}
[0.544s] Level 5:colcon.colcon_core.verb:set package 'lmilicevic_3' build argument 'cmake_args' from command line to 'None'
[0.544s] Level 5:colcon.colcon_core.verb:set package 'lmilicevic_3' build argument 'cmake_target' from command line to 'None'
[0.544s] Level 5:colcon.colcon_core.verb:set package 'lmilicevic_3' build argument 'cmake_target_skip_unavailable' from command line to 'False'
[0.544s] Level 5:colcon.colcon_core.verb:set package 'lmilicevic_3' build argument 'cmake_clean_cache' from command line to 'False'
[0.544s] Level 5:colcon.colcon_core.verb:set package 'lmilicevic_3' build argument 'cmake_clean_first' from command line to 'False'
[0.544s] Level 5:colcon.colcon_core.verb:set package 'lmilicevic_3' build argument 'cmake_force_configure' from command line to 'False'
[0.544s] Level 5:colcon.colcon_core.verb:set package 'lmilicevic_3' build argument 'ament_cmake_args' from command line to 'None'
[0.544s] Level 5:colcon.colcon_core.verb:set package 'lmilicevic_3' build argument 'catkin_cmake_args' from command line to 'None'
[0.544s] Level 5:colcon.colcon_core.verb:set package 'lmilicevic_3' build argument 'catkin_skip_building_tests' from command line to 'False'
[0.544s] DEBUG:colcon.colcon_core.verb:Building package 'lmilicevic_3' with the following arguments: {'ament_cmake_args': None, 'build_base': '/home/mobrob/ros2_ws/src/build/lmilicevic_3', 'catkin_cmake_args': None, 'catkin_skip_building_tests': False, 'cmake_args': None, 'cmake_clean_cache': False, 'cmake_clean_first': False, 'cmake_force_configure': False, 'cmake_target': None, 'cmake_target_skip_unavailable': False, 'install_base': '/home/mobrob/ros2_ws/src/install/lmilicevic_3', 'merge_install': False, 'path': '/home/mobrob/ros2_ws/src/lmilicevic_3', 'symlink_install': False, 'test_result_base': None}
[0.546s] Level 5:colcon.colcon_core.verb:set package 'move_pillar' build argument 'cmake_args' from command line to 'None'
[0.546s] Level 5:colcon.colcon_core.verb:set package 'move_pillar' build argument 'cmake_target' from command line to 'None'
[0.546s] Level 5:colcon.colcon_core.verb:set package 'move_pillar' build argument 'cmake_target_skip_unavailable' from command line to 'False'
[0.546s] Level 5:colcon.colcon_core.verb:set package 'move_pillar' build argument 'cmake_clean_cache' from command line to 'False'
[0.546s] Level 5:colcon.colcon_core.verb:set package 'move_pillar' build argument 'cmake_clean_first' from command line to 'False'
[0.546s] Level 5:colcon.colcon_core.verb:set package 'move_pillar' build argument 'cmake_force_configure' from command line to 'False'
[0.546s] Level 5:colcon.colcon_core.verb:set package 'move_pillar' build argument 'ament_cmake_args' from command line to 'None'
[0.546s] Level 5:colcon.colcon_core.verb:set package 'move_pillar' build argument 'catkin_cmake_args' from command line to 'None'
[0.546s] Level 5:colcon.colcon_core.verb:set package 'move_pillar' build argument 'catkin_skip_building_tests' from command line to 'False'
[0.546s] DEBUG:colcon.colcon_core.verb:Building package 'move_pillar' with the following arguments: {'ament_cmake_args': None, 'build_base': '/home/mobrob/ros2_ws/src/build/move_pillar', 'catkin_cmake_args': None, 'catkin_skip_building_tests': False, 'cmake_args': None, 'cmake_clean_cache': False, 'cmake_clean_first': False, 'cmake_force_configure': False, 'cmake_target': None, 'cmake_target_skip_unavailable': False, 'install_base': '/home/mobrob/ros2_ws/src/install/move_pillar', 'merge_install': False, 'path': '/home/mobrob/ros2_ws/src/move_pillar', 'symlink_install': False, 'test_result_base': None}
[0.548s] Level 5:colcon.colcon_core.verb:set package 'trackme' build argument 'cmake_args' from command line to 'None'
[0.548s] Level 5:colcon.colcon_core.verb:set package 'trackme' build argument 'cmake_target' from command line to 'None'
[0.548s] Level 5:colcon.colcon_core.verb:set package 'trackme' build argument 'cmake_target_skip_unavailable' from command line to 'False'
[0.548s] Level 5:colcon.colcon_core.verb:set package 'trackme' build argument 'cmake_clean_cache' from command line to 'False'
[0.548s] Level 5:colcon.colcon_core.verb:set package 'trackme' build argument 'cmake_clean_first' from command line to 'False'
[0.548s] Level 5:colcon.colcon_core.verb:set package 'trackme' build argument 'cmake_force_configure' from command line to 'False'
[0.548s] Level 5:colcon.colcon_core.verb:set package 'trackme' build argument 'ament_cmake_args' from command line to 'None'
[0.548s] Level 5:colcon.colcon_core.verb:set package 'trackme' build argument 'catkin_cmake_args' from command line to 'None'
[0.548s] Level 5:colcon.colcon_core.verb:set package 'trackme' build argument 'catkin_skip_building_tests' from command line to 'False'
[0.548s] DEBUG:colcon.colcon_core.verb:Building package 'trackme' with the following arguments: {'ament_cmake_args': None, 'build_base': '/home/mobrob/ros2_ws/src/build/trackme', 'catkin_cmake_args': None, 'catkin_skip_building_tests': False, 'cmake_args': None, 'cmake_clean_cache': False, 'cmake_clean_first': False, 'cmake_force_configure': False, 'cmake_target': None, 'cmake_target_skip_unavailable': False, 'install_base': '/home/mobrob/ros2_ws/src/install/trackme', 'merge_install': False, 'path': '/home/mobrob/ros2_ws/src/trackme', 'symlink_install': False, 'test_result_base': None}
[0.549s] INFO:colcon.colcon_core.executor:Executing jobs using 'parallel' executor
[0.554s] DEBUG:colcon.colcon_parallel_executor.executor.parallel:run_until_complete
[0.555s] INFO:colcon.colcon_ros.task.ament_python.build:Building ROS package in '/home/mobrob/ros2_ws/src/lmilicevic_1' with build type 'ament_python'
[0.555s] Level 1:colcon.colcon_core.shell:create_environment_hook('lmilicevic_1', 'ament_prefix_path')
[0.565s] INFO:colcon.colcon_core.plugin_system:Skipping extension 'colcon_core.shell.bat': Not used on non-Windows systems
[0.565s] INFO:colcon.colcon_core.shell:Creating environment hook '/home/mobrob/ros2_ws/src/install/lmilicevic_1/share/lmilicevic_1/hook/ament_prefix_path.ps1'
[0.566s] INFO:colcon.colcon_core.shell:Creating environment descriptor '/home/mobrob/ros2_ws/src/install/lmilicevic_1/share/lmilicevic_1/hook/ament_prefix_path.dsv'
[0.567s] INFO:colcon.colcon_core.shell:Creating environment hook '/home/mobrob/ros2_ws/src/install/lmilicevic_1/share/lmilicevic_1/hook/ament_prefix_path.sh'
[0.569s] INFO:colcon.colcon_core.shell:Skip shell extension 'powershell' for command environment: Not usable outside of PowerShell
[0.570s] DEBUG:colcon.colcon_core.shell:Skip shell extension 'dsv' for command environment
[0.577s] INFO:colcon.colcon_ros.task.ament_python.build:Building ROS package in '/home/mobrob/ros2_ws/src/lmilicevic_2' with build type 'ament_python'
[0.578s] Level 1:colcon.colcon_core.shell:create_environment_hook('lmilicevic_2', 'ament_prefix_path')
[0.579s] INFO:colcon.colcon_core.shell:Creating environment hook '/home/mobrob/ros2_ws/src/install/lmilicevic_2/share/lmilicevic_2/hook/ament_prefix_path.ps1'
[0.580s] INFO:colcon.colcon_core.shell:Creating environment descriptor '/home/mobrob/ros2_ws/src/install/lmilicevic_2/share/lmilicevic_2/hook/ament_prefix_path.dsv'
[0.581s] INFO:colcon.colcon_core.shell:Creating environment hook '/home/mobrob/ros2_ws/src/install/lmilicevic_2/share/lmilicevic_2/hook/ament_prefix_path.sh'
[0.583s] INFO:colcon.colcon_core.shell:Skip shell extension 'powershell' for command environment: Not usable outside of PowerShell
[0.583s] DEBUG:colcon.colcon_core.shell:Skip shell extension 'dsv' for command environment
[1.006s] INFO:colcon.colcon_core.task.python.build:Building Python package in '/home/mobrob/ros2_ws/src/lmilicevic_1'
[1.008s] INFO:colcon.colcon_core.shell:Skip shell extension 'powershell' for command environment: Not usable outside of PowerShell
[1.008s] DEBUG:colcon.colcon_core.shell:Skip shell extension 'dsv' for command environment
[1.431s] INFO:colcon.colcon_core.task.python.build:Building Python package in '/home/mobrob/ros2_ws/src/lmilicevic_2'
[1.433s] INFO:colcon.colcon_core.shell:Skip shell extension 'powershell' for command environment: Not usable outside of PowerShell
[1.433s] DEBUG:colcon.colcon_core.shell:Skip shell extension 'dsv' for command environment
[2.095s] DEBUG:colcon.colcon_core.event_handler.log_command:Invoking command in '/home/mobrob/ros2_ws/src/lmilicevic_1': PYTHONPATH=/home/mobrob/ros2_ws/src/install/lmilicevic_1/lib/python3.10/site-packages:${PYTHONPATH} /usr/bin/python3 setup.py egg_info --egg-base ../build/lmilicevic_1 build --build-base /home/mobrob/ros2_ws/src/build/lmilicevic_1/build install --prefix /home/mobrob/ros2_ws/src/install/lmilicevic_1 --record /home/mobrob/ros2_ws/src/build/lmilicevic_1/install.log --single-version-externally-managed
[2.145s] DEBUG:colcon.colcon_core.event_handler.log_command:Invoking command in '/home/mobrob/ros2_ws/src/lmilicevic_2': PYTHONPATH=/home/mobrob/ros2_ws/src/install/lmilicevic_2/lib/python3.10/site-packages:${PYTHONPATH} /usr/bin/python3 setup.py egg_info --egg-base ../build/lmilicevic_2 build --build-base /home/mobrob/ros2_ws/src/build/lmilicevic_2/build install --prefix /home/mobrob/ros2_ws/src/install/lmilicevic_2 --record /home/mobrob/ros2_ws/src/build/lmilicevic_2/install.log --single-version-externally-managed
[2.620s] DEBUG:colcon.colcon_core.event_handler.log_command:Invoked command in '/home/mobrob/ros2_ws/src/lmilicevic_1' returned '0': PYTHONPATH=/home/mobrob/ros2_ws/src/install/lmilicevic_1/lib/python3.10/site-packages:${PYTHONPATH} /usr/bin/python3 setup.py egg_info --egg-base ../build/lmilicevic_1 build --build-base /home/mobrob/ros2_ws/src/build/lmilicevic_1/build install --prefix /home/mobrob/ros2_ws/src/install/lmilicevic_1 --record /home/mobrob/ros2_ws/src/build/lmilicevic_1/install.log --single-version-externally-managed
[2.629s] Level 1:colcon.colcon_core.environment:checking '/home/mobrob/ros2_ws/src/install/lmilicevic_1' for CMake module files
[2.630s] Level 1:colcon.colcon_core.environment:checking '/home/mobrob/ros2_ws/src/install/lmilicevic_1' for CMake config files
[2.631s] Level 1:colcon.colcon_core.environment:checking '/home/mobrob/ros2_ws/src/install/lmilicevic_1/lib'
[2.631s] Level 1:colcon.colcon_core.environment:checking '/home/mobrob/ros2_ws/src/install/lmilicevic_1/bin'
[2.631s] Level 1:colcon.colcon_core.environment:checking '/home/mobrob/ros2_ws/src/install/lmilicevic_1/lib/pkgconfig/lmilicevic_1.pc'
[2.631s] Level 1:colcon.colcon_core.environment:checking '/home/mobrob/ros2_ws/src/install/lmilicevic_1/lib/python3.10/site-packages'
[2.631s] Level 1:colcon.colcon_core.shell:create_environment_hook('lmilicevic_1', 'pythonpath')
[2.633s] INFO:colcon.colcon_core.shell:Creating environment hook '/home/mobrob/ros2_ws/src/install/lmilicevic_1/share/lmilicevic_1/hook/pythonpath.ps1'
[2.634s] INFO:colcon.colcon_core.shell:Creating environment descriptor '/home/mobrob/ros2_ws/src/install/lmilicevic_1/share/lmilicevic_1/hook/pythonpath.dsv'
[2.634s] INFO:colcon.colcon_core.shell:Creating environment hook '/home/mobrob/ros2_ws/src/install/lmilicevic_1/share/lmilicevic_1/hook/pythonpath.sh'
[2.635s] Level 1:colcon.colcon_core.environment:checking '/home/mobrob/ros2_ws/src/install/lmilicevic_1/bin'
[2.635s] Level 1:colcon.colcon_core.environment:create_environment_scripts_only(lmilicevic_1)
[2.638s] INFO:colcon.colcon_core.shell:Creating package script '/home/mobrob/ros2_ws/src/install/lmilicevic_1/share/lmilicevic_1/package.ps1'
[2.639s] INFO:colcon.colcon_core.shell:Creating package descriptor '/home/mobrob/ros2_ws/src/install/lmilicevic_1/share/lmilicevic_1/package.dsv'
[2.640s] INFO:colcon.colcon_core.shell:Creating package script '/home/mobrob/ros2_ws/src/install/lmilicevic_1/share/lmilicevic_1/package.sh'
[2.641s] INFO:colcon.colcon_core.shell:Creating package script '/home/mobrob/ros2_ws/src/install/lmilicevic_1/share/lmilicevic_1/package.bash'
[2.642s] INFO:colcon.colcon_core.shell:Creating package script '/home/mobrob/ros2_ws/src/install/lmilicevic_1/share/lmilicevic_1/package.zsh'
[2.644s] Level 1:colcon.colcon_core.environment:create_file_with_runtime_dependencies(/home/mobrob/ros2_ws/src/install/lmilicevic_1/share/colcon-core/packages/lmilicevic_1)
[2.645s] INFO:colcon.colcon_ros.task.ament_python.build:Building ROS package in '/home/mobrob/ros2_ws/src/lmilicevic_3' with build type 'ament_python'
[2.646s] Level 1:colcon.colcon_core.shell:create_environment_hook('lmilicevic_3', 'ament_prefix_path')
[2.648s] INFO:colcon.colcon_core.shell:Creating environment hook '/home/mobrob/ros2_ws/src/install/lmilicevic_3/share/lmilicevic_3/hook/ament_prefix_path.ps1'
[2.649s] INFO:colcon.colcon_core.shell:Creating environment descriptor '/home/mobrob/ros2_ws/src/install/lmilicevic_3/share/lmilicevic_3/hook/ament_prefix_path.dsv'
[2.649s] INFO:colcon.colcon_core.shell:Creating environment hook '/home/mobrob/ros2_ws/src/install/lmilicevic_3/share/lmilicevic_3/hook/ament_prefix_path.sh'
[2.652s] INFO:colcon.colcon_core.shell:Skip shell extension 'powershell' for command environment: Not usable outside of PowerShell
[2.652s] DEBUG:colcon.colcon_core.shell:Skip shell extension 'dsv' for command environment
[3.092s] INFO:colcon.colcon_core.task.python.build:Building Python package in '/home/mobrob/ros2_ws/src/lmilicevic_3'
[3.094s] INFO:colcon.colcon_core.shell:Skip shell extension 'powershell' for command environment: Not usable outside of PowerShell
[3.094s] DEBUG:colcon.colcon_core.shell:Skip shell extension 'dsv' for command environment
[3.106s] Level 1:colcon.colcon_core.environment:checking '/home/mobrob/ros2_ws/src/install/lmilicevic_2' for CMake module files
[3.107s] Level 1:colcon.colcon_core.environment:checking '/home/mobrob/ros2_ws/src/install/lmilicevic_2' for CMake config files
[3.108s] Level 1:colcon.colcon_core.environment:checking '/home/mobrob/ros2_ws/src/install/lmilicevic_2/lib'
[3.108s] Level 1:colcon.colcon_core.environment:checking '/home/mobrob/ros2_ws/src/install/lmilicevic_2/bin'
[3.108s] Level 1:colcon.colcon_core.environment:checking '/home/mobrob/ros2_ws/src/install/lmilicevic_2/lib/pkgconfig/lmilicevic_2.pc'
[3.108s] Level 1:colcon.colcon_core.environment:checking '/home/mobrob/ros2_ws/src/install/lmilicevic_2/lib/python3.10/site-packages'
[3.108s] Level 1:colcon.colcon_core.shell:create_environment_hook('lmilicevic_2', 'pythonpath')
[3.110s] INFO:colcon.colcon_core.shell:Creating environment hook '/home/mobrob/ros2_ws/src/install/lmilicevic_2/share/lmilicevic_2/hook/pythonpath.ps1'
[3.111s] INFO:colcon.colcon_core.shell:Creating environment descriptor '/home/mobrob/ros2_ws/src/install/lmilicevic_2/share/lmilicevic_2/hook/pythonpath.dsv'
[3.112s] INFO:colcon.colcon_core.shell:Creating environment hook '/home/mobrob/ros2_ws/src/install/lmilicevic_2/share/lmilicevic_2/hook/pythonpath.sh'
[3.112s] DEBUG:colcon.colcon_core.event_handler.log_command:Invoked command in '/home/mobrob/ros2_ws/src/lmilicevic_2' returned '0': PYTHONPATH=/home/mobrob/ros2_ws/src/install/lmilicevic_2/lib/python3.10/site-packages:${PYTHONPATH} /usr/bin/python3 setup.py egg_info --egg-base ../build/lmilicevic_2 build --build-base /home/mobrob/ros2_ws/src/build/lmilicevic_2/build install --prefix /home/mobrob/ros2_ws/src/install/lmilicevic_2 --record /home/mobrob/ros2_ws/src/build/lmilicevic_2/install.log --single-version-externally-managed
[3.115s] Level 1:colcon.colcon_core.environment:checking '/home/mobrob/ros2_ws/src/install/lmilicevic_2/bin'
[3.115s] Level 1:colcon.colcon_core.environment:create_environment_scripts_only(lmilicevic_2)
[3.117s] INFO:colcon.colcon_core.shell:Creating package script '/home/mobrob/ros2_ws/src/install/lmilicevic_2/share/lmilicevic_2/package.ps1'
[3.118s] INFO:colcon.colcon_core.shell:Creating package descriptor '/home/mobrob/ros2_ws/src/install/lmilicevic_2/share/lmilicevic_2/package.dsv'
[3.119s] INFO:colcon.colcon_core.shell:Creating package script '/home/mobrob/ros2_ws/src/install/lmilicevic_2/share/lmilicevic_2/package.sh'
[3.120s] INFO:colcon.colcon_core.shell:Creating package script '/home/mobrob/ros2_ws/src/install/lmilicevic_2/share/lmilicevic_2/package.bash'
[3.120s] INFO:colcon.colcon_core.shell:Creating package script '/home/mobrob/ros2_ws/src/install/lmilicevic_2/share/lmilicevic_2/package.zsh'
[3.121s] Level 1:colcon.colcon_core.environment:create_file_with_runtime_dependencies(/home/mobrob/ros2_ws/src/install/lmilicevic_2/share/colcon-core/packages/lmilicevic_2)
[3.122s] INFO:colcon.colcon_ros.task.ament_python.build:Building ROS package in '/home/mobrob/ros2_ws/src/move_pillar' with build type 'ament_python'
[3.123s] Level 1:colcon.colcon_core.shell:create_environment_hook('move_pillar', 'ament_prefix_path')
[3.125s] INFO:colcon.colcon_core.shell:Creating environment hook '/home/mobrob/ros2_ws/src/install/move_pillar/share/move_pillar/hook/ament_prefix_path.ps1'
[3.125s] INFO:colcon.colcon_core.shell:Creating environment descriptor '/home/mobrob/ros2_ws/src/install/move_pillar/share/move_pillar/hook/ament_prefix_path.dsv'
[3.126s] INFO:colcon.colcon_core.shell:Creating environment hook '/home/mobrob/ros2_ws/src/install/move_pillar/share/move_pillar/hook/ament_prefix_path.sh'
[3.128s] INFO:colcon.colcon_core.shell:Skip shell extension 'powershell' for command environment: Not usable outside of PowerShell
[3.129s] DEBUG:colcon.colcon_core.shell:Skip shell extension 'dsv' for command environment
[3.708s] INFO:colcon.colcon_core.task.python.build:Building Python package in '/home/mobrob/ros2_ws/src/move_pillar'
[3.710s] INFO:colcon.colcon_core.shell:Skip shell extension 'powershell' for command environment: Not usable outside of PowerShell
[3.710s] DEBUG:colcon.colcon_core.shell:Skip shell extension 'dsv' for command environment
[3.911s] DEBUG:colcon.colcon_core.event_handler.log_command:Invoking command in '/home/mobrob/ros2_ws/src/lmilicevic_3': PYTHONPATH=/home/mobrob/ros2_ws/src/install/lmilicevic_3/lib/python3.10/site-packages:${PYTHONPATH} /usr/bin/python3 setup.py egg_info --egg-base ../build/lmilicevic_3 build --build-base /home/mobrob/ros2_ws/src/build/lmilicevic_3/build install --prefix /home/mobrob/ros2_ws/src/install/lmilicevic_3 --record /home/mobrob/ros2_ws/src/build/lmilicevic_3/install.log --single-version-externally-managed
[4.467s] DEBUG:colcon.colcon_core.event_handler.log_command:Invoking command in '/home/mobrob/ros2_ws/src/move_pillar': PYTHONPATH=/home/mobrob/ros2_ws/src/install/move_pillar/lib/python3.10/site-packages:${PYTHONPATH} /usr/bin/python3 setup.py egg_info --egg-base ../build/move_pillar build --build-base /home/mobrob/ros2_ws/src/build/move_pillar/build install --prefix /home/mobrob/ros2_ws/src/install/move_pillar --record /home/mobrob/ros2_ws/src/build/move_pillar/install.log --single-version-externally-managed
[4.490s] Level 1:colcon.colcon_core.environment:checking '/home/mobrob/ros2_ws/src/install/lmilicevic_3' for CMake module files
[4.491s] DEBUG:colcon.colcon_core.event_handler.log_command:Invoked command in '/home/mobrob/ros2_ws/src/lmilicevic_3' returned '0': PYTHONPATH=/home/mobrob/ros2_ws/src/install/lmilicevic_3/lib/python3.10/site-packages:${PYTHONPATH} /usr/bin/python3 setup.py egg_info --egg-base ../build/lmilicevic_3 build --build-base /home/mobrob/ros2_ws/src/build/lmilicevic_3/build install --prefix /home/mobrob/ros2_ws/src/install/lmilicevic_3 --record /home/mobrob/ros2_ws/src/build/lmilicevic_3/install.log --single-version-externally-managed
[4.492s] Level 1:colcon.colcon_core.environment:checking '/home/mobrob/ros2_ws/src/install/lmilicevic_3' for CMake config files
[4.492s] Level 1:colcon.colcon_core.environment:checking '/home/mobrob/ros2_ws/src/install/lmilicevic_3/lib'
[4.493s] Level 1:colcon.colcon_core.environment:checking '/home/mobrob/ros2_ws/src/install/lmilicevic_3/bin'
[4.493s] Level 1:colcon.colcon_core.environment:checking '/home/mobrob/ros2_ws/src/install/lmilicevic_3/lib/pkgconfig/lmilicevic_3.pc'
[4.493s] Level 1:colcon.colcon_core.environment:checking '/home/mobrob/ros2_ws/src/install/lmilicevic_3/lib/python3.10/site-packages'
[4.493s] Level 1:colcon.colcon_core.shell:create_environment_hook('lmilicevic_3', 'pythonpath')
[4.501s] INFO:colcon.colcon_core.shell:Creating environment hook '/home/mobrob/ros2_ws/src/install/lmilicevic_3/share/lmilicevic_3/hook/pythonpath.ps1'
[4.502s] INFO:colcon.colcon_core.shell:Creating environment descriptor '/home/mobrob/ros2_ws/src/install/lmilicevic_3/share/lmilicevic_3/hook/pythonpath.dsv'
[4.502s] INFO:colcon.colcon_core.shell:Creating environment hook '/home/mobrob/ros2_ws/src/install/lmilicevic_3/share/lmilicevic_3/hook/pythonpath.sh'
[4.503s] Level 1:colcon.colcon_core.environment:checking '/home/mobrob/ros2_ws/src/install/lmilicevic_3/bin'
[4.503s] Level 1:colcon.colcon_core.environment:create_environment_scripts_only(lmilicevic_3)
[4.505s] INFO:colcon.colcon_core.shell:Creating package script '/home/mobrob/ros2_ws/src/install/lmilicevic_3/share/lmilicevic_3/package.ps1'
[4.505s] INFO:colcon.colcon_core.shell:Creating package descriptor '/home/mobrob/ros2_ws/src/install/lmilicevic_3/share/lmilicevic_3/package.dsv'
[4.506s] INFO:colcon.colcon_core.shell:Creating package script '/home/mobrob/ros2_ws/src/install/lmilicevic_3/share/lmilicevic_3/package.sh'
[4.507s] INFO:colcon.colcon_core.shell:Creating package script '/home/mobrob/ros2_ws/src/install/lmilicevic_3/share/lmilicevic_3/package.bash'
[4.507s] INFO:colcon.colcon_core.shell:Creating package script '/home/mobrob/ros2_ws/src/install/lmilicevic_3/share/lmilicevic_3/package.zsh'
[4.507s] Level 1:colcon.colcon_core.environment:create_file_with_runtime_dependencies(/home/mobrob/ros2_ws/src/install/lmilicevic_3/share/colcon-core/packages/lmilicevic_3)
[4.509s] INFO:colcon.colcon_ros.task.ament_python.build:Building ROS package in '/home/mobrob/ros2_ws/src/trackme' with build type 'ament_python'
[4.509s] Level 1:colcon.colcon_core.shell:create_environment_hook('trackme', 'ament_prefix_path')
[4.511s] INFO:colcon.colcon_core.shell:Creating environment hook '/home/mobrob/ros2_ws/src/install/trackme/share/trackme/hook/ament_prefix_path.ps1'
[4.511s] INFO:colcon.colcon_core.shell:Creating environment descriptor '/home/mobrob/ros2_ws/src/install/trackme/share/trackme/hook/ament_prefix_path.dsv'
[4.512s] INFO:colcon.colcon_core.shell:Creating environment hook '/home/mobrob/ros2_ws/src/install/trackme/share/trackme/hook/ament_prefix_path.sh'
[4.514s] INFO:colcon.colcon_core.shell:Skip shell extension 'powershell' for command environment: Not usable outside of PowerShell
[4.514s] DEBUG:colcon.colcon_core.shell:Skip shell extension 'dsv' for command environment
[5.021s] INFO:colcon.colcon_core.task.python.build:Building Python package in '/home/mobrob/ros2_ws/src/trackme'
[5.023s] INFO:colcon.colcon_core.shell:Skip shell extension 'powershell' for command environment: Not usable outside of PowerShell
[5.023s] DEBUG:colcon.colcon_core.shell:Skip shell extension 'dsv' for command environment
[5.034s] Level 1:colcon.colcon_core.environment:checking '/home/mobrob/ros2_ws/src/install/move_pillar' for CMake module files
[5.034s] DEBUG:colcon.colcon_core.event_handler.log_command:Invoked command in '/home/mobrob/ros2_ws/src/move_pillar' returned '0': PYTHONPATH=/home/mobrob/ros2_ws/src/install/move_pillar/lib/python3.10/site-packages:${PYTHONPATH} /usr/bin/python3 setup.py egg_info --egg-base ../build/move_pillar build --build-base /home/mobrob/ros2_ws/src/build/move_pillar/build install --prefix /home/mobrob/ros2_ws/src/install/move_pillar --record /home/mobrob/ros2_ws/src/build/move_pillar/install.log --single-version-externally-managed
[5.035s] Level 1:colcon.colcon_core.environment:checking '/home/mobrob/ros2_ws/src/install/move_pillar' for CMake config files
[5.036s] Level 1:colcon.colcon_core.environment:checking '/home/mobrob/ros2_ws/src/install/move_pillar/lib'
[5.036s] Level 1:colcon.colcon_core.environment:checking '/home/mobrob/ros2_ws/src/install/move_pillar/bin'
[5.036s] Level 1:colcon.colcon_core.environment:checking '/home/mobrob/ros2_ws/src/install/move_pillar/lib/pkgconfig/move_pillar.pc'
[5.036s] Level 1:colcon.colcon_core.environment:checking '/home/mobrob/ros2_ws/src/install/move_pillar/lib/python3.10/site-packages'
[5.036s] Level 1:colcon.colcon_core.shell:create_environment_hook('move_pillar', 'pythonpath')
[5.038s] INFO:colcon.colcon_core.shell:Creating environment hook '/home/mobrob/ros2_ws/src/install/move_pillar/share/move_pillar/hook/pythonpath.ps1'
[5.038s] INFO:colcon.colcon_core.shell:Creating environment descriptor '/home/mobrob/ros2_ws/src/install/move_pillar/share/move_pillar/hook/pythonpath.dsv'
[5.039s] INFO:colcon.colcon_core.shell:Creating environment hook '/home/mobrob/ros2_ws/src/install/move_pillar/share/move_pillar/hook/pythonpath.sh'
[5.039s] Level 1:colcon.colcon_core.environment:checking '/home/mobrob/ros2_ws/src/install/move_pillar/bin'
[5.039s] Level 1:colcon.colcon_core.environment:create_environment_scripts_only(move_pillar)
[5.041s] INFO:colcon.colcon_core.shell:Creating package script '/home/mobrob/ros2_ws/src/install/move_pillar/share/move_pillar/package.ps1'
[5.042s] INFO:colcon.colcon_core.shell:Creating package descriptor '/home/mobrob/ros2_ws/src/install/move_pillar/share/move_pillar/package.dsv'
[5.042s] INFO:colcon.colcon_core.shell:Creating package script '/home/mobrob/ros2_ws/src/install/move_pillar/share/move_pillar/package.sh'
[5.043s] INFO:colcon.colcon_core.shell:Creating package script '/home/mobrob/ros2_ws/src/install/move_pillar/share/move_pillar/package.bash'
[5.043s] INFO:colcon.colcon_core.shell:Creating package script '/home/mobrob/ros2_ws/src/install/move_pillar/share/move_pillar/package.zsh'
[5.044s] Level 1:colcon.colcon_core.environment:create_file_with_runtime_dependencies(/home/mobrob/ros2_ws/src/install/move_pillar/share/colcon-core/packages/move_pillar)
[5.656s] DEBUG:colcon.colcon_core.event_handler.log_command:Invoking command in '/home/mobrob/ros2_ws/src/trackme': PYTHONPATH=/home/mobrob/ros2_ws/src/install/trackme/lib/python3.10/site-packages:${PYTHONPATH} /usr/bin/python3 setup.py egg_info --egg-base ../build/trackme build --build-base /home/mobrob/ros2_ws/src/build/trackme/build install --prefix /home/mobrob/ros2_ws/src/install/trackme --record /home/mobrob/ros2_ws/src/build/trackme/install.log --single-version-externally-managed
[6.135s] Level 1:colcon.colcon_core.environment:checking '/home/mobrob/ros2_ws/src/install/trackme' for CMake module files
[6.136s] DEBUG:colcon.colcon_core.event_handler.log_command:Invoked command in '/home/mobrob/ros2_ws/src/trackme' returned '0': PYTHONPATH=/home/mobrob/ros2_ws/src/install/trackme/lib/python3.10/site-packages:${PYTHONPATH} /usr/bin/python3 setup.py egg_info --egg-base ../build/trackme build --build-base /home/mobrob/ros2_ws/src/build/trackme/build install --prefix /home/mobrob/ros2_ws/src/install/trackme --record /home/mobrob/ros2_ws/src/build/trackme/install.log --single-version-externally-managed
[6.136s] Level 1:colcon.colcon_core.environment:checking '/home/mobrob/ros2_ws/src/install/trackme' for CMake config files
[6.137s] Level 1:colcon.colcon_core.environment:checking '/home/mobrob/ros2_ws/src/install/trackme/lib'
[6.137s] Level 1:colcon.colcon_core.environment:checking '/home/mobrob/ros2_ws/src/install/trackme/bin'
[6.137s] Level 1:colcon.colcon_core.environment:checking '/home/mobrob/ros2_ws/src/install/trackme/lib/pkgconfig/trackme.pc'
[6.137s] Level 1:colcon.colcon_core.environment:checking '/home/mobrob/ros2_ws/src/install/trackme/lib/python3.10/site-packages'
[6.137s] Level 1:colcon.colcon_core.shell:create_environment_hook('trackme', 'pythonpath')
[6.139s] INFO:colcon.colcon_core.shell:Creating environment hook '/home/mobrob/ros2_ws/src/install/trackme/share/trackme/hook/pythonpath.ps1'
[6.140s] INFO:colcon.colcon_core.shell:Creating environment descriptor '/home/mobrob/ros2_ws/src/install/trackme/share/trackme/hook/pythonpath.dsv'
[6.140s] INFO:colcon.colcon_core.shell:Creating environment hook '/home/mobrob/ros2_ws/src/install/trackme/share/trackme/hook/pythonpath.sh'
[6.141s] Level 1:colcon.colcon_core.environment:checking '/home/mobrob/ros2_ws/src/install/trackme/bin'
[6.141s] Level 1:colcon.colcon_core.environment:create_environment_scripts_only(trackme)
[6.143s] INFO:colcon.colcon_core.shell:Creating package script '/home/mobrob/ros2_ws/src/install/trackme/share/trackme/package.ps1'
[6.143s] INFO:colcon.colcon_core.shell:Creating package descriptor '/home/mobrob/ros2_ws/src/install/trackme/share/trackme/package.dsv'
[6.144s] INFO:colcon.colcon_core.shell:Creating package script '/home/mobrob/ros2_ws/src/install/trackme/share/trackme/package.sh'
[6.144s] INFO:colcon.colcon_core.shell:Creating package script '/home/mobrob/ros2_ws/src/install/trackme/share/trackme/package.bash'
[6.145s] INFO:colcon.colcon_core.shell:Creating package script '/home/mobrob/ros2_ws/src/install/trackme/share/trackme/package.zsh'
[6.145s] Level 1:colcon.colcon_core.environment:create_file_with_runtime_dependencies(/home/mobrob/ros2_ws/src/install/trackme/share/colcon-core/packages/trackme)
[6.145s] DEBUG:colcon.colcon_parallel_executor.executor.parallel:closing loop
[6.146s] DEBUG:colcon.colcon_parallel_executor.executor.parallel:loop closed
[6.146s] DEBUG:colcon.colcon_parallel_executor.executor.parallel:run_until_complete finished with '0'
[6.146s] DEBUG:colcon.colcon_core.event_reactor:joining thread
[6.160s] INFO:colcon.colcon_core.plugin_system:Skipping extension 'colcon_notification.desktop_notification.terminal_notifier': Not used on non-Darwin systems
[6.160s] INFO:colcon.colcon_core.plugin_system:Skipping extension 'colcon_notification.desktop_notification.win32': Not used on non-Windows systems
[6.160s] INFO:colcon.colcon_notification.desktop_notification:Sending desktop notification using 'notify2'
[6.177s] DEBUG:colcon.colcon_core.event_reactor:joined thread
[6.179s] INFO:colcon.colcon_core.shell:Creating prefix script '/home/mobrob/ros2_ws/src/install/local_setup.ps1'
[6.181s] INFO:colcon.colcon_core.shell:Creating prefix util module '/home/mobrob/ros2_ws/src/install/_local_setup_util_ps1.py'
[6.182s] INFO:colcon.colcon_core.shell:Creating prefix chain script '/home/mobrob/ros2_ws/src/install/setup.ps1'
[6.185s] INFO:colcon.colcon_core.shell:Creating prefix script '/home/mobrob/ros2_ws/src/install/local_setup.sh'
[6.185s] INFO:colcon.colcon_core.shell:Creating prefix util module '/home/mobrob/ros2_ws/src/install/_local_setup_util_sh.py'
[6.186s] INFO:colcon.colcon_core.shell:Creating prefix chain script '/home/mobrob/ros2_ws/src/install/setup.sh'
[6.188s] INFO:colcon.colcon_core.shell:Creating prefix script '/home/mobrob/ros2_ws/src/install/local_setup.bash'
[6.189s] INFO:colcon.colcon_core.shell:Creating prefix chain script '/home/mobrob/ros2_ws/src/install/setup.bash'
[6.191s] INFO:colcon.colcon_core.shell:Creating prefix script '/home/mobrob/ros2_ws/src/install/local_setup.zsh'
[6.191s] INFO:colcon.colcon_core.shell:Creating prefix chain script '/home/mobrob/ros2_ws/src/install/setup.zsh'
