[0.615s] Invoking command in '/home/lana/ros2_ws/src/lmilicevic_1': PYTHONPATH=/home/lana/ros2_ws/install/lmilicevic_1/lib/python3.10/site-packages:${PYTHONPATH} /usr/bin/python3 setup.py egg_info --egg-base ../../build/lmilicevic_1 build --build-base /home/lana/ros2_ws/build/lmilicevic_1/build install --prefix /home/lana/ros2_ws/install/lmilicevic_1 --record /home/lana/ros2_ws/build/lmilicevic_1/install.log --single-version-externally-managed
[0.862s] running egg_info
[0.863s] writing ../../build/lmilicevic_1/lmilicevic_1.egg-info/PKG-INFO
[0.866s] writing dependency_links to ../../build/lmilicevic_1/lmilicevic_1.egg-info/dependency_links.txt
[0.875s] writing entry points to ../../build/lmilicevic_1/lmilicevic_1.egg-info/entry_points.txt
[0.875s] writing requirements to ../../build/lmilicevic_1/lmilicevic_1.egg-info/requires.txt
[0.882s] writing top-level names to ../../build/lmilicevic_1/lmilicevic_1.egg-info/top_level.txt
[0.885s] reading manifest file '../../build/lmilicevic_1/lmilicevic_1.egg-info/SOURCES.txt'
[0.886s] writing manifest file '../../build/lmilicevic_1/lmilicevic_1.egg-info/SOURCES.txt'
[0.887s] running build
[0.887s] running build_py
[0.887s] running install
[0.888s] running install_lib
[0.889s] running install_data
[0.890s] copying launch/turtlebot3_gazebo_subscriber.launch.py -> /home/lana/ros2_ws/install/lmilicevic_1/share/lmilicevic_1/launch
[0.890s] running install_egg_info
[0.895s] removing '/home/lana/ros2_ws/install/lmilicevic_1/lib/python3.10/site-packages/lmilicevic_1-0.0.0-py3.10.egg-info' (and everything under it)
[0.895s] Copying ../../build/lmilicevic_1/lmilicevic_1.egg-info to /home/lana/ros2_ws/install/lmilicevic_1/lib/python3.10/site-packages/lmilicevic_1-0.0.0-py3.10.egg-info
[0.901s] running install_scripts
[0.921s] Installing listener script to /home/lana/ros2_ws/install/lmilicevic_1/lib/lmilicevic_1
[0.921s] writing list of installed files to '/home/lana/ros2_ws/build/lmilicevic_1/install.log'
[0.951s] Invoked command in '/home/lana/ros2_ws/src/lmilicevic_1' returned '0': PYTHONPATH=/home/lana/ros2_ws/install/lmilicevic_1/lib/python3.10/site-packages:${PYTHONPATH} /usr/bin/python3 setup.py egg_info --egg-base ../../build/lmilicevic_1 build --build-base /home/lana/ros2_ws/build/lmilicevic_1/build install --prefix /home/lana/ros2_ws/install/lmilicevic_1 --record /home/lana/ros2_ws/build/lmilicevic_1/install.log --single-version-externally-managed
