running egg_info
creating ../../build/lmilicevic_1/lmilicevic_1.egg-info
writing ../../build/lmilicevic_1/lmilicevic_1.egg-info/PKG-INFO
writing dependency_links to ../../build/lmilicevic_1/lmilicevic_1.egg-info/dependency_links.txt
writing entry points to ../../build/lmilicevic_1/lmilicevic_1.egg-info/entry_points.txt
writing requirements to ../../build/lmilicevic_1/lmilicevic_1.egg-info/requires.txt
writing top-level names to ../../build/lmilicevic_1/lmilicevic_1.egg-info/top_level.txt
writing manifest file '../../build/lmilicevic_1/lmilicevic_1.egg-info/SOURCES.txt'
reading manifest file '../../build/lmilicevic_1/lmilicevic_1.egg-info/SOURCES.txt'
writing manifest file '../../build/lmilicevic_1/lmilicevic_1.egg-info/SOURCES.txt'
running build
running build_py
creating /home/lana/ros2_ws/build/lmilicevic_1/build
creating /home/lana/ros2_ws/build/lmilicevic_1/build/lib
creating /home/lana/ros2_ws/build/lmilicevic_1/build/lib/lmilicevic_1
copying lmilicevic_1/subscriber.py -> /home/lana/ros2_ws/build/lmilicevic_1/build/lib/lmilicevic_1
copying lmilicevic_1/__init__.py -> /home/lana/ros2_ws/build/lmilicevic_1/build/lib/lmilicevic_1
running install
running install_lib
creating /home/lana/ros2_ws/install/lmilicevic_1/lib/python3.10/site-packages/lmilicevic_1
copying /home/lana/ros2_ws/build/lmilicevic_1/build/lib/lmilicevic_1/subscriber.py -> /home/lana/ros2_ws/install/lmilicevic_1/lib/python3.10/site-packages/lmilicevic_1
copying /home/lana/ros2_ws/build/lmilicevic_1/build/lib/lmilicevic_1/__init__.py -> /home/lana/ros2_ws/install/lmilicevic_1/lib/python3.10/site-packages/lmilicevic_1
byte-compiling /home/lana/ros2_ws/install/lmilicevic_1/lib/python3.10/site-packages/lmilicevic_1/subscriber.py to subscriber.cpython-310.pyc
byte-compiling /home/lana/ros2_ws/install/lmilicevic_1/lib/python3.10/site-packages/lmilicevic_1/__init__.py to __init__.cpython-310.pyc
running install_data
creating /home/lana/ros2_ws/install/lmilicevic_1/share/ament_index
creating /home/lana/ros2_ws/install/lmilicevic_1/share/ament_index/resource_index
creating /home/lana/ros2_ws/install/lmilicevic_1/share/ament_index/resource_index/packages
copying resource/lmilicevic_1 -> /home/lana/ros2_ws/install/lmilicevic_1/share/ament_index/resource_index/packages
copying package.xml -> /home/lana/ros2_ws/install/lmilicevic_1/share/lmilicevic_1
running install_egg_info
Copying ../../build/lmilicevic_1/lmilicevic_1.egg-info to /home/lana/ros2_ws/install/lmilicevic_1/lib/python3.10/site-packages/lmilicevic_1-0.0.0-py3.10.egg-info
running install_scripts
Installing listener script to /home/lana/ros2_ws/install/lmilicevic_1/lib/lmilicevic_1
writing list of installed files to '/home/lana/ros2_ws/build/lmilicevic_1/install.log'
