[0.321s] DEBUG:colcon:Command line arguments: ['/usr/bin/colcon', 'build']
[0.321s] DEBUG:colcon:Parsed command line arguments: Namespace(log_base=None, log_level=None, verb_name='build', build_base='build', install_base='install', merge_install=False, symlink_install=False, test_result_base=None, continue_on_error=False, executor='parallel', parallel_workers=2, event_handlers=None, ignore_user_meta=False, metas=['./colcon.meta'], base_paths=['.'], packages_ignore=None, packages_ignore_regex=None, paths=None, packages_up_to=None, packages_up_to_regex=None, packages_above=None, packages_above_and_dependencies=None, packages_above_depth=None, packages_select_by_dep=None, packages_skip_by_dep=None, packages_skip_up_to=None, packages_select_build_failed=False, packages_skip_build_finished=False, packages_select_test_failures=False, packages_skip_test_passed=False, packages_select=None, packages_skip=None, packages_select_regex=None, packages_skip_regex=None, packages_start=None, packages_end=None, allow_overriding=[], cmake_args=None, cmake_target=None, cmake_target_skip_unavailable=False, cmake_clean_cache=False, cmake_clean_first=False, cmake_force_configure=False, ament_cmake_args=None, catkin_cmake_args=None, catkin_skip_building_tests=False, mixin_files=None, mixin=None, verb_parser=<colcon_mixin.mixin.mixin_argument.MixinArgumentDecorator object at 0x7fe3c9c41090>, verb_extension=<colcon_core.verb.build.BuildVerb object at 0x7fe3c9c40070>, main=<bound method BuildVerb.main of <colcon_core.verb.build.BuildVerb object at 0x7fe3c9c40070>>, mixin_verb=('build',))
[0.362s] Level 1:colcon.colcon_core.package_discovery:discover_packages(colcon_meta) check parameters
[0.362s] Level 1:colcon.colcon_core.package_discovery:discover_packages(recursive) check parameters
[0.362s] Level 1:colcon.colcon_core.package_discovery:discover_packages(ignore) check parameters
[0.362s] Level 1:colcon.colcon_core.package_discovery:discover_packages(path) check parameters
[0.362s] Level 1:colcon.colcon_core.package_discovery:discover_packages(colcon_meta) discover
[0.362s] Level 1:colcon.colcon_core.package_discovery:discover_packages(recursive) discover
[0.362s] INFO:colcon.colcon_core.package_discovery:Crawling recursively for packages in '/home/mobrob/ros2_ws/src/lmilicevic_3'
[0.363s] Level 1:colcon.colcon_core.package_identification:_identify(.) by extensions ['ignore', 'ignore_ament_install']
[0.363s] Level 1:colcon.colcon_core.package_identification:_identify(.) by extension 'ignore'
[0.363s] Level 1:colcon.colcon_core.package_identification:_identify(.) by extension 'ignore_ament_install'
[0.363s] Level 1:colcon.colcon_core.package_identification:_identify(.) by extensions ['colcon_pkg']
[0.363s] Level 1:colcon.colcon_core.package_identification:_identify(.) by extension 'colcon_pkg'
[0.363s] Level 1:colcon.colcon_core.package_identification:_identify(.) by extensions ['colcon_meta']
[0.363s] Level 1:colcon.colcon_core.package_identification:_identify(.) by extension 'colcon_meta'
[0.363s] Level 1:colcon.colcon_core.package_identification:_identify(.) by extensions ['ros']
[0.363s] Level 1:colcon.colcon_core.package_identification:_identify(.) by extension 'ros'
[0.390s] DEBUG:colcon.colcon_core.package_identification:Package '.' with type 'ros.ament_python' and name 'lmilicevic_3'
[0.390s] Level 1:colcon.colcon_core.package_discovery:discover_packages(recursive) using defaults
[0.390s] Level 1:colcon.colcon_core.package_discovery:discover_packages(ignore) discover
[0.390s] Level 1:colcon.colcon_core.package_discovery:discover_packages(ignore) using defaults
[0.390s] Level 1:colcon.colcon_core.package_discovery:discover_packages(path) discover
[0.390s] Level 1:colcon.colcon_core.package_discovery:discover_packages(path) using defaults
[0.426s] Level 1:colcon.colcon_core.package_discovery:discover_packages(prefix_path) check parameters
[0.426s] Level 1:colcon.colcon_core.package_discovery:discover_packages(prefix_path) discover
[0.433s] DEBUG:colcon.colcon_installed_package_information.package_discovery:Found 5 installed packages in /home/mobrob/ros2_ws/src/install
[0.435s] DEBUG:colcon.colcon_installed_package_information.package_discovery:Found 4 installed packages in /home/mobrob/ros2_ws/install
[0.438s] DEBUG:colcon.colcon_installed_package_information.package_discovery:Found 364 installed packages in /opt/ros/humble
[0.442s] Level 1:colcon.colcon_core.package_discovery:discover_packages(prefix_path) using defaults
[0.537s] Level 5:colcon.colcon_core.verb:set package 'lmilicevic_3' build argument 'cmake_args' from command line to 'None'
[0.538s] Level 5:colcon.colcon_core.verb:set package 'lmilicevic_3' build argument 'cmake_target' from command line to 'None'
[0.538s] Level 5:colcon.colcon_core.verb:set package 'lmilicevic_3' build argument 'cmake_target_skip_unavailable' from command line to 'False'
[0.538s] Level 5:colcon.colcon_core.verb:set package 'lmilicevic_3' build argument 'cmake_clean_cache' from command line to 'False'
[0.538s] Level 5:colcon.colcon_core.verb:set package 'lmilicevic_3' build argument 'cmake_clean_first' from command line to 'False'
[0.538s] Level 5:colcon.colcon_core.verb:set package 'lmilicevic_3' build argument 'cmake_force_configure' from command line to 'False'
[0.538s] Level 5:colcon.colcon_core.verb:set package 'lmilicevic_3' build argument 'ament_cmake_args' from command line to 'None'
[0.538s] Level 5:colcon.colcon_core.verb:set package 'lmilicevic_3' build argument 'catkin_cmake_args' from command line to 'None'
[0.538s] Level 5:colcon.colcon_core.verb:set package 'lmilicevic_3' build argument 'catkin_skip_building_tests' from command line to 'False'
[0.538s] DEBUG:colcon.colcon_core.verb:Building package 'lmilicevic_3' with the following arguments: {'ament_cmake_args': None, 'build_base': '/home/mobrob/ros2_ws/src/lmilicevic_3/build/lmilicevic_3', 'catkin_cmake_args': None, 'catkin_skip_building_tests': False, 'cmake_args': None, 'cmake_clean_cache': False, 'cmake_clean_first': False, 'cmake_force_configure': False, 'cmake_target': None, 'cmake_target_skip_unavailable': False, 'install_base': '/home/mobrob/ros2_ws/src/lmilicevic_3/install/lmilicevic_3', 'merge_install': False, 'path': '/home/mobrob/ros2_ws/src/lmilicevic_3', 'symlink_install': False, 'test_result_base': None}
[0.539s] INFO:colcon.colcon_core.executor:Executing jobs using 'parallel' executor
[0.544s] DEBUG:colcon.colcon_parallel_executor.executor.parallel:run_until_complete
[0.544s] INFO:colcon.colcon_ros.task.ament_python.build:Building ROS package in '/home/mobrob/ros2_ws/src/lmilicevic_3' with build type 'ament_python'
[0.544s] Level 1:colcon.colcon_core.shell:create_environment_hook('lmilicevic_3', 'ament_prefix_path')
[0.554s] INFO:colcon.colcon_core.plugin_system:Skipping extension 'colcon_core.shell.bat': Not used on non-Windows systems
[0.555s] INFO:colcon.colcon_core.shell:Creating environment hook '/home/mobrob/ros2_ws/src/lmilicevic_3/install/lmilicevic_3/share/lmilicevic_3/hook/ament_prefix_path.ps1'
[0.555s] INFO:colcon.colcon_core.shell:Creating environment descriptor '/home/mobrob/ros2_ws/src/lmilicevic_3/install/lmilicevic_3/share/lmilicevic_3/hook/ament_prefix_path.dsv'
[0.556s] INFO:colcon.colcon_core.shell:Creating environment hook '/home/mobrob/ros2_ws/src/lmilicevic_3/install/lmilicevic_3/share/lmilicevic_3/hook/ament_prefix_path.sh'
[0.558s] INFO:colcon.colcon_core.shell:Skip shell extension 'powershell' for command environment: Not usable outside of PowerShell
[0.558s] DEBUG:colcon.colcon_core.shell:Skip shell extension 'dsv' for command environment
[0.983s] INFO:colcon.colcon_core.task.python.build:Building Python package in '/home/mobrob/ros2_ws/src/lmilicevic_3'
[0.985s] INFO:colcon.colcon_core.shell:Skip shell extension 'powershell' for command environment: Not usable outside of PowerShell
[0.985s] DEBUG:colcon.colcon_core.shell:Skip shell extension 'dsv' for command environment
[1.601s] DEBUG:colcon.colcon_core.event_handler.log_command:Invoking command in '/home/mobrob/ros2_ws/src/lmilicevic_3': PYTHONPATH=/home/mobrob/ros2_ws/src/lmilicevic_3/install/lmilicevic_3/lib/python3.10/site-packages:${PYTHONPATH} /usr/bin/python3 setup.py egg_info --egg-base build/lmilicevic_3 build --build-base /home/mobrob/ros2_ws/src/lmilicevic_3/build/lmilicevic_3/build install --prefix /home/mobrob/ros2_ws/src/lmilicevic_3/install/lmilicevic_3 --record /home/mobrob/ros2_ws/src/lmilicevic_3/build/lmilicevic_3/install.log --single-version-externally-managed
[2.079s] DEBUG:colcon.colcon_core.event_handler.log_command:Invoked command in '/home/mobrob/ros2_ws/src/lmilicevic_3' returned '0': PYTHONPATH=/home/mobrob/ros2_ws/src/lmilicevic_3/install/lmilicevic_3/lib/python3.10/site-packages:${PYTHONPATH} /usr/bin/python3 setup.py egg_info --egg-base build/lmilicevic_3 build --build-base /home/mobrob/ros2_ws/src/lmilicevic_3/build/lmilicevic_3/build install --prefix /home/mobrob/ros2_ws/src/lmilicevic_3/install/lmilicevic_3 --record /home/mobrob/ros2_ws/src/lmilicevic_3/build/lmilicevic_3/install.log --single-version-externally-managed
[2.088s] Level 1:colcon.colcon_core.environment:checking '/home/mobrob/ros2_ws/src/lmilicevic_3/install/lmilicevic_3' for CMake module files
[2.088s] Level 1:colcon.colcon_core.environment:checking '/home/mobrob/ros2_ws/src/lmilicevic_3/install/lmilicevic_3' for CMake config files
[2.089s] Level 1:colcon.colcon_core.environment:checking '/home/mobrob/ros2_ws/src/lmilicevic_3/install/lmilicevic_3/lib'
[2.089s] Level 1:colcon.colcon_core.environment:checking '/home/mobrob/ros2_ws/src/lmilicevic_3/install/lmilicevic_3/bin'
[2.089s] Level 1:colcon.colcon_core.environment:checking '/home/mobrob/ros2_ws/src/lmilicevic_3/install/lmilicevic_3/lib/pkgconfig/lmilicevic_3.pc'
[2.090s] Level 1:colcon.colcon_core.environment:checking '/home/mobrob/ros2_ws/src/lmilicevic_3/install/lmilicevic_3/lib/python3.10/site-packages'
[2.090s] Level 1:colcon.colcon_core.shell:create_environment_hook('lmilicevic_3', 'pythonpath')
[2.091s] INFO:colcon.colcon_core.shell:Creating environment hook '/home/mobrob/ros2_ws/src/lmilicevic_3/install/lmilicevic_3/share/lmilicevic_3/hook/pythonpath.ps1'
[2.092s] INFO:colcon.colcon_core.shell:Creating environment descriptor '/home/mobrob/ros2_ws/src/lmilicevic_3/install/lmilicevic_3/share/lmilicevic_3/hook/pythonpath.dsv'
[2.092s] INFO:colcon.colcon_core.shell:Creating environment hook '/home/mobrob/ros2_ws/src/lmilicevic_3/install/lmilicevic_3/share/lmilicevic_3/hook/pythonpath.sh'
[2.093s] Level 1:colcon.colcon_core.environment:checking '/home/mobrob/ros2_ws/src/lmilicevic_3/install/lmilicevic_3/bin'
[2.093s] Level 1:colcon.colcon_core.environment:create_environment_scripts_only(lmilicevic_3)
[2.095s] INFO:colcon.colcon_core.shell:Creating package script '/home/mobrob/ros2_ws/src/lmilicevic_3/install/lmilicevic_3/share/lmilicevic_3/package.ps1'
[2.096s] INFO:colcon.colcon_core.shell:Creating package descriptor '/home/mobrob/ros2_ws/src/lmilicevic_3/install/lmilicevic_3/share/lmilicevic_3/package.dsv'
[2.097s] INFO:colcon.colcon_core.shell:Creating package script '/home/mobrob/ros2_ws/src/lmilicevic_3/install/lmilicevic_3/share/lmilicevic_3/package.sh'
[2.098s] INFO:colcon.colcon_core.shell:Creating package script '/home/mobrob/ros2_ws/src/lmilicevic_3/install/lmilicevic_3/share/lmilicevic_3/package.bash'
[2.099s] INFO:colcon.colcon_core.shell:Creating package script '/home/mobrob/ros2_ws/src/lmilicevic_3/install/lmilicevic_3/share/lmilicevic_3/package.zsh'
[2.100s] Level 1:colcon.colcon_core.environment:create_file_with_runtime_dependencies(/home/mobrob/ros2_ws/src/lmilicevic_3/install/lmilicevic_3/share/colcon-core/packages/lmilicevic_3)
[2.100s] DEBUG:colcon.colcon_parallel_executor.executor.parallel:closing loop
[2.100s] DEBUG:colcon.colcon_parallel_executor.executor.parallel:loop closed
[2.100s] DEBUG:colcon.colcon_parallel_executor.executor.parallel:run_until_complete finished with '0'
[2.101s] DEBUG:colcon.colcon_core.event_reactor:joining thread
[2.113s] INFO:colcon.colcon_core.plugin_system:Skipping extension 'colcon_notification.desktop_notification.terminal_notifier': Not used on non-Darwin systems
[2.113s] INFO:colcon.colcon_core.plugin_system:Skipping extension 'colcon_notification.desktop_notification.win32': Not used on non-Windows systems
[2.113s] INFO:colcon.colcon_notification.desktop_notification:Sending desktop notification using 'notify2'
[2.132s] DEBUG:colcon.colcon_core.event_reactor:joined thread
[2.134s] INFO:colcon.colcon_core.shell:Creating prefix script '/home/mobrob/ros2_ws/src/lmilicevic_3/install/local_setup.ps1'
[2.135s] INFO:colcon.colcon_core.shell:Creating prefix util module '/home/mobrob/ros2_ws/src/lmilicevic_3/install/_local_setup_util_ps1.py'
[2.137s] INFO:colcon.colcon_core.shell:Creating prefix chain script '/home/mobrob/ros2_ws/src/lmilicevic_3/install/setup.ps1'
[2.139s] INFO:colcon.colcon_core.shell:Creating prefix script '/home/mobrob/ros2_ws/src/lmilicevic_3/install/local_setup.sh'
[2.140s] INFO:colcon.colcon_core.shell:Creating prefix util module '/home/mobrob/ros2_ws/src/lmilicevic_3/install/_local_setup_util_sh.py'
[2.141s] INFO:colcon.colcon_core.shell:Creating prefix chain script '/home/mobrob/ros2_ws/src/lmilicevic_3/install/setup.sh'
[2.143s] INFO:colcon.colcon_core.shell:Creating prefix script '/home/mobrob/ros2_ws/src/lmilicevic_3/install/local_setup.bash'
[2.143s] INFO:colcon.colcon_core.shell:Creating prefix chain script '/home/mobrob/ros2_ws/src/lmilicevic_3/install/setup.bash'
[2.146s] INFO:colcon.colcon_core.shell:Creating prefix script '/home/mobrob/ros2_ws/src/lmilicevic_3/install/local_setup.zsh'
[2.146s] INFO:colcon.colcon_core.shell:Creating prefix chain script '/home/mobrob/ros2_ws/src/lmilicevic_3/install/setup.zsh'
