[2.414s] Invoking command in '/home/lana/ros2_ws/src/lmilicevic_1': PYTHONPATH=/home/lana/ros2_ws/install/lmilicevic_1/lib/python3.10/site-packages:${PYTHONPATH} /usr/bin/python3 setup.py egg_info --egg-base ../../build/lmilicevic_1 build --build-base /home/lana/ros2_ws/build/lmilicevic_1/build install --prefix /home/lana/ros2_ws/install/lmilicevic_1 --record /home/lana/ros2_ws/build/lmilicevic_1/install.log --single-version-externally-managed
[3.107s] running egg_info
[3.114s] writing ../../build/lmilicevic_1/lmilicevic_1.egg-info/PKG-INFO
[3.164s] writing dependency_links to ../../build/lmilicevic_1/lmilicevic_1.egg-info/dependency_links.txt
[3.167s] writing entry points to ../../build/lmilicevic_1/lmilicevic_1.egg-info/entry_points.txt
[3.169s] writing requirements to ../../build/lmilicevic_1/lmilicevic_1.egg-info/requires.txt
[3.172s] writing top-level names to ../../build/lmilicevic_1/lmilicevic_1.egg-info/top_level.txt
[3.178s] reading manifest file '../../build/lmilicevic_1/lmilicevic_1.egg-info/SOURCES.txt'
[3.184s] writing manifest file '../../build/lmilicevic_1/lmilicevic_1.egg-info/SOURCES.txt'
[3.186s] running build
[3.186s] running build_py
[3.194s] copying lmilicevic_1/subscriber.py -> /home/lana/ros2_ws/build/lmilicevic_1/build/lib/lmilicevic_1
[3.195s] running install
[3.196s] running install_lib
[3.200s] copying /home/lana/ros2_ws/build/lmilicevic_1/build/lib/lmilicevic_1/subscriber.py -> /home/lana/ros2_ws/install/lmilicevic_1/lib/python3.10/site-packages/lmilicevic_1
[3.207s] byte-compiling /home/lana/ros2_ws/install/lmilicevic_1/lib/python3.10/site-packages/lmilicevic_1/subscriber.py to subscriber.cpython-310.pyc
[3.210s] Sorry: TabError: inconsistent use of tabs and spaces in indentation (subscriber.py, line 58)
[3.210s] running install_data
[3.214s] copying package.xml -> /home/lana/ros2_ws/install/lmilicevic_1/share/lmilicevic_1
[3.220s] running install_egg_info
[3.228s] removing '/home/lana/ros2_ws/install/lmilicevic_1/lib/python3.10/site-packages/lmilicevic_1-0.0.0-py3.10.egg-info' (and everything under it)
[3.230s] Copying ../../build/lmilicevic_1/lmilicevic_1.egg-info to /home/lana/ros2_ws/install/lmilicevic_1/lib/python3.10/site-packages/lmilicevic_1-0.0.0-py3.10.egg-info
[3.244s] running install_scripts
[3.289s] Installing listener script to /home/lana/ros2_ws/install/lmilicevic_1/lib/lmilicevic_1
[3.296s] writing list of installed files to '/home/lana/ros2_ws/build/lmilicevic_1/install.log'
[3.351s] Invoked command in '/home/lana/ros2_ws/src/lmilicevic_1' returned '0': PYTHONPATH=/home/lana/ros2_ws/install/lmilicevic_1/lib/python3.10/site-packages:${PYTHONPATH} /usr/bin/python3 setup.py egg_info --egg-base ../../build/lmilicevic_1 build --build-base /home/lana/ros2_ws/build/lmilicevic_1/build install --prefix /home/lana/ros2_ws/install/lmilicevic_1 --record /home/lana/ros2_ws/build/lmilicevic_1/install.log --single-version-externally-managed
