[1.794s] DEBUG:colcon:Command line arguments: ['/usr/bin/colcon', 'build']
[1.794s] DEBUG:colcon:Parsed command line arguments: Namespace(log_base=None, log_level=None, verb_name='build', build_base='build', install_base='install', merge_install=False, symlink_install=False, test_result_base=None, continue_on_error=False, executor='parallel', parallel_workers=2, event_handlers=None, ignore_user_meta=False, metas=['./colcon.meta'], base_paths=['.'], packages_ignore=None, packages_ignore_regex=None, paths=None, packages_up_to=None, packages_up_to_regex=None, packages_above=None, packages_above_and_dependencies=None, packages_above_depth=None, packages_select_by_dep=None, packages_skip_by_dep=None, packages_skip_up_to=None, packages_select_build_failed=False, packages_skip_build_finished=False, packages_select_test_failures=False, packages_skip_test_passed=False, packages_select=None, packages_skip=None, packages_select_regex=None, packages_skip_regex=None, packages_start=None, packages_end=None, allow_overriding=[], cmake_args=None, cmake_target=None, cmake_target_skip_unavailable=False, cmake_clean_cache=False, cmake_clean_first=False, cmake_force_configure=False, ament_cmake_args=None, catkin_cmake_args=None, catkin_skip_building_tests=False, verb_parser=<colcon_defaults.argument_parser.defaults.DefaultArgumentsDecorator object at 0x7fabf3cf1cf0>, verb_extension=<colcon_core.verb.build.BuildVerb object at 0x7fabf3cf1780>, main=<bound method BuildVerb.main of <colcon_core.verb.build.BuildVerb object at 0x7fabf3cf1780>>)
[2.143s] Level 1:colcon.colcon_core.package_discovery:discover_packages(colcon_meta) check parameters
[2.143s] Level 1:colcon.colcon_core.package_discovery:discover_packages(recursive) check parameters
[2.143s] Level 1:colcon.colcon_core.package_discovery:discover_packages(ignore) check parameters
[2.143s] Level 1:colcon.colcon_core.package_discovery:discover_packages(path) check parameters
[2.143s] Level 1:colcon.colcon_core.package_discovery:discover_packages(colcon_meta) discover
[2.144s] Level 1:colcon.colcon_core.package_discovery:discover_packages(recursive) discover
[2.144s] INFO:colcon.colcon_core.package_discovery:Crawling recursively for packages in '/home/lana/ros2_ws'
[2.145s] Level 1:colcon.colcon_core.package_identification:_identify(.) by extensions ['ignore', 'ignore_ament_install']
[2.145s] Level 1:colcon.colcon_core.package_identification:_identify(.) by extension 'ignore'
[2.145s] Level 1:colcon.colcon_core.package_identification:_identify(.) by extension 'ignore_ament_install'
[2.145s] Level 1:colcon.colcon_core.package_identification:_identify(.) by extensions ['colcon_pkg']
[2.145s] Level 1:colcon.colcon_core.package_identification:_identify(.) by extension 'colcon_pkg'
[2.146s] Level 1:colcon.colcon_core.package_identification:_identify(.) by extensions ['colcon_meta']
[2.146s] Level 1:colcon.colcon_core.package_identification:_identify(.) by extension 'colcon_meta'
[2.146s] Level 1:colcon.colcon_core.package_identification:_identify(.) by extensions ['ros']
[2.146s] Level 1:colcon.colcon_core.package_identification:_identify(.) by extension 'ros'
[2.214s] Level 1:colcon.colcon_core.package_identification:_identify(.) by extensions ['cmake', 'python']
[2.215s] Level 1:colcon.colcon_core.package_identification:_identify(.) by extension 'cmake'
[2.215s] Level 1:colcon.colcon_core.package_identification:_identify(.) by extension 'python'
[2.215s] Level 1:colcon.colcon_core.package_identification:_identify(.) by extensions ['python_setup_py']
[2.215s] Level 1:colcon.colcon_core.package_identification:_identify(.) by extension 'python_setup_py'
[2.215s] Level 1:colcon.colcon_core.package_identification:_identify(build) by extensions ['ignore', 'ignore_ament_install']
[2.216s] Level 1:colcon.colcon_core.package_identification:_identify(build) by extension 'ignore'
[2.216s] Level 1:colcon.colcon_core.package_identification:_identify(build) ignored
[2.216s] Level 1:colcon.colcon_core.package_identification:_identify(install) by extensions ['ignore', 'ignore_ament_install']
[2.216s] Level 1:colcon.colcon_core.package_identification:_identify(install) by extension 'ignore'
[2.217s] Level 1:colcon.colcon_core.package_identification:_identify(install) ignored
[2.217s] Level 1:colcon.colcon_core.package_identification:_identify(log) by extensions ['ignore', 'ignore_ament_install']
[2.217s] Level 1:colcon.colcon_core.package_identification:_identify(log) by extension 'ignore'
[2.217s] Level 1:colcon.colcon_core.package_identification:_identify(log) ignored
[2.218s] Level 1:colcon.colcon_core.package_identification:_identify(src) by extensions ['ignore', 'ignore_ament_install']
[2.218s] Level 1:colcon.colcon_core.package_identification:_identify(src) by extension 'ignore'
[2.218s] Level 1:colcon.colcon_core.package_identification:_identify(src) by extension 'ignore_ament_install'
[2.218s] Level 1:colcon.colcon_core.package_identification:_identify(src) by extensions ['colcon_pkg']
[2.218s] Level 1:colcon.colcon_core.package_identification:_identify(src) by extension 'colcon_pkg'
[2.219s] Level 1:colcon.colcon_core.package_identification:_identify(src) by extensions ['colcon_meta']
[2.219s] Level 1:colcon.colcon_core.package_identification:_identify(src) by extension 'colcon_meta'
[2.219s] Level 1:colcon.colcon_core.package_identification:_identify(src) by extensions ['ros']
[2.219s] Level 1:colcon.colcon_core.package_identification:_identify(src) by extension 'ros'
[2.219s] Level 1:colcon.colcon_core.package_identification:_identify(src) by extensions ['cmake', 'python']
[2.219s] Level 1:colcon.colcon_core.package_identification:_identify(src) by extension 'cmake'
[2.220s] Level 1:colcon.colcon_core.package_identification:_identify(src) by extension 'python'
[2.220s] Level 1:colcon.colcon_core.package_identification:_identify(src) by extensions ['python_setup_py']
[2.220s] Level 1:colcon.colcon_core.package_identification:_identify(src) by extension 'python_setup_py'
[2.220s] Level 1:colcon.colcon_core.package_identification:_identify(src/build) by extensions ['ignore', 'ignore_ament_install']
[2.220s] Level 1:colcon.colcon_core.package_identification:_identify(src/build) by extension 'ignore'
[2.220s] Level 1:colcon.colcon_core.package_identification:_identify(src/build) ignored
[2.221s] Level 1:colcon.colcon_core.package_identification:_identify(src/install) by extensions ['ignore', 'ignore_ament_install']
[2.221s] Level 1:colcon.colcon_core.package_identification:_identify(src/install) by extension 'ignore'
[2.221s] Level 1:colcon.colcon_core.package_identification:_identify(src/install) ignored
[2.222s] Level 1:colcon.colcon_core.package_identification:_identify(src/lmilicevic_1) by extensions ['ignore', 'ignore_ament_install']
[2.222s] Level 1:colcon.colcon_core.package_identification:_identify(src/lmilicevic_1) by extension 'ignore'
[2.222s] Level 1:colcon.colcon_core.package_identification:_identify(src/lmilicevic_1) by extension 'ignore_ament_install'
[2.222s] Level 1:colcon.colcon_core.package_identification:_identify(src/lmilicevic_1) by extensions ['colcon_pkg']
[2.222s] Level 1:colcon.colcon_core.package_identification:_identify(src/lmilicevic_1) by extension 'colcon_pkg'
[2.222s] Level 1:colcon.colcon_core.package_identification:_identify(src/lmilicevic_1) by extensions ['colcon_meta']
[2.222s] Level 1:colcon.colcon_core.package_identification:_identify(src/lmilicevic_1) by extension 'colcon_meta'
[2.223s] Level 1:colcon.colcon_core.package_identification:_identify(src/lmilicevic_1) by extensions ['ros']
[2.223s] Level 1:colcon.colcon_core.package_identification:_identify(src/lmilicevic_1) by extension 'ros'
[2.242s] DEBUG:colcon.colcon_core.package_identification:Package 'src/lmilicevic_1' with type 'ros.ament_python' and name 'lmilicevic_1'
[2.242s] Level 1:colcon.colcon_core.package_identification:_identify(src/log) by extensions ['ignore', 'ignore_ament_install']
[2.243s] Level 1:colcon.colcon_core.package_identification:_identify(src/log) by extension 'ignore'
[2.243s] Level 1:colcon.colcon_core.package_identification:_identify(src/log) ignored
[2.243s] Level 1:colcon.colcon_core.package_discovery:discover_packages(recursive) using defaults
[2.243s] Level 1:colcon.colcon_core.package_discovery:discover_packages(ignore) discover
[2.243s] Level 1:colcon.colcon_core.package_discovery:discover_packages(ignore) using defaults
[2.243s] Level 1:colcon.colcon_core.package_discovery:discover_packages(path) discover
[2.244s] Level 1:colcon.colcon_core.package_discovery:discover_packages(path) using defaults
[2.445s] Level 1:colcon.colcon_core.package_discovery:discover_packages(prefix_path) check parameters
[2.445s] Level 1:colcon.colcon_core.package_discovery:discover_packages(prefix_path) discover
[2.470s] DEBUG:colcon.colcon_installed_package_information.package_discovery:Found 1 installed packages in /home/lana/ros2_ws/install
[2.477s] DEBUG:colcon.colcon_installed_package_information.package_discovery:Found 364 installed packages in /opt/ros/humble
[2.489s] Level 1:colcon.colcon_core.package_discovery:discover_packages(prefix_path) using defaults
[2.744s] Level 5:colcon.colcon_core.verb:set package 'lmilicevic_1' build argument 'cmake_args' from command line to 'None'
[2.744s] Level 5:colcon.colcon_core.verb:set package 'lmilicevic_1' build argument 'cmake_target' from command line to 'None'
[2.744s] Level 5:colcon.colcon_core.verb:set package 'lmilicevic_1' build argument 'cmake_target_skip_unavailable' from command line to 'False'
[2.744s] Level 5:colcon.colcon_core.verb:set package 'lmilicevic_1' build argument 'cmake_clean_cache' from command line to 'False'
[2.744s] Level 5:colcon.colcon_core.verb:set package 'lmilicevic_1' build argument 'cmake_clean_first' from command line to 'False'
[2.744s] Level 5:colcon.colcon_core.verb:set package 'lmilicevic_1' build argument 'cmake_force_configure' from command line to 'False'
[2.744s] Level 5:colcon.colcon_core.verb:set package 'lmilicevic_1' build argument 'ament_cmake_args' from command line to 'None'
[2.744s] Level 5:colcon.colcon_core.verb:set package 'lmilicevic_1' build argument 'catkin_cmake_args' from command line to 'None'
[2.744s] Level 5:colcon.colcon_core.verb:set package 'lmilicevic_1' build argument 'catkin_skip_building_tests' from command line to 'False'
[2.744s] DEBUG:colcon.colcon_core.verb:Building package 'lmilicevic_1' with the following arguments: {'ament_cmake_args': None, 'build_base': '/home/lana/ros2_ws/build/lmilicevic_1', 'catkin_cmake_args': None, 'catkin_skip_building_tests': False, 'cmake_args': None, 'cmake_clean_cache': False, 'cmake_clean_first': False, 'cmake_force_configure': False, 'cmake_target': None, 'cmake_target_skip_unavailable': False, 'install_base': '/home/lana/ros2_ws/install/lmilicevic_1', 'merge_install': False, 'path': '/home/lana/ros2_ws/src/lmilicevic_1', 'symlink_install': False, 'test_result_base': None}
[2.746s] INFO:colcon.colcon_core.executor:Executing jobs using 'parallel' executor
[2.754s] DEBUG:colcon.colcon_parallel_executor.executor.parallel:run_until_complete
[2.754s] INFO:colcon.colcon_ros.task.ament_python.build:Building ROS package in '/home/lana/ros2_ws/src/lmilicevic_1' with build type 'ament_python'
[2.754s] Level 1:colcon.colcon_core.shell:create_environment_hook('lmilicevic_1', 'ament_prefix_path')
[2.883s] INFO:colcon.colcon_core.plugin_system:Skipping extension 'colcon_core.shell.bat': Not used on non-Windows systems
[2.884s] INFO:colcon.colcon_core.shell:Creating environment hook '/home/lana/ros2_ws/install/lmilicevic_1/share/lmilicevic_1/hook/ament_prefix_path.ps1'
[2.888s] INFO:colcon.colcon_core.shell:Creating environment descriptor '/home/lana/ros2_ws/install/lmilicevic_1/share/lmilicevic_1/hook/ament_prefix_path.dsv'
[2.891s] INFO:colcon.colcon_core.shell:Creating environment hook '/home/lana/ros2_ws/install/lmilicevic_1/share/lmilicevic_1/hook/ament_prefix_path.sh'
[2.899s] INFO:colcon.colcon_core.shell:Skip shell extension 'powershell' for command environment: Not usable outside of PowerShell
[2.899s] DEBUG:colcon.colcon_core.shell:Skip shell extension 'dsv' for command environment
[3.406s] INFO:colcon.colcon_core.task.python.build:Building Python package in '/home/lana/ros2_ws/src/lmilicevic_1'
[3.408s] INFO:colcon.colcon_core.shell:Skip shell extension 'powershell' for command environment: Not usable outside of PowerShell
[3.409s] DEBUG:colcon.colcon_core.shell:Skip shell extension 'dsv' for command environment
[5.170s] DEBUG:colcon.colcon_core.event_handler.log_command:Invoking command in '/home/lana/ros2_ws/src/lmilicevic_1': PYTHONPATH=/home/lana/ros2_ws/install/lmilicevic_1/lib/python3.10/site-packages:${PYTHONPATH} /usr/bin/python3 setup.py egg_info --egg-base ../../build/lmilicevic_1 build --build-base /home/lana/ros2_ws/build/lmilicevic_1/build install --prefix /home/lana/ros2_ws/install/lmilicevic_1 --record /home/lana/ros2_ws/build/lmilicevic_1/install.log --single-version-externally-managed
[6.106s] DEBUG:colcon.colcon_core.event_handler.log_command:Invoked command in '/home/lana/ros2_ws/src/lmilicevic_1' returned '0': PYTHONPATH=/home/lana/ros2_ws/install/lmilicevic_1/lib/python3.10/site-packages:${PYTHONPATH} /usr/bin/python3 setup.py egg_info --egg-base ../../build/lmilicevic_1 build --build-base /home/lana/ros2_ws/build/lmilicevic_1/build install --prefix /home/lana/ros2_ws/install/lmilicevic_1 --record /home/lana/ros2_ws/build/lmilicevic_1/install.log --single-version-externally-managed
[6.149s] Level 1:colcon.colcon_core.environment:checking '/home/lana/ros2_ws/install/lmilicevic_1' for CMake module files
[6.150s] Level 1:colcon.colcon_core.environment:checking '/home/lana/ros2_ws/install/lmilicevic_1' for CMake config files
[6.153s] Level 1:colcon.colcon_core.environment:checking '/home/lana/ros2_ws/install/lmilicevic_1/lib'
[6.154s] Level 1:colcon.colcon_core.environment:checking '/home/lana/ros2_ws/install/lmilicevic_1/bin'
[6.154s] Level 1:colcon.colcon_core.environment:checking '/home/lana/ros2_ws/install/lmilicevic_1/lib/pkgconfig/lmilicevic_1.pc'
[6.154s] Level 1:colcon.colcon_core.environment:checking '/home/lana/ros2_ws/install/lmilicevic_1/lib/python3.10/site-packages'
[6.154s] Level 1:colcon.colcon_core.shell:create_environment_hook('lmilicevic_1', 'pythonpath')
[6.158s] INFO:colcon.colcon_core.shell:Creating environment hook '/home/lana/ros2_ws/install/lmilicevic_1/share/lmilicevic_1/hook/pythonpath.ps1'
[6.160s] INFO:colcon.colcon_core.shell:Creating environment descriptor '/home/lana/ros2_ws/install/lmilicevic_1/share/lmilicevic_1/hook/pythonpath.dsv'
[6.161s] INFO:colcon.colcon_core.shell:Creating environment hook '/home/lana/ros2_ws/install/lmilicevic_1/share/lmilicevic_1/hook/pythonpath.sh'
[6.164s] Level 1:colcon.colcon_core.environment:checking '/home/lana/ros2_ws/install/lmilicevic_1/bin'
[6.164s] Level 1:colcon.colcon_core.environment:create_environment_scripts_only(lmilicevic_1)
[6.168s] INFO:colcon.colcon_core.shell:Creating package script '/home/lana/ros2_ws/install/lmilicevic_1/share/lmilicevic_1/package.ps1'
[6.174s] INFO:colcon.colcon_core.shell:Creating package descriptor '/home/lana/ros2_ws/install/lmilicevic_1/share/lmilicevic_1/package.dsv'
[6.179s] INFO:colcon.colcon_core.shell:Creating package script '/home/lana/ros2_ws/install/lmilicevic_1/share/lmilicevic_1/package.sh'
[6.184s] INFO:colcon.colcon_core.shell:Creating package script '/home/lana/ros2_ws/install/lmilicevic_1/share/lmilicevic_1/package.bash'
[6.193s] INFO:colcon.colcon_core.shell:Creating package script '/home/lana/ros2_ws/install/lmilicevic_1/share/lmilicevic_1/package.zsh'
[6.200s] Level 1:colcon.colcon_core.environment:create_file_with_runtime_dependencies(/home/lana/ros2_ws/install/lmilicevic_1/share/colcon-core/packages/lmilicevic_1)
[6.204s] DEBUG:colcon.colcon_parallel_executor.executor.parallel:closing loop
[6.204s] DEBUG:colcon.colcon_parallel_executor.executor.parallel:loop closed
[6.205s] DEBUG:colcon.colcon_parallel_executor.executor.parallel:run_until_complete finished with '0'
[6.205s] DEBUG:colcon.colcon_core.event_reactor:joining thread
[6.298s] INFO:colcon.colcon_core.plugin_system:Skipping extension 'colcon_notification.desktop_notification.terminal_notifier': Not used on non-Darwin systems
[6.298s] INFO:colcon.colcon_core.plugin_system:Skipping extension 'colcon_notification.desktop_notification.win32': Not used on non-Windows systems
[6.299s] INFO:colcon.colcon_notification.desktop_notification:Sending desktop notification using 'notify2'
[6.408s] DEBUG:colcon.colcon_core.event_reactor:joined thread
[6.411s] INFO:colcon.colcon_core.shell:Creating prefix script '/home/lana/ros2_ws/install/local_setup.ps1'
[6.418s] INFO:colcon.colcon_core.shell:Creating prefix util module '/home/lana/ros2_ws/install/_local_setup_util_ps1.py'
[6.431s] INFO:colcon.colcon_core.shell:Creating prefix chain script '/home/lana/ros2_ws/install/setup.ps1'
[6.438s] INFO:colcon.colcon_core.shell:Creating prefix script '/home/lana/ros2_ws/install/local_setup.sh'
[6.442s] INFO:colcon.colcon_core.shell:Creating prefix util module '/home/lana/ros2_ws/install/_local_setup_util_sh.py'
[6.445s] INFO:colcon.colcon_core.shell:Creating prefix chain script '/home/lana/ros2_ws/install/setup.sh'
[6.456s] INFO:colcon.colcon_core.shell:Creating prefix script '/home/lana/ros2_ws/install/local_setup.bash'
[6.461s] INFO:colcon.colcon_core.shell:Creating prefix chain script '/home/lana/ros2_ws/install/setup.bash'
[6.467s] INFO:colcon.colcon_core.shell:Creating prefix script '/home/lana/ros2_ws/install/local_setup.zsh'
[6.472s] INFO:colcon.colcon_core.shell:Creating prefix chain script '/home/lana/ros2_ws/install/setup.zsh'
