/home/mobrob/ros2_ws/src/install/trackme/lib/python3.10/site-packages/trackme/__init__.py
/home/mobrob/ros2_ws/src/install/trackme/lib/python3.10/site-packages/trackme/trackme.py
/home/mobrob/ros2_ws/src/install/trackme/lib/python3.10/site-packages/trackme/__pycache__/__init__.cpython-310.pyc
/home/mobrob/ros2_ws/src/install/trackme/lib/python3.10/site-packages/trackme/__pycache__/trackme.cpython-310.pyc
/home/mobrob/ros2_ws/src/install/trackme/share/ament_index/resource_index/packages/trackme
/home/mobrob/ros2_ws/src/install/trackme/share/trackme/package.xml
/home/mobrob/ros2_ws/src/install/trackme/share/trackme/worlds/empty_world.world
/home/mobrob/ros2_ws/src/install/trackme/share/trackme/models/bb-9.urdf
/home/mobrob/ros2_ws/src/install/trackme/share/trackme/models/tb3_burger_camera.urdf
/home/mobrob/ros2_ws/src/install/trackme/share/trackme/models
/home/mobrob/ros2_ws/src/install/trackme/share/trackme/rviz/trackme.rviz
/home/mobrob/ros2_ws/src/install/trackme/share/trackme/launch/trackme.launch.py
/home/mobrob/ros2_ws/src/install/trackme/lib/python3.10/site-packages/trackme-1.0.0-py3.10.egg-info/dependency_links.txt
/home/mobrob/ros2_ws/src/install/trackme/lib/python3.10/site-packages/trackme-1.0.0-py3.10.egg-info/PKG-INFO
/home/mobrob/ros2_ws/src/install/trackme/lib/python3.10/site-packages/trackme-1.0.0-py3.10.egg-info/zip-safe
/home/mobrob/ros2_ws/src/install/trackme/lib/python3.10/site-packages/trackme-1.0.0-py3.10.egg-info/SOURCES.txt
/home/mobrob/ros2_ws/src/install/trackme/lib/python3.10/site-packages/trackme-1.0.0-py3.10.egg-info/requires.txt
/home/mobrob/ros2_ws/src/install/trackme/lib/python3.10/site-packages/trackme-1.0.0-py3.10.egg-info/entry_points.txt
/home/mobrob/ros2_ws/src/install/trackme/lib/python3.10/site-packages/trackme-1.0.0-py3.10.egg-info/top_level.txt
/home/mobrob/ros2_ws/src/install/trackme/lib/trackme/trackme
