[1.454s] Invoking command in '/home/lana/ros2_ws/src/lmilicevic_1': PYTHONPATH=/home/lana/ros2_ws/install/lmilicevic_1/lib/python3.10/site-packages:${PYTHONPATH} /usr/bin/python3 setup.py egg_info --egg-base ../../build/lmilicevic_1 build --build-base /home/lana/ros2_ws/build/lmilicevic_1/build install --prefix /home/lana/ros2_ws/install/lmilicevic_1 --record /home/lana/ros2_ws/build/lmilicevic_1/install.log --single-version-externally-managed
[1.888s] running egg_info
[1.903s] writing ../../build/lmilicevic_1/lmilicevic_1.egg-info/PKG-INFO
[1.911s] writing dependency_links to ../../build/lmilicevic_1/lmilicevic_1.egg-info/dependency_links.txt
[1.919s] writing entry points to ../../build/lmilicevic_1/lmilicevic_1.egg-info/entry_points.txt
[1.919s] writing requirements to ../../build/lmilicevic_1/lmilicevic_1.egg-info/requires.txt
[1.920s] writing top-level names to ../../build/lmilicevic_1/lmilicevic_1.egg-info/top_level.txt
[1.939s] reading manifest file '../../build/lmilicevic_1/lmilicevic_1.egg-info/SOURCES.txt'
[1.943s] writing manifest file '../../build/lmilicevic_1/lmilicevic_1.egg-info/SOURCES.txt'
[1.945s] running build
[1.945s] running build_py
[1.947s] copying lmilicevic_1/subscriber.py -> /home/lana/ros2_ws/build/lmilicevic_1/build/lib/lmilicevic_1
[1.951s] running install
[1.953s] running install_lib
[1.957s] copying /home/lana/ros2_ws/build/lmilicevic_1/build/lib/lmilicevic_1/subscriber.py -> /home/lana/ros2_ws/install/lmilicevic_1/lib/python3.10/site-packages/lmilicevic_1
[1.965s] byte-compiling /home/lana/ros2_ws/install/lmilicevic_1/lib/python3.10/site-packages/lmilicevic_1/subscriber.py to subscriber.cpython-310.pyc
[1.967s] Sorry: TabError: inconsistent use of tabs and spaces in indentation (subscriber.py, line 77)
[1.967s] running install_data
[1.969s] running install_egg_info
[1.974s] removing '/home/lana/ros2_ws/install/lmilicevic_1/lib/python3.10/site-packages/lmilicevic_1-0.0.0-py3.10.egg-info' (and everything under it)
[1.975s] Copying ../../build/lmilicevic_1/lmilicevic_1.egg-info to /home/lana/ros2_ws/install/lmilicevic_1/lib/python3.10/site-packages/lmilicevic_1-0.0.0-py3.10.egg-info
[1.977s] running install_scripts
[2.095s] Installing listener script to /home/lana/ros2_ws/install/lmilicevic_1/lib/lmilicevic_1
[2.095s] writing list of installed files to '/home/lana/ros2_ws/build/lmilicevic_1/install.log'
[2.149s] Invoked command in '/home/lana/ros2_ws/src/lmilicevic_1' returned '0': PYTHONPATH=/home/lana/ros2_ws/install/lmilicevic_1/lib/python3.10/site-packages:${PYTHONPATH} /usr/bin/python3 setup.py egg_info --egg-base ../../build/lmilicevic_1 build --build-base /home/lana/ros2_ws/build/lmilicevic_1/build install --prefix /home/lana/ros2_ws/install/lmilicevic_1 --record /home/lana/ros2_ws/build/lmilicevic_1/install.log --single-version-externally-managed
