[0.759s] Invoking command in '/home/lana/ros2_ws/src/lmilicevic_1': PYTHONPATH=/home/lana/ros2_ws/install/lmilicevic_1/lib/python3.10/site-packages:${PYTHONPATH} /usr/bin/python3 setup.py egg_info --egg-base ../../build/lmilicevic_1 build --build-base /home/lana/ros2_ws/build/lmilicevic_1/build install --prefix /home/lana/ros2_ws/install/lmilicevic_1 --record /home/lana/ros2_ws/build/lmilicevic_1/install.log --single-version-externally-managed
[1.000s] running egg_info
[1.001s] writing ../../build/lmilicevic_1/lmilicevic_1.egg-info/PKG-INFO
[1.002s] writing dependency_links to ../../build/lmilicevic_1/lmilicevic_1.egg-info/dependency_links.txt
[1.002s] writing entry points to ../../build/lmilicevic_1/lmilicevic_1.egg-info/entry_points.txt
[1.003s] writing requirements to ../../build/lmilicevic_1/lmilicevic_1.egg-info/requires.txt
[1.006s] writing top-level names to ../../build/lmilicevic_1/lmilicevic_1.egg-info/top_level.txt
[1.023s] reading manifest file '../../build/lmilicevic_1/lmilicevic_1.egg-info/SOURCES.txt'
[1.024s] writing manifest file '../../build/lmilicevic_1/lmilicevic_1.egg-info/SOURCES.txt'
[1.024s] running build
[1.024s] running build_py
[1.024s] running install
[1.025s] running install_lib
[1.026s] running install_data
[1.026s] copying launch/turtlebot3_gazebo_subscriber.launch.py -> /home/lana/ros2_ws/install/lmilicevic_1/share/lmilicevic_1/launch
[1.027s] running install_egg_info
[1.029s] removing '/home/lana/ros2_ws/install/lmilicevic_1/lib/python3.10/site-packages/lmilicevic_1-0.0.0-py3.10.egg-info' (and everything under it)
[1.029s] Copying ../../build/lmilicevic_1/lmilicevic_1.egg-info to /home/lana/ros2_ws/install/lmilicevic_1/lib/python3.10/site-packages/lmilicevic_1-0.0.0-py3.10.egg-info
[1.030s] running install_scripts
[1.049s] Installing listener script to /home/lana/ros2_ws/install/lmilicevic_1/lib/lmilicevic_1
[1.051s] writing list of installed files to '/home/lana/ros2_ws/build/lmilicevic_1/install.log'
[1.082s] Invoked command in '/home/lana/ros2_ws/src/lmilicevic_1' returned '0': PYTHONPATH=/home/lana/ros2_ws/install/lmilicevic_1/lib/python3.10/site-packages:${PYTHONPATH} /usr/bin/python3 setup.py egg_info --egg-base ../../build/lmilicevic_1 build --build-base /home/lana/ros2_ws/build/lmilicevic_1/build install --prefix /home/lana/ros2_ws/install/lmilicevic_1 --record /home/lana/ros2_ws/build/lmilicevic_1/install.log --single-version-externally-managed
