running egg_info
writing ../../build/lmilicevic_1/lmilicevic_1.egg-info/PKG-INFO
writing dependency_links to ../../build/lmilicevic_1/lmilicevic_1.egg-info/dependency_links.txt
writing entry points to ../../build/lmilicevic_1/lmilicevic_1.egg-info/entry_points.txt
writing requirements to ../../build/lmilicevic_1/lmilicevic_1.egg-info/requires.txt
writing top-level names to ../../build/lmilicevic_1/lmilicevic_1.egg-info/top_level.txt
reading manifest file '../../build/lmilicevic_1/lmilicevic_1.egg-info/SOURCES.txt'
writing manifest file '../../build/lmilicevic_1/lmilicevic_1.egg-info/SOURCES.txt'
running build
running build_py
copying lmilicevic_1/subscriber.py -> /home/lana/ros2_ws/build/lmilicevic_1/build/lib/lmilicevic_1
running install
running install_lib
copying /home/lana/ros2_ws/build/lmilicevic_1/build/lib/lmilicevic_1/subscriber.py -> /home/lana/ros2_ws/install/lmilicevic_1/lib/python3.10/site-packages/lmilicevic_1
byte-compiling /home/lana/ros2_ws/install/lmilicevic_1/lib/python3.10/site-packages/lmilicevic_1/subscriber.py to subscriber.cpython-310.pyc
running install_data
Sorry: TabError: inconsistent use of tabs and spaces in indentation (subscriber.py, line 70)
running install_egg_info
removing '/home/lana/ros2_ws/install/lmilicevic_1/lib/python3.10/site-packages/lmilicevic_1-0.0.0-py3.10.egg-info' (and everything under it)
Copying ../../build/lmilicevic_1/lmilicevic_1.egg-info to /home/lana/ros2_ws/install/lmilicevic_1/lib/python3.10/site-packages/lmilicevic_1-0.0.0-py3.10.egg-info
running install_scripts
Installing listener script to /home/lana/ros2_ws/install/lmilicevic_1/lib/lmilicevic_1
writing list of installed files to '/home/lana/ros2_ws/build/lmilicevic_1/install.log'
