[0.297s] DEBUG:colcon:Command line arguments: ['/usr/bin/colcon', 'build']
[0.297s] DEBUG:colcon:Parsed command line arguments: Namespace(log_base=None, log_level=None, verb_name='build', build_base='build', install_base='install', merge_install=False, symlink_install=False, test_result_base=None, continue_on_error=False, executor='parallel', parallel_workers=2, event_handlers=None, ignore_user_meta=False, metas=['./colcon.meta'], base_paths=['.'], packages_ignore=None, packages_ignore_regex=None, paths=None, packages_up_to=None, packages_up_to_regex=None, packages_above=None, packages_above_and_dependencies=None, packages_above_depth=None, packages_select_by_dep=None, packages_skip_by_dep=None, packages_skip_up_to=None, packages_select_build_failed=False, packages_skip_build_finished=False, packages_select_test_failures=False, packages_skip_test_passed=False, packages_select=None, packages_skip=None, packages_select_regex=None, packages_skip_regex=None, packages_start=None, packages_end=None, allow_overriding=[], cmake_args=None, cmake_target=None, cmake_target_skip_unavailable=False, cmake_clean_cache=False, cmake_clean_first=False, cmake_force_configure=False, ament_cmake_args=None, catkin_cmake_args=None, catkin_skip_building_tests=False, verb_parser=<colcon_defaults.argument_parser.defaults.DefaultArgumentsDecorator object at 0x7f7ae6ea1c90>, verb_extension=<colcon_core.verb.build.BuildVerb object at 0x7f7ae6ea1720>, main=<bound method BuildVerb.main of <colcon_core.verb.build.BuildVerb object at 0x7f7ae6ea1720>>)
[0.347s] Level 1:colcon.colcon_core.package_discovery:discover_packages(colcon_meta) check parameters
[0.347s] Level 1:colcon.colcon_core.package_discovery:discover_packages(recursive) check parameters
[0.347s] Level 1:colcon.colcon_core.package_discovery:discover_packages(ignore) check parameters
[0.347s] Level 1:colcon.colcon_core.package_discovery:discover_packages(path) check parameters
[0.347s] Level 1:colcon.colcon_core.package_discovery:discover_packages(colcon_meta) discover
[0.347s] Level 1:colcon.colcon_core.package_discovery:discover_packages(recursive) discover
[0.347s] INFO:colcon.colcon_core.package_discovery:Crawling recursively for packages in '/home/lana/ros2_ws'
[0.347s] Level 1:colcon.colcon_core.package_identification:_identify(.) by extensions ['ignore', 'ignore_ament_install']
[0.348s] Level 1:colcon.colcon_core.package_identification:_identify(.) by extension 'ignore'
[0.348s] Level 1:colcon.colcon_core.package_identification:_identify(.) by extension 'ignore_ament_install'
[0.348s] Level 1:colcon.colcon_core.package_identification:_identify(.) by extensions ['colcon_pkg']
[0.348s] Level 1:colcon.colcon_core.package_identification:_identify(.) by extension 'colcon_pkg'
[0.348s] Level 1:colcon.colcon_core.package_identification:_identify(.) by extensions ['colcon_meta']
[0.348s] Level 1:colcon.colcon_core.package_identification:_identify(.) by extension 'colcon_meta'
[0.348s] Level 1:colcon.colcon_core.package_identification:_identify(.) by extensions ['ros']
[0.348s] Level 1:colcon.colcon_core.package_identification:_identify(.) by extension 'ros'
[0.369s] Level 1:colcon.colcon_core.package_identification:_identify(.) by extensions ['cmake', 'python']
[0.369s] Level 1:colcon.colcon_core.package_identification:_identify(.) by extension 'cmake'
[0.369s] Level 1:colcon.colcon_core.package_identification:_identify(.) by extension 'python'
[0.369s] Level 1:colcon.colcon_core.package_identification:_identify(.) by extensions ['python_setup_py']
[0.369s] Level 1:colcon.colcon_core.package_identification:_identify(.) by extension 'python_setup_py'
[0.369s] Level 1:colcon.colcon_core.package_identification:_identify(build) by extensions ['ignore', 'ignore_ament_install']
[0.369s] Level 1:colcon.colcon_core.package_identification:_identify(build) by extension 'ignore'
[0.370s] Level 1:colcon.colcon_core.package_identification:_identify(build) ignored
[0.370s] Level 1:colcon.colcon_core.package_identification:_identify(install) by extensions ['ignore', 'ignore_ament_install']
[0.370s] Level 1:colcon.colcon_core.package_identification:_identify(install) by extension 'ignore'
[0.370s] Level 1:colcon.colcon_core.package_identification:_identify(install) ignored
[0.370s] Level 1:colcon.colcon_core.package_identification:_identify(log) by extensions ['ignore', 'ignore_ament_install']
[0.370s] Level 1:colcon.colcon_core.package_identification:_identify(log) by extension 'ignore'
[0.370s] Level 1:colcon.colcon_core.package_identification:_identify(log) ignored
[0.371s] Level 1:colcon.colcon_core.package_identification:_identify(src) by extensions ['ignore', 'ignore_ament_install']
[0.371s] Level 1:colcon.colcon_core.package_identification:_identify(src) by extension 'ignore'
[0.371s] Level 1:colcon.colcon_core.package_identification:_identify(src) by extension 'ignore_ament_install'
[0.371s] Level 1:colcon.colcon_core.package_identification:_identify(src) by extensions ['colcon_pkg']
[0.371s] Level 1:colcon.colcon_core.package_identification:_identify(src) by extension 'colcon_pkg'
[0.371s] Level 1:colcon.colcon_core.package_identification:_identify(src) by extensions ['colcon_meta']
[0.371s] Level 1:colcon.colcon_core.package_identification:_identify(src) by extension 'colcon_meta'
[0.371s] Level 1:colcon.colcon_core.package_identification:_identify(src) by extensions ['ros']
[0.371s] Level 1:colcon.colcon_core.package_identification:_identify(src) by extension 'ros'
[0.371s] Level 1:colcon.colcon_core.package_identification:_identify(src) by extensions ['cmake', 'python']
[0.371s] Level 1:colcon.colcon_core.package_identification:_identify(src) by extension 'cmake'
[0.371s] Level 1:colcon.colcon_core.package_identification:_identify(src) by extension 'python'
[0.371s] Level 1:colcon.colcon_core.package_identification:_identify(src) by extensions ['python_setup_py']
[0.372s] Level 1:colcon.colcon_core.package_identification:_identify(src) by extension 'python_setup_py'
[0.372s] Level 1:colcon.colcon_core.package_identification:_identify(src/build) by extensions ['ignore', 'ignore_ament_install']
[0.372s] Level 1:colcon.colcon_core.package_identification:_identify(src/build) by extension 'ignore'
[0.372s] Level 1:colcon.colcon_core.package_identification:_identify(src/build) ignored
[0.372s] Level 1:colcon.colcon_core.package_identification:_identify(src/install) by extensions ['ignore', 'ignore_ament_install']
[0.373s] Level 1:colcon.colcon_core.package_identification:_identify(src/install) by extension 'ignore'
[0.373s] Level 1:colcon.colcon_core.package_identification:_identify(src/install) ignored
[0.373s] Level 1:colcon.colcon_core.package_identification:_identify(src/lmilicevic_1) by extensions ['ignore', 'ignore_ament_install']
[0.373s] Level 1:colcon.colcon_core.package_identification:_identify(src/lmilicevic_1) by extension 'ignore'
[0.373s] Level 1:colcon.colcon_core.package_identification:_identify(src/lmilicevic_1) by extension 'ignore_ament_install'
[0.373s] Level 1:colcon.colcon_core.package_identification:_identify(src/lmilicevic_1) by extensions ['colcon_pkg']
[0.373s] Level 1:colcon.colcon_core.package_identification:_identify(src/lmilicevic_1) by extension 'colcon_pkg'
[0.373s] Level 1:colcon.colcon_core.package_identification:_identify(src/lmilicevic_1) by extensions ['colcon_meta']
[0.373s] Level 1:colcon.colcon_core.package_identification:_identify(src/lmilicevic_1) by extension 'colcon_meta'
[0.373s] Level 1:colcon.colcon_core.package_identification:_identify(src/lmilicevic_1) by extensions ['ros']
[0.373s] Level 1:colcon.colcon_core.package_identification:_identify(src/lmilicevic_1) by extension 'ros'
[0.377s] DEBUG:colcon.colcon_core.package_identification:Package 'src/lmilicevic_1' with type 'ros.ament_python' and name 'lmilicevic_1'
[0.378s] Level 1:colcon.colcon_core.package_identification:_identify(src/log) by extensions ['ignore', 'ignore_ament_install']
[0.378s] Level 1:colcon.colcon_core.package_identification:_identify(src/log) by extension 'ignore'
[0.378s] Level 1:colcon.colcon_core.package_identification:_identify(src/log) ignored
[0.378s] Level 1:colcon.colcon_core.package_discovery:discover_packages(recursive) using defaults
[0.378s] Level 1:colcon.colcon_core.package_discovery:discover_packages(ignore) discover
[0.378s] Level 1:colcon.colcon_core.package_discovery:discover_packages(ignore) using defaults
[0.378s] Level 1:colcon.colcon_core.package_discovery:discover_packages(path) discover
[0.378s] Level 1:colcon.colcon_core.package_discovery:discover_packages(path) using defaults
[0.420s] Level 1:colcon.colcon_core.package_discovery:discover_packages(prefix_path) check parameters
[0.420s] Level 1:colcon.colcon_core.package_discovery:discover_packages(prefix_path) discover
[0.426s] DEBUG:colcon.colcon_installed_package_information.package_discovery:Found 1 installed packages in /home/lana/ros2_ws/install
[0.430s] DEBUG:colcon.colcon_installed_package_information.package_discovery:Found 364 installed packages in /opt/ros/humble
[0.434s] Level 1:colcon.colcon_core.package_discovery:discover_packages(prefix_path) using defaults
[0.559s] Level 5:colcon.colcon_core.verb:set package 'lmilicevic_1' build argument 'cmake_args' from command line to 'None'
[0.559s] Level 5:colcon.colcon_core.verb:set package 'lmilicevic_1' build argument 'cmake_target' from command line to 'None'
[0.559s] Level 5:colcon.colcon_core.verb:set package 'lmilicevic_1' build argument 'cmake_target_skip_unavailable' from command line to 'False'
[0.559s] Level 5:colcon.colcon_core.verb:set package 'lmilicevic_1' build argument 'cmake_clean_cache' from command line to 'False'
[0.559s] Level 5:colcon.colcon_core.verb:set package 'lmilicevic_1' build argument 'cmake_clean_first' from command line to 'False'
[0.559s] Level 5:colcon.colcon_core.verb:set package 'lmilicevic_1' build argument 'cmake_force_configure' from command line to 'False'
[0.559s] Level 5:colcon.colcon_core.verb:set package 'lmilicevic_1' build argument 'ament_cmake_args' from command line to 'None'
[0.559s] Level 5:colcon.colcon_core.verb:set package 'lmilicevic_1' build argument 'catkin_cmake_args' from command line to 'None'
[0.559s] Level 5:colcon.colcon_core.verb:set package 'lmilicevic_1' build argument 'catkin_skip_building_tests' from command line to 'False'
[0.559s] DEBUG:colcon.colcon_core.verb:Building package 'lmilicevic_1' with the following arguments: {'ament_cmake_args': None, 'build_base': '/home/lana/ros2_ws/build/lmilicevic_1', 'catkin_cmake_args': None, 'catkin_skip_building_tests': False, 'cmake_args': None, 'cmake_clean_cache': False, 'cmake_clean_first': False, 'cmake_force_configure': False, 'cmake_target': None, 'cmake_target_skip_unavailable': False, 'install_base': '/home/lana/ros2_ws/install/lmilicevic_1', 'merge_install': False, 'path': '/home/lana/ros2_ws/src/lmilicevic_1', 'symlink_install': False, 'test_result_base': None}
[0.560s] INFO:colcon.colcon_core.executor:Executing jobs using 'parallel' executor
[0.568s] DEBUG:colcon.colcon_parallel_executor.executor.parallel:run_until_complete
[0.568s] INFO:colcon.colcon_ros.task.ament_python.build:Building ROS package in '/home/lana/ros2_ws/src/lmilicevic_1' with build type 'ament_python'
[0.569s] Level 1:colcon.colcon_core.shell:create_environment_hook('lmilicevic_1', 'ament_prefix_path')
[0.580s] INFO:colcon.colcon_core.plugin_system:Skipping extension 'colcon_core.shell.bat': Not used on non-Windows systems
[0.581s] INFO:colcon.colcon_core.shell:Creating environment hook '/home/lana/ros2_ws/install/lmilicevic_1/share/lmilicevic_1/hook/ament_prefix_path.ps1'
[0.583s] INFO:colcon.colcon_core.shell:Creating environment descriptor '/home/lana/ros2_ws/install/lmilicevic_1/share/lmilicevic_1/hook/ament_prefix_path.dsv'
[0.584s] INFO:colcon.colcon_core.shell:Creating environment hook '/home/lana/ros2_ws/install/lmilicevic_1/share/lmilicevic_1/hook/ament_prefix_path.sh'
[0.588s] INFO:colcon.colcon_core.shell:Skip shell extension 'powershell' for command environment: Not usable outside of PowerShell
[0.588s] DEBUG:colcon.colcon_core.shell:Skip shell extension 'dsv' for command environment
[1.334s] INFO:colcon.colcon_core.task.python.build:Building Python package in '/home/lana/ros2_ws/src/lmilicevic_1'
[1.337s] INFO:colcon.colcon_core.shell:Skip shell extension 'powershell' for command environment: Not usable outside of PowerShell
[1.337s] DEBUG:colcon.colcon_core.shell:Skip shell extension 'dsv' for command environment
[2.221s] DEBUG:colcon.colcon_core.event_handler.log_command:Invoking command in '/home/lana/ros2_ws/src/lmilicevic_1': PYTHONPATH=/home/lana/ros2_ws/install/lmilicevic_1/lib/python3.10/site-packages:${PYTHONPATH} /usr/bin/python3 setup.py egg_info --egg-base ../../build/lmilicevic_1 build --build-base /home/lana/ros2_ws/build/lmilicevic_1/build install --prefix /home/lana/ros2_ws/install/lmilicevic_1 --record /home/lana/ros2_ws/build/lmilicevic_1/install.log --single-version-externally-managed
[3.003s] Level 1:colcon.colcon_core.environment:checking '/home/lana/ros2_ws/install/lmilicevic_1' for CMake module files
[3.007s] Level 1:colcon.colcon_core.environment:checking '/home/lana/ros2_ws/install/lmilicevic_1' for CMake config files
[3.008s] Level 1:colcon.colcon_core.environment:checking '/home/lana/ros2_ws/install/lmilicevic_1/lib'
[3.009s] Level 1:colcon.colcon_core.environment:checking '/home/lana/ros2_ws/install/lmilicevic_1/bin'
[3.027s] Level 1:colcon.colcon_core.environment:checking '/home/lana/ros2_ws/install/lmilicevic_1/lib/pkgconfig/lmilicevic_1.pc'
[3.027s] Level 1:colcon.colcon_core.environment:checking '/home/lana/ros2_ws/install/lmilicevic_1/lib/python3.10/site-packages'
[3.027s] Level 1:colcon.colcon_core.shell:create_environment_hook('lmilicevic_1', 'pythonpath')
[3.022s] DEBUG:colcon.colcon_core.event_handler.log_command:Invoked command in '/home/lana/ros2_ws/src/lmilicevic_1' returned '0': PYTHONPATH=/home/lana/ros2_ws/install/lmilicevic_1/lib/python3.10/site-packages:${PYTHONPATH} /usr/bin/python3 setup.py egg_info --egg-base ../../build/lmilicevic_1 build --build-base /home/lana/ros2_ws/build/lmilicevic_1/build install --prefix /home/lana/ros2_ws/install/lmilicevic_1 --record /home/lana/ros2_ws/build/lmilicevic_1/install.log --single-version-externally-managed
[3.033s] INFO:colcon.colcon_core.shell:Creating environment hook '/home/lana/ros2_ws/install/lmilicevic_1/share/lmilicevic_1/hook/pythonpath.ps1'
[3.037s] INFO:colcon.colcon_core.shell:Creating environment descriptor '/home/lana/ros2_ws/install/lmilicevic_1/share/lmilicevic_1/hook/pythonpath.dsv'
[3.038s] INFO:colcon.colcon_core.shell:Creating environment hook '/home/lana/ros2_ws/install/lmilicevic_1/share/lmilicevic_1/hook/pythonpath.sh'
[3.040s] Level 1:colcon.colcon_core.environment:checking '/home/lana/ros2_ws/install/lmilicevic_1/bin'
[3.040s] Level 1:colcon.colcon_core.environment:create_environment_scripts_only(lmilicevic_1)
[3.043s] INFO:colcon.colcon_core.shell:Creating package script '/home/lana/ros2_ws/install/lmilicevic_1/share/lmilicevic_1/package.ps1'
[3.046s] INFO:colcon.colcon_core.shell:Creating package descriptor '/home/lana/ros2_ws/install/lmilicevic_1/share/lmilicevic_1/package.dsv'
[3.049s] INFO:colcon.colcon_core.shell:Creating package script '/home/lana/ros2_ws/install/lmilicevic_1/share/lmilicevic_1/package.sh'
[3.051s] INFO:colcon.colcon_core.shell:Creating package script '/home/lana/ros2_ws/install/lmilicevic_1/share/lmilicevic_1/package.bash'
[3.053s] INFO:colcon.colcon_core.shell:Creating package script '/home/lana/ros2_ws/install/lmilicevic_1/share/lmilicevic_1/package.zsh'
[3.056s] Level 1:colcon.colcon_core.environment:create_file_with_runtime_dependencies(/home/lana/ros2_ws/install/lmilicevic_1/share/colcon-core/packages/lmilicevic_1)
[3.058s] DEBUG:colcon.colcon_parallel_executor.executor.parallel:closing loop
[3.059s] DEBUG:colcon.colcon_parallel_executor.executor.parallel:loop closed
[3.059s] DEBUG:colcon.colcon_parallel_executor.executor.parallel:run_until_complete finished with '0'
[3.059s] DEBUG:colcon.colcon_core.event_reactor:joining thread
[3.070s] INFO:colcon.colcon_core.plugin_system:Skipping extension 'colcon_notification.desktop_notification.terminal_notifier': Not used on non-Darwin systems
[3.071s] INFO:colcon.colcon_core.plugin_system:Skipping extension 'colcon_notification.desktop_notification.win32': Not used on non-Windows systems
[3.071s] INFO:colcon.colcon_notification.desktop_notification:Sending desktop notification using 'notify2'
[3.113s] DEBUG:colcon.colcon_core.event_reactor:joined thread
[3.116s] INFO:colcon.colcon_core.shell:Creating prefix script '/home/lana/ros2_ws/install/local_setup.ps1'
[3.123s] INFO:colcon.colcon_core.shell:Creating prefix util module '/home/lana/ros2_ws/install/_local_setup_util_ps1.py'
[3.130s] INFO:colcon.colcon_core.shell:Creating prefix chain script '/home/lana/ros2_ws/install/setup.ps1'
[3.136s] INFO:colcon.colcon_core.shell:Creating prefix script '/home/lana/ros2_ws/install/local_setup.sh'
[3.140s] INFO:colcon.colcon_core.shell:Creating prefix util module '/home/lana/ros2_ws/install/_local_setup_util_sh.py'
[3.143s] INFO:colcon.colcon_core.shell:Creating prefix chain script '/home/lana/ros2_ws/install/setup.sh'
[3.150s] INFO:colcon.colcon_core.shell:Creating prefix script '/home/lana/ros2_ws/install/local_setup.bash'
[3.154s] INFO:colcon.colcon_core.shell:Creating prefix chain script '/home/lana/ros2_ws/install/setup.bash'
[3.160s] INFO:colcon.colcon_core.shell:Creating prefix script '/home/lana/ros2_ws/install/local_setup.zsh'
[3.163s] INFO:colcon.colcon_core.shell:Creating prefix chain script '/home/lana/ros2_ws/install/setup.zsh'
