[0.684s] Invoking command in '/home/lana/ros2_ws/src/lmilicevic_1': PYTHONPATH=/home/lana/ros2_ws/install/lmilicevic_1/lib/python3.10/site-packages:${PYTHONPATH} /usr/bin/python3 setup.py egg_info --egg-base ../../build/lmilicevic_1 build --build-base /home/lana/ros2_ws/build/lmilicevic_1/build install --prefix /home/lana/ros2_ws/install/lmilicevic_1 --record /home/lana/ros2_ws/build/lmilicevic_1/install.log --single-version-externally-managed
[0.930s] running egg_info
[0.930s] writing ../../build/lmilicevic_1/lmilicevic_1.egg-info/PKG-INFO
[0.930s] writing dependency_links to ../../build/lmilicevic_1/lmilicevic_1.egg-info/dependency_links.txt
[0.930s] writing entry points to ../../build/lmilicevic_1/lmilicevic_1.egg-info/entry_points.txt
[0.930s] writing requirements to ../../build/lmilicevic_1/lmilicevic_1.egg-info/requires.txt
[0.930s] writing top-level names to ../../build/lmilicevic_1/lmilicevic_1.egg-info/top_level.txt
[0.930s] reading manifest file '../../build/lmilicevic_1/lmilicevic_1.egg-info/SOURCES.txt'
[0.932s] writing manifest file '../../build/lmilicevic_1/lmilicevic_1.egg-info/SOURCES.txt'
[0.932s] running build
[0.932s] running build_py
[0.933s] running install
[0.935s] running install_lib
[0.935s] running install_data
[0.935s] running install_egg_info
[0.937s] removing '/home/lana/ros2_ws/install/lmilicevic_1/lib/python3.10/site-packages/lmilicevic_1-0.0.0-py3.10.egg-info' (and everything under it)
[0.938s] Copying ../../build/lmilicevic_1/lmilicevic_1.egg-info to /home/lana/ros2_ws/install/lmilicevic_1/lib/python3.10/site-packages/lmilicevic_1-0.0.0-py3.10.egg-info
[0.939s] running install_scripts
[0.967s] Installing listener script to /home/lana/ros2_ws/install/lmilicevic_1/lib/lmilicevic_1
[0.968s] writing list of installed files to '/home/lana/ros2_ws/build/lmilicevic_1/install.log'
[1.002s] Invoked command in '/home/lana/ros2_ws/src/lmilicevic_1' returned '0': PYTHONPATH=/home/lana/ros2_ws/install/lmilicevic_1/lib/python3.10/site-packages:${PYTHONPATH} /usr/bin/python3 setup.py egg_info --egg-base ../../build/lmilicevic_1 build --build-base /home/lana/ros2_ws/build/lmilicevic_1/build install --prefix /home/lana/ros2_ws/install/lmilicevic_1 --record /home/lana/ros2_ws/build/lmilicevic_1/install.log --single-version-externally-managed
