running egg_info
creating ../build/trackme/trackme.egg-info
writing ../build/trackme/trackme.egg-info/PKG-INFO
writing dependency_links to ../build/trackme/trackme.egg-info/dependency_links.txt
writing entry points to ../build/trackme/trackme.egg-info/entry_points.txt
writing requirements to ../build/trackme/trackme.egg-info/requires.txt
writing top-level names to ../build/trackme/trackme.egg-info/top_level.txt
writing manifest file '../build/trackme/trackme.egg-info/SOURCES.txt'
reading manifest file '../build/trackme/trackme.egg-info/SOURCES.txt'
writing manifest file '../build/trackme/trackme.egg-info/SOURCES.txt'
running build
running build_py
creating /home/mobrob/ros2_ws/src/build/trackme/build
creating /home/mobrob/ros2_ws/src/build/trackme/build/lib
creating /home/mobrob/ros2_ws/src/build/trackme/build/lib/trackme
copying trackme/__init__.py -> /home/mobrob/ros2_ws/src/build/trackme/build/lib/trackme
copying trackme/trackme.py -> /home/mobrob/ros2_ws/src/build/trackme/build/lib/trackme
running install
running install_lib
creating /home/mobrob/ros2_ws/src/install/trackme/lib/python3.10/site-packages/trackme
copying /home/mobrob/ros2_ws/src/build/trackme/build/lib/trackme/__init__.py -> /home/mobrob/ros2_ws/src/install/trackme/lib/python3.10/site-packages/trackme
copying /home/mobrob/ros2_ws/src/build/trackme/build/lib/trackme/trackme.py -> /home/mobrob/ros2_ws/src/install/trackme/lib/python3.10/site-packages/trackme
byte-compiling /home/mobrob/ros2_ws/src/install/trackme/lib/python3.10/site-packages/trackme/__init__.py to __init__.cpython-310.pyc
byte-compiling /home/mobrob/ros2_ws/src/install/trackme/lib/python3.10/site-packages/trackme/trackme.py to trackme.cpython-310.pyc
running install_data
creating /home/mobrob/ros2_ws/src/install/trackme/share/ament_index
creating /home/mobrob/ros2_ws/src/install/trackme/share/ament_index/resource_index
creating /home/mobrob/ros2_ws/src/install/trackme/share/ament_index/resource_index/packages
copying resource/trackme -> /home/mobrob/ros2_ws/src/install/trackme/share/ament_index/resource_index/packages
copying package.xml -> /home/mobrob/ros2_ws/src/install/trackme/share/trackme
creating /home/mobrob/ros2_ws/src/install/trackme/share/trackme/worlds
copying worlds/empty_world.world -> /home/mobrob/ros2_ws/src/install/trackme/share/trackme/worlds
creating /home/mobrob/ros2_ws/src/install/trackme/share/trackme/models
copying models/bb-9.urdf -> /home/mobrob/ros2_ws/src/install/trackme/share/trackme/models
copying models/tb3_burger_camera.urdf -> /home/mobrob/ros2_ws/src/install/trackme/share/trackme/models
creating /home/mobrob/ros2_ws/src/install/trackme/share/trackme/rviz
copying rviz/trackme.rviz -> /home/mobrob/ros2_ws/src/install/trackme/share/trackme/rviz
creating /home/mobrob/ros2_ws/src/install/trackme/share/trackme/launch
copying launch/trackme.launch.py -> /home/mobrob/ros2_ws/src/install/trackme/share/trackme/launch
running install_egg_info
Copying ../build/trackme/trackme.egg-info to /home/mobrob/ros2_ws/src/install/trackme/lib/python3.10/site-packages/trackme-1.0.0-py3.10.egg-info
running install_scripts
Installing trackme script to /home/mobrob/ros2_ws/src/install/trackme/lib/trackme
writing list of installed files to '/home/mobrob/ros2_ws/src/build/trackme/install.log'
