[1.147s] Invoking command in '/home/mobrob/ros2_ws/src/trackme': PYTHONPATH=/home/mobrob/ros2_ws/src/install/trackme/lib/python3.10/site-packages:${PYTHONPATH} /usr/bin/python3 setup.py egg_info --egg-base ../build/trackme build --build-base /home/mobrob/ros2_ws/src/build/trackme/build install --prefix /home/mobrob/ros2_ws/src/install/trackme --record /home/mobrob/ros2_ws/src/build/trackme/install.log --single-version-externally-managed
[1.533s] running egg_info
[1.534s] creating ../build/trackme/trackme.egg-info
[1.534s] writing ../build/trackme/trackme.egg-info/PKG-INFO
[1.534s] writing dependency_links to ../build/trackme/trackme.egg-info/dependency_links.txt
[1.535s] writing entry points to ../build/trackme/trackme.egg-info/entry_points.txt
[1.535s] writing requirements to ../build/trackme/trackme.egg-info/requires.txt
[1.535s] writing top-level names to ../build/trackme/trackme.egg-info/top_level.txt
[1.537s] writing manifest file '../build/trackme/trackme.egg-info/SOURCES.txt'
[1.539s] reading manifest file '../build/trackme/trackme.egg-info/SOURCES.txt'
[1.540s] writing manifest file '../build/trackme/trackme.egg-info/SOURCES.txt'
[1.540s] running build
[1.540s] running build_py
[1.541s] creating /home/mobrob/ros2_ws/src/build/trackme/build
[1.541s] creating /home/mobrob/ros2_ws/src/build/trackme/build/lib
[1.541s] creating /home/mobrob/ros2_ws/src/build/trackme/build/lib/trackme
[1.541s] copying trackme/__init__.py -> /home/mobrob/ros2_ws/src/build/trackme/build/lib/trackme
[1.541s] copying trackme/trackme.py -> /home/mobrob/ros2_ws/src/build/trackme/build/lib/trackme
[1.541s] running install
[1.542s] running install_lib
[1.543s] creating /home/mobrob/ros2_ws/src/install/trackme/lib/python3.10/site-packages/trackme
[1.543s] copying /home/mobrob/ros2_ws/src/build/trackme/build/lib/trackme/__init__.py -> /home/mobrob/ros2_ws/src/install/trackme/lib/python3.10/site-packages/trackme
[1.543s] copying /home/mobrob/ros2_ws/src/build/trackme/build/lib/trackme/trackme.py -> /home/mobrob/ros2_ws/src/install/trackme/lib/python3.10/site-packages/trackme
[1.544s] byte-compiling /home/mobrob/ros2_ws/src/install/trackme/lib/python3.10/site-packages/trackme/__init__.py to __init__.cpython-310.pyc
[1.544s] byte-compiling /home/mobrob/ros2_ws/src/install/trackme/lib/python3.10/site-packages/trackme/trackme.py to trackme.cpython-310.pyc
[1.545s] running install_data
[1.546s] creating /home/mobrob/ros2_ws/src/install/trackme/share/ament_index
[1.546s] creating /home/mobrob/ros2_ws/src/install/trackme/share/ament_index/resource_index
[1.546s] creating /home/mobrob/ros2_ws/src/install/trackme/share/ament_index/resource_index/packages
[1.547s] copying resource/trackme -> /home/mobrob/ros2_ws/src/install/trackme/share/ament_index/resource_index/packages
[1.547s] copying package.xml -> /home/mobrob/ros2_ws/src/install/trackme/share/trackme
[1.547s] creating /home/mobrob/ros2_ws/src/install/trackme/share/trackme/worlds
[1.547s] copying worlds/empty_world.world -> /home/mobrob/ros2_ws/src/install/trackme/share/trackme/worlds
[1.547s] creating /home/mobrob/ros2_ws/src/install/trackme/share/trackme/models
[1.547s] copying models/bb-9.urdf -> /home/mobrob/ros2_ws/src/install/trackme/share/trackme/models
[1.547s] copying models/tb3_burger_camera.urdf -> /home/mobrob/ros2_ws/src/install/trackme/share/trackme/models
[1.547s] creating /home/mobrob/ros2_ws/src/install/trackme/share/trackme/rviz
[1.548s] copying rviz/trackme.rviz -> /home/mobrob/ros2_ws/src/install/trackme/share/trackme/rviz
[1.548s] creating /home/mobrob/ros2_ws/src/install/trackme/share/trackme/launch
[1.548s] copying launch/trackme.launch.py -> /home/mobrob/ros2_ws/src/install/trackme/share/trackme/launch
[1.548s] running install_egg_info
[1.550s] Copying ../build/trackme/trackme.egg-info to /home/mobrob/ros2_ws/src/install/trackme/lib/python3.10/site-packages/trackme-1.0.0-py3.10.egg-info
[1.551s] running install_scripts
[1.577s] Installing trackme script to /home/mobrob/ros2_ws/src/install/trackme/lib/trackme
[1.578s] writing list of installed files to '/home/mobrob/ros2_ws/src/build/trackme/install.log'
[1.627s] Invoked command in '/home/mobrob/ros2_ws/src/trackme' returned '0': PYTHONPATH=/home/mobrob/ros2_ws/src/install/trackme/lib/python3.10/site-packages:${PYTHONPATH} /usr/bin/python3 setup.py egg_info --egg-base ../build/trackme build --build-base /home/mobrob/ros2_ws/src/build/trackme/build install --prefix /home/mobrob/ros2_ws/src/install/trackme --record /home/mobrob/ros2_ws/src/build/trackme/install.log --single-version-externally-managed
