[3.115s] DEBUG:colcon:Command line arguments: ['/usr/bin/colcon', 'build']
[3.115s] DEBUG:colcon:Parsed command line arguments: Namespace(log_base=None, log_level=None, verb_name='build', build_base='build', install_base='install', merge_install=False, symlink_install=False, test_result_base=None, continue_on_error=False, executor='parallel', parallel_workers=4, event_handlers=None, ignore_user_meta=False, metas=['./colcon.meta'], base_paths=['.'], packages_ignore=None, packages_ignore_regex=None, paths=None, packages_up_to=None, packages_up_to_regex=None, packages_above=None, packages_above_and_dependencies=None, packages_above_depth=None, packages_select_by_dep=None, packages_skip_by_dep=None, packages_skip_up_to=None, packages_select_build_failed=False, packages_skip_build_finished=False, packages_select_test_failures=False, packages_skip_test_passed=False, packages_select=None, packages_skip=None, packages_select_regex=None, packages_skip_regex=None, packages_start=None, packages_end=None, allow_overriding=[], cmake_args=None, cmake_target=None, cmake_target_skip_unavailable=False, cmake_clean_cache=False, cmake_clean_first=False, cmake_force_configure=False, ament_cmake_args=None, catkin_cmake_args=None, catkin_skip_building_tests=False, verb_parser=<colcon_defaults.argument_parser.defaults.DefaultArgumentsDecorator object at 0x7fc5138b9ff0>, verb_extension=<colcon_core.verb.build.BuildVerb object at 0x7fc5138b9a80>, main=<bound method BuildVerb.main of <colcon_core.verb.build.BuildVerb object at 0x7fc5138b9a80>>)
[3.899s] Level 1:colcon.colcon_core.package_discovery:discover_packages(colcon_meta) check parameters
[3.903s] Level 1:colcon.colcon_core.package_discovery:discover_packages(recursive) check parameters
[3.906s] Level 1:colcon.colcon_core.package_discovery:discover_packages(ignore) check parameters
[3.906s] Level 1:colcon.colcon_core.package_discovery:discover_packages(path) check parameters
[3.907s] Level 1:colcon.colcon_core.package_discovery:discover_packages(colcon_meta) discover
[3.907s] Level 1:colcon.colcon_core.package_discovery:discover_packages(recursive) discover
[3.907s] INFO:colcon.colcon_core.package_discovery:Crawling recursively for packages in '/home/lana/ros2_ws'
[3.907s] Level 1:colcon.colcon_core.package_identification:_identify(.) by extensions ['ignore', 'ignore_ament_install']
[3.908s] Level 1:colcon.colcon_core.package_identification:_identify(.) by extension 'ignore'
[3.908s] Level 1:colcon.colcon_core.package_identification:_identify(.) by extension 'ignore_ament_install'
[3.908s] Level 1:colcon.colcon_core.package_identification:_identify(.) by extensions ['colcon_pkg']
[3.908s] Level 1:colcon.colcon_core.package_identification:_identify(.) by extension 'colcon_pkg'
[3.909s] Level 1:colcon.colcon_core.package_identification:_identify(.) by extensions ['colcon_meta']
[3.909s] Level 1:colcon.colcon_core.package_identification:_identify(.) by extension 'colcon_meta'
[3.909s] Level 1:colcon.colcon_core.package_identification:_identify(.) by extensions ['ros']
[3.909s] Level 1:colcon.colcon_core.package_identification:_identify(.) by extension 'ros'
[3.994s] Level 1:colcon.colcon_core.package_identification:_identify(.) by extensions ['cmake', 'python']
[3.994s] Level 1:colcon.colcon_core.package_identification:_identify(.) by extension 'cmake'
[3.994s] Level 1:colcon.colcon_core.package_identification:_identify(.) by extension 'python'
[3.994s] Level 1:colcon.colcon_core.package_identification:_identify(.) by extensions ['python_setup_py']
[3.995s] Level 1:colcon.colcon_core.package_identification:_identify(.) by extension 'python_setup_py'
[3.995s] Level 1:colcon.colcon_core.package_identification:_identify(build) by extensions ['ignore', 'ignore_ament_install']
[3.995s] Level 1:colcon.colcon_core.package_identification:_identify(build) by extension 'ignore'
[3.996s] Level 1:colcon.colcon_core.package_identification:_identify(build) ignored
[3.998s] Level 1:colcon.colcon_core.package_identification:_identify(install) by extensions ['ignore', 'ignore_ament_install']
[3.998s] Level 1:colcon.colcon_core.package_identification:_identify(install) by extension 'ignore'
[3.999s] Level 1:colcon.colcon_core.package_identification:_identify(install) ignored
[4.000s] Level 1:colcon.colcon_core.package_identification:_identify(log) by extensions ['ignore', 'ignore_ament_install']
[4.000s] Level 1:colcon.colcon_core.package_identification:_identify(log) by extension 'ignore'
[4.000s] Level 1:colcon.colcon_core.package_identification:_identify(log) ignored
[4.076s] Level 1:colcon.colcon_core.package_identification:_identify(src) by extensions ['ignore', 'ignore_ament_install']
[4.076s] Level 1:colcon.colcon_core.package_identification:_identify(src) by extension 'ignore'
[4.077s] Level 1:colcon.colcon_core.package_identification:_identify(src) by extension 'ignore_ament_install'
[4.077s] Level 1:colcon.colcon_core.package_identification:_identify(src) by extensions ['colcon_pkg']
[4.077s] Level 1:colcon.colcon_core.package_identification:_identify(src) by extension 'colcon_pkg'
[4.077s] Level 1:colcon.colcon_core.package_identification:_identify(src) by extensions ['colcon_meta']
[4.077s] Level 1:colcon.colcon_core.package_identification:_identify(src) by extension 'colcon_meta'
[4.078s] Level 1:colcon.colcon_core.package_identification:_identify(src) by extensions ['ros']
[4.078s] Level 1:colcon.colcon_core.package_identification:_identify(src) by extension 'ros'
[4.078s] Level 1:colcon.colcon_core.package_identification:_identify(src) by extensions ['cmake', 'python']
[4.078s] Level 1:colcon.colcon_core.package_identification:_identify(src) by extension 'cmake'
[4.079s] Level 1:colcon.colcon_core.package_identification:_identify(src) by extension 'python'
[4.079s] Level 1:colcon.colcon_core.package_identification:_identify(src) by extensions ['python_setup_py']
[4.079s] Level 1:colcon.colcon_core.package_identification:_identify(src) by extension 'python_setup_py'
[4.083s] Level 1:colcon.colcon_core.package_identification:_identify(src/build) by extensions ['ignore', 'ignore_ament_install']
[4.084s] Level 1:colcon.colcon_core.package_identification:_identify(src/build) by extension 'ignore'
[4.085s] Level 1:colcon.colcon_core.package_identification:_identify(src/build) ignored
[4.088s] Level 1:colcon.colcon_core.package_identification:_identify(src/install) by extensions ['ignore', 'ignore_ament_install']
[4.089s] Level 1:colcon.colcon_core.package_identification:_identify(src/install) by extension 'ignore'
[4.089s] Level 1:colcon.colcon_core.package_identification:_identify(src/install) ignored
[4.092s] Level 1:colcon.colcon_core.package_identification:_identify(src/lmilicevic_1) by extensions ['ignore', 'ignore_ament_install']
[4.093s] Level 1:colcon.colcon_core.package_identification:_identify(src/lmilicevic_1) by extension 'ignore'
[4.093s] Level 1:colcon.colcon_core.package_identification:_identify(src/lmilicevic_1) by extension 'ignore_ament_install'
[4.093s] Level 1:colcon.colcon_core.package_identification:_identify(src/lmilicevic_1) by extensions ['colcon_pkg']
[4.093s] Level 1:colcon.colcon_core.package_identification:_identify(src/lmilicevic_1) by extension 'colcon_pkg'
[4.094s] Level 1:colcon.colcon_core.package_identification:_identify(src/lmilicevic_1) by extensions ['colcon_meta']
[4.094s] Level 1:colcon.colcon_core.package_identification:_identify(src/lmilicevic_1) by extension 'colcon_meta'
[4.094s] Level 1:colcon.colcon_core.package_identification:_identify(src/lmilicevic_1) by extensions ['ros']
[4.094s] Level 1:colcon.colcon_core.package_identification:_identify(src/lmilicevic_1) by extension 'ros'
[4.119s] DEBUG:colcon.colcon_core.package_identification:Package 'src/lmilicevic_1' with type 'ros.ament_python' and name 'lmilicevic_1'
[4.122s] Level 1:colcon.colcon_core.package_identification:_identify(src/log) by extensions ['ignore', 'ignore_ament_install']
[4.123s] Level 1:colcon.colcon_core.package_identification:_identify(src/log) by extension 'ignore'
[4.123s] Level 1:colcon.colcon_core.package_identification:_identify(src/log) ignored
[4.123s] Level 1:colcon.colcon_core.package_discovery:discover_packages(recursive) using defaults
[4.124s] Level 1:colcon.colcon_core.package_discovery:discover_packages(ignore) discover
[4.124s] Level 1:colcon.colcon_core.package_discovery:discover_packages(ignore) using defaults
[4.124s] Level 1:colcon.colcon_core.package_discovery:discover_packages(path) discover
[4.124s] Level 1:colcon.colcon_core.package_discovery:discover_packages(path) using defaults
[4.520s] Level 1:colcon.colcon_core.package_discovery:discover_packages(prefix_path) check parameters
[4.520s] Level 1:colcon.colcon_core.package_discovery:discover_packages(prefix_path) discover
[4.559s] DEBUG:colcon.colcon_installed_package_information.package_discovery:Found 1 installed packages in /home/lana/ros2_ws/install
[4.571s] DEBUG:colcon.colcon_installed_package_information.package_discovery:Found 364 installed packages in /opt/ros/humble
[4.583s] Level 1:colcon.colcon_core.package_discovery:discover_packages(prefix_path) using defaults
[4.826s] Level 5:colcon.colcon_core.verb:set package 'lmilicevic_1' build argument 'cmake_args' from command line to 'None'
[4.826s] Level 5:colcon.colcon_core.verb:set package 'lmilicevic_1' build argument 'cmake_target' from command line to 'None'
[4.826s] Level 5:colcon.colcon_core.verb:set package 'lmilicevic_1' build argument 'cmake_target_skip_unavailable' from command line to 'False'
[4.826s] Level 5:colcon.colcon_core.verb:set package 'lmilicevic_1' build argument 'cmake_clean_cache' from command line to 'False'
[4.826s] Level 5:colcon.colcon_core.verb:set package 'lmilicevic_1' build argument 'cmake_clean_first' from command line to 'False'
[4.827s] Level 5:colcon.colcon_core.verb:set package 'lmilicevic_1' build argument 'cmake_force_configure' from command line to 'False'
[4.827s] Level 5:colcon.colcon_core.verb:set package 'lmilicevic_1' build argument 'ament_cmake_args' from command line to 'None'
[4.827s] Level 5:colcon.colcon_core.verb:set package 'lmilicevic_1' build argument 'catkin_cmake_args' from command line to 'None'
[4.827s] Level 5:colcon.colcon_core.verb:set package 'lmilicevic_1' build argument 'catkin_skip_building_tests' from command line to 'False'
[4.827s] DEBUG:colcon.colcon_core.verb:Building package 'lmilicevic_1' with the following arguments: {'ament_cmake_args': None, 'build_base': '/home/lana/ros2_ws/build/lmilicevic_1', 'catkin_cmake_args': None, 'catkin_skip_building_tests': False, 'cmake_args': None, 'cmake_clean_cache': False, 'cmake_clean_first': False, 'cmake_force_configure': False, 'cmake_target': None, 'cmake_target_skip_unavailable': False, 'install_base': '/home/lana/ros2_ws/install/lmilicevic_1', 'merge_install': False, 'path': '/home/lana/ros2_ws/src/lmilicevic_1', 'symlink_install': False, 'test_result_base': None}
[4.828s] INFO:colcon.colcon_core.executor:Executing jobs using 'parallel' executor
[4.839s] DEBUG:colcon.colcon_parallel_executor.executor.parallel:run_until_complete
[4.840s] INFO:colcon.colcon_ros.task.ament_python.build:Building ROS package in '/home/lana/ros2_ws/src/lmilicevic_1' with build type 'ament_python'
[4.840s] Level 1:colcon.colcon_core.shell:create_environment_hook('lmilicevic_1', 'ament_prefix_path')
[4.931s] INFO:colcon.colcon_core.plugin_system:Skipping extension 'colcon_core.shell.bat': Not used on non-Windows systems
[4.932s] INFO:colcon.colcon_core.shell:Creating environment hook '/home/lana/ros2_ws/install/lmilicevic_1/share/lmilicevic_1/hook/ament_prefix_path.ps1'
[4.937s] INFO:colcon.colcon_core.shell:Creating environment descriptor '/home/lana/ros2_ws/install/lmilicevic_1/share/lmilicevic_1/hook/ament_prefix_path.dsv'
[4.955s] INFO:colcon.colcon_core.shell:Creating environment hook '/home/lana/ros2_ws/install/lmilicevic_1/share/lmilicevic_1/hook/ament_prefix_path.sh'
[4.961s] INFO:colcon.colcon_core.shell:Skip shell extension 'powershell' for command environment: Not usable outside of PowerShell
[4.961s] DEBUG:colcon.colcon_core.shell:Skip shell extension 'dsv' for command environment
[5.708s] INFO:colcon.colcon_core.task.python.build:Building Python package in '/home/lana/ros2_ws/src/lmilicevic_1'
[5.711s] INFO:colcon.colcon_core.shell:Skip shell extension 'powershell' for command environment: Not usable outside of PowerShell
[5.712s] DEBUG:colcon.colcon_core.shell:Skip shell extension 'dsv' for command environment
[10.948s] DEBUG:colcon.colcon_core.event_handler.log_command:Invoking command in '/home/lana/ros2_ws/src/lmilicevic_1': PYTHONPATH=/home/lana/ros2_ws/install/lmilicevic_1/lib/python3.10/site-packages:${PYTHONPATH} /usr/bin/python3 setup.py egg_info --egg-base ../../build/lmilicevic_1 build --build-base /home/lana/ros2_ws/build/lmilicevic_1/build install --prefix /home/lana/ros2_ws/install/lmilicevic_1 --record /home/lana/ros2_ws/build/lmilicevic_1/install.log --single-version-externally-managed
[17.851s] DEBUG:colcon.colcon_core.event_handler.log_command:Invoked command in '/home/lana/ros2_ws/src/lmilicevic_1' returned '0': PYTHONPATH=/home/lana/ros2_ws/install/lmilicevic_1/lib/python3.10/site-packages:${PYTHONPATH} /usr/bin/python3 setup.py egg_info --egg-base ../../build/lmilicevic_1 build --build-base /home/lana/ros2_ws/build/lmilicevic_1/build install --prefix /home/lana/ros2_ws/install/lmilicevic_1 --record /home/lana/ros2_ws/build/lmilicevic_1/install.log --single-version-externally-managed
[18.011s] Level 1:colcon.colcon_core.environment:checking '/home/lana/ros2_ws/install/lmilicevic_1' for CMake module files
[18.023s] Level 1:colcon.colcon_core.environment:checking '/home/lana/ros2_ws/install/lmilicevic_1' for CMake config files
[18.028s] Level 1:colcon.colcon_core.environment:checking '/home/lana/ros2_ws/install/lmilicevic_1/lib'
[18.029s] Level 1:colcon.colcon_core.environment:checking '/home/lana/ros2_ws/install/lmilicevic_1/bin'
[18.029s] Level 1:colcon.colcon_core.environment:checking '/home/lana/ros2_ws/install/lmilicevic_1/lib/pkgconfig/lmilicevic_1.pc'
[18.030s] Level 1:colcon.colcon_core.environment:checking '/home/lana/ros2_ws/install/lmilicevic_1/lib/python3.10/site-packages'
[18.030s] Level 1:colcon.colcon_core.shell:create_environment_hook('lmilicevic_1', 'pythonpath')
[18.061s] INFO:colcon.colcon_core.shell:Creating environment hook '/home/lana/ros2_ws/install/lmilicevic_1/share/lmilicevic_1/hook/pythonpath.ps1'
[18.135s] INFO:colcon.colcon_core.shell:Creating environment descriptor '/home/lana/ros2_ws/install/lmilicevic_1/share/lmilicevic_1/hook/pythonpath.dsv'
[18.152s] INFO:colcon.colcon_core.shell:Creating environment hook '/home/lana/ros2_ws/install/lmilicevic_1/share/lmilicevic_1/hook/pythonpath.sh'
[18.265s] Level 1:colcon.colcon_core.environment:checking '/home/lana/ros2_ws/install/lmilicevic_1/bin'
[18.265s] Level 1:colcon.colcon_core.environment:create_environment_scripts_only(lmilicevic_1)
[18.309s] INFO:colcon.colcon_core.shell:Creating package script '/home/lana/ros2_ws/install/lmilicevic_1/share/lmilicevic_1/package.ps1'
[18.367s] INFO:colcon.colcon_core.shell:Creating package descriptor '/home/lana/ros2_ws/install/lmilicevic_1/share/lmilicevic_1/package.dsv'
[18.501s] INFO:colcon.colcon_core.shell:Creating package script '/home/lana/ros2_ws/install/lmilicevic_1/share/lmilicevic_1/package.sh'
[18.630s] INFO:colcon.colcon_core.shell:Creating package script '/home/lana/ros2_ws/install/lmilicevic_1/share/lmilicevic_1/package.bash'
[18.727s] INFO:colcon.colcon_core.shell:Creating package script '/home/lana/ros2_ws/install/lmilicevic_1/share/lmilicevic_1/package.zsh'
[18.744s] Level 1:colcon.colcon_core.environment:create_file_with_runtime_dependencies(/home/lana/ros2_ws/install/lmilicevic_1/share/colcon-core/packages/lmilicevic_1)
[18.747s] DEBUG:colcon.colcon_parallel_executor.executor.parallel:closing loop
[18.757s] DEBUG:colcon.colcon_parallel_executor.executor.parallel:loop closed
[18.758s] DEBUG:colcon.colcon_parallel_executor.executor.parallel:run_until_complete finished with '0'
[18.758s] DEBUG:colcon.colcon_core.event_reactor:joining thread
[19.177s] INFO:colcon.colcon_core.plugin_system:Skipping extension 'colcon_notification.desktop_notification.terminal_notifier': Not used on non-Darwin systems
[19.177s] INFO:colcon.colcon_core.plugin_system:Skipping extension 'colcon_notification.desktop_notification.win32': Not used on non-Windows systems
[19.177s] INFO:colcon.colcon_notification.desktop_notification:Sending desktop notification using 'notify2'
[19.346s] DEBUG:colcon.colcon_core.event_reactor:joined thread
[19.356s] INFO:colcon.colcon_core.shell:Creating prefix script '/home/lana/ros2_ws/install/local_setup.ps1'
[19.442s] INFO:colcon.colcon_core.shell:Creating prefix util module '/home/lana/ros2_ws/install/_local_setup_util_ps1.py'
[19.483s] INFO:colcon.colcon_core.shell:Creating prefix chain script '/home/lana/ros2_ws/install/setup.ps1'
[19.760s] INFO:colcon.colcon_core.shell:Creating prefix script '/home/lana/ros2_ws/install/local_setup.sh'
[19.820s] INFO:colcon.colcon_core.shell:Creating prefix util module '/home/lana/ros2_ws/install/_local_setup_util_sh.py'
[19.825s] INFO:colcon.colcon_core.shell:Creating prefix chain script '/home/lana/ros2_ws/install/setup.sh'
[19.838s] INFO:colcon.colcon_core.shell:Creating prefix script '/home/lana/ros2_ws/install/local_setup.bash'
[19.846s] INFO:colcon.colcon_core.shell:Creating prefix chain script '/home/lana/ros2_ws/install/setup.bash'
[19.860s] INFO:colcon.colcon_core.shell:Creating prefix script '/home/lana/ros2_ws/install/local_setup.zsh'
[19.869s] INFO:colcon.colcon_core.shell:Creating prefix chain script '/home/lana/ros2_ws/install/setup.zsh'
