running egg_info
creating ../build/lmilicevic_2/lmilicevic_2.egg-info
writing ../build/lmilicevic_2/lmilicevic_2.egg-info/PKG-INFO
writing dependency_links to ../build/lmilicevic_2/lmilicevic_2.egg-info/dependency_links.txt
writing entry points to ../build/lmilicevic_2/lmilicevic_2.egg-info/entry_points.txt
writing requirements to ../build/lmilicevic_2/lmilicevic_2.egg-info/requires.txt
writing top-level names to ../build/lmilicevic_2/lmilicevic_2.egg-info/top_level.txt
writing manifest file '../build/lmilicevic_2/lmilicevic_2.egg-info/SOURCES.txt'
reading manifest file '../build/lmilicevic_2/lmilicevic_2.egg-info/SOURCES.txt'
writing manifest file '../build/lmilicevic_2/lmilicevic_2.egg-info/SOURCES.txt'
running build
running build_py
creating /home/mobrob/ros2_ws/src/build/lmilicevic_2/build
creating /home/mobrob/ros2_ws/src/build/lmilicevic_2/build/lib
creating /home/mobrob/ros2_ws/src/build/lmilicevic_2/build/lib/lmilicevic_2
copying lmilicevic_2/__init__.py -> /home/mobrob/ros2_ws/src/build/lmilicevic_2/build/lib/lmilicevic_2
copying lmilicevic_2/navigator.py -> /home/mobrob/ros2_ws/src/build/lmilicevic_2/build/lib/lmilicevic_2
running install
running install_lib
creating /home/mobrob/ros2_ws/src/install/lmilicevic_2/lib/python3.10/site-packages/lmilicevic_2
copying /home/mobrob/ros2_ws/src/build/lmilicevic_2/build/lib/lmilicevic_2/__init__.py -> /home/mobrob/ros2_ws/src/install/lmilicevic_2/lib/python3.10/site-packages/lmilicevic_2
copying /home/mobrob/ros2_ws/src/build/lmilicevic_2/build/lib/lmilicevic_2/navigator.py -> /home/mobrob/ros2_ws/src/install/lmilicevic_2/lib/python3.10/site-packages/lmilicevic_2
byte-compiling /home/mobrob/ros2_ws/src/install/lmilicevic_2/lib/python3.10/site-packages/lmilicevic_2/__init__.py to __init__.cpython-310.pyc
byte-compiling /home/mobrob/ros2_ws/src/install/lmilicevic_2/lib/python3.10/site-packages/lmilicevic_2/navigator.py to navigator.cpython-310.pyc
running install_data
creating /home/mobrob/ros2_ws/src/install/lmilicevic_2/share/ament_index
creating /home/mobrob/ros2_ws/src/install/lmilicevic_2/share/ament_index/resource_index
creating /home/mobrob/ros2_ws/src/install/lmilicevic_2/share/ament_index/resource_index/packages
copying resource/lmilicevic_2 -> /home/mobrob/ros2_ws/src/install/lmilicevic_2/share/ament_index/resource_index/packages
copying package.xml -> /home/mobrob/ros2_ws/src/install/lmilicevic_2/share/lmilicevic_2
creating /home/mobrob/ros2_ws/src/install/lmilicevic_2/share/lmilicevic_2/launch
running install_egg_info
Copying ../build/lmilicevic_2/lmilicevic_2.egg-info to /home/mobrob/ros2_ws/src/install/lmilicevic_2/lib/python3.10/site-packages/lmilicevic_2-0.0.0-py3.10.egg-info
running install_scripts
Installing navigator script to /home/mobrob/ros2_ws/src/install/lmilicevic_2/lib/lmilicevic_2
writing list of installed files to '/home/mobrob/ros2_ws/src/build/lmilicevic_2/install.log'
