[0.864s] Invoking command in '/home/lana/ros2_ws/src/lmilicevic_1': PYTHONPATH=/home/lana/ros2_ws/install/lmilicevic_1/lib/python3.10/site-packages:${PYTHONPATH} /usr/bin/python3 setup.py egg_info --egg-base ../../build/lmilicevic_1 build --build-base /home/lana/ros2_ws/build/lmilicevic_1/build install --prefix /home/lana/ros2_ws/install/lmilicevic_1 --record /home/lana/ros2_ws/build/lmilicevic_1/install.log --single-version-externally-managed
[1.141s] running egg_info
[1.142s] writing ../../build/lmilicevic_1/lmilicevic_1.egg-info/PKG-INFO
[1.142s] writing dependency_links to ../../build/lmilicevic_1/lmilicevic_1.egg-info/dependency_links.txt
[1.143s] writing entry points to ../../build/lmilicevic_1/lmilicevic_1.egg-info/entry_points.txt
[1.143s] writing requirements to ../../build/lmilicevic_1/lmilicevic_1.egg-info/requires.txt
[1.143s] writing top-level names to ../../build/lmilicevic_1/lmilicevic_1.egg-info/top_level.txt
[1.146s] reading manifest file '../../build/lmilicevic_1/lmilicevic_1.egg-info/SOURCES.txt'
[1.147s] writing manifest file '../../build/lmilicevic_1/lmilicevic_1.egg-info/SOURCES.txt'
[1.148s] running build
[1.148s] running build_py
[1.148s] copying lmilicevic_1/subscriber.py -> /home/lana/ros2_ws/build/lmilicevic_1/build/lib/lmilicevic_1
[1.148s] running install
[1.148s] running install_lib
[1.149s] copying /home/lana/ros2_ws/build/lmilicevic_1/build/lib/lmilicevic_1/subscriber.py -> /home/lana/ros2_ws/install/lmilicevic_1/lib/python3.10/site-packages/lmilicevic_1
[1.149s] byte-compiling /home/lana/ros2_ws/install/lmilicevic_1/lib/python3.10/site-packages/lmilicevic_1/subscriber.py to subscriber.cpython-310.pyc
[1.150s]   File "/home/lana/ros2_ws/install/lmilicevic_1/lib/python3.10/site-packages/lmilicevic_1/subscriber.py", line 67
[1.151s]     	self.get_logger().info('Start position: "%s"' % msg
[1.151s]     	                      ^
[1.151s] SyntaxError: '(' was never closed
[1.151s] 
[1.151s] running install_data
[1.151s] running install_egg_info
[1.153s] removing '/home/lana/ros2_ws/install/lmilicevic_1/lib/python3.10/site-packages/lmilicevic_1-0.0.0-py3.10.egg-info' (and everything under it)
[1.153s] Copying ../../build/lmilicevic_1/lmilicevic_1.egg-info to /home/lana/ros2_ws/install/lmilicevic_1/lib/python3.10/site-packages/lmilicevic_1-0.0.0-py3.10.egg-info
[1.154s] running install_scripts
[1.182s] Installing subscriber script to /home/lana/ros2_ws/install/lmilicevic_1/lib/lmilicevic_1
[1.182s] writing list of installed files to '/home/lana/ros2_ws/build/lmilicevic_1/install.log'
[1.212s] Invoked command in '/home/lana/ros2_ws/src/lmilicevic_1' returned '0': PYTHONPATH=/home/lana/ros2_ws/install/lmilicevic_1/lib/python3.10/site-packages:${PYTHONPATH} /usr/bin/python3 setup.py egg_info --egg-base ../../build/lmilicevic_1 build --build-base /home/lana/ros2_ws/build/lmilicevic_1/build install --prefix /home/lana/ros2_ws/install/lmilicevic_1 --record /home/lana/ros2_ws/build/lmilicevic_1/install.log --single-version-externally-managed
