running egg_info
creating ../build/move_pillar/move_pillar.egg-info
writing ../build/move_pillar/move_pillar.egg-info/PKG-INFO
writing dependency_links to ../build/move_pillar/move_pillar.egg-info/dependency_links.txt
writing entry points to ../build/move_pillar/move_pillar.egg-info/entry_points.txt
writing requirements to ../build/move_pillar/move_pillar.egg-info/requires.txt
writing top-level names to ../build/move_pillar/move_pillar.egg-info/top_level.txt
writing manifest file '../build/move_pillar/move_pillar.egg-info/SOURCES.txt'
reading manifest file '../build/move_pillar/move_pillar.egg-info/SOURCES.txt'
writing manifest file '../build/move_pillar/move_pillar.egg-info/SOURCES.txt'
running build
running build_py
creating /home/mobrob/ros2_ws/src/build/move_pillar/build
creating /home/mobrob/ros2_ws/src/build/move_pillar/build/lib
creating /home/mobrob/ros2_ws/src/build/move_pillar/build/lib/move_pillar
copying move_pillar/__init__.py -> /home/mobrob/ros2_ws/src/build/move_pillar/build/lib/move_pillar
copying move_pillar/move_pillar.py -> /home/mobrob/ros2_ws/src/build/move_pillar/build/lib/move_pillar
running install
running install_lib
creating /home/mobrob/ros2_ws/src/install/move_pillar/lib/python3.10/site-packages/move_pillar
copying /home/mobrob/ros2_ws/src/build/move_pillar/build/lib/move_pillar/__init__.py -> /home/mobrob/ros2_ws/src/install/move_pillar/lib/python3.10/site-packages/move_pillar
copying /home/mobrob/ros2_ws/src/build/move_pillar/build/lib/move_pillar/move_pillar.py -> /home/mobrob/ros2_ws/src/install/move_pillar/lib/python3.10/site-packages/move_pillar
byte-compiling /home/mobrob/ros2_ws/src/install/move_pillar/lib/python3.10/site-packages/move_pillar/__init__.py to __init__.cpython-310.pyc
byte-compiling /home/mobrob/ros2_ws/src/install/move_pillar/lib/python3.10/site-packages/move_pillar/move_pillar.py to move_pillar.cpython-310.pyc
running install_data
creating /home/mobrob/ros2_ws/src/install/move_pillar/share/ament_index
creating /home/mobrob/ros2_ws/src/install/move_pillar/share/ament_index/resource_index
creating /home/mobrob/ros2_ws/src/install/move_pillar/share/ament_index/resource_index/packages
copying resource/move_pillar -> /home/mobrob/ros2_ws/src/install/move_pillar/share/ament_index/resource_index/packages
copying package.xml -> /home/mobrob/ros2_ws/src/install/move_pillar/share/move_pillar
creating /home/mobrob/ros2_ws/src/install/move_pillar/share/move_pillar/models
copying models/pillar.sdf -> /home/mobrob/ros2_ws/src/install/move_pillar/share/move_pillar/models
creating /home/mobrob/ros2_ws/src/install/move_pillar/share/move_pillar/worlds
copying worlds/empty_world.world -> /home/mobrob/ros2_ws/src/install/move_pillar/share/move_pillar/worlds
creating /home/mobrob/ros2_ws/src/install/move_pillar/share/move_pillar/rviz
copying rviz/move_pillar.rviz -> /home/mobrob/ros2_ws/src/install/move_pillar/share/move_pillar/rviz
creating /home/mobrob/ros2_ws/src/install/move_pillar/share/move_pillar/launch
copying launch/move_pillar.launch.py -> /home/mobrob/ros2_ws/src/install/move_pillar/share/move_pillar/launch
running install_egg_info
Copying ../build/move_pillar/move_pillar.egg-info to /home/mobrob/ros2_ws/src/install/move_pillar/lib/python3.10/site-packages/move_pillar-1.0.0-py3.10.egg-info
running install_scripts
Installing move_pillar script to /home/mobrob/ros2_ws/src/install/move_pillar/lib/move_pillar
writing list of installed files to '/home/mobrob/ros2_ws/src/build/move_pillar/install.log'
