[1.344s] Invoking command in '/home/mobrob/ros2_ws/src/move_pillar': PYTHONPATH=/home/mobrob/ros2_ws/src/install/move_pillar/lib/python3.10/site-packages:${PYTHONPATH} /usr/bin/python3 setup.py egg_info --egg-base ../build/move_pillar build --build-base /home/mobrob/ros2_ws/src/build/move_pillar/build install --prefix /home/mobrob/ros2_ws/src/install/move_pillar --record /home/mobrob/ros2_ws/src/build/move_pillar/install.log --single-version-externally-managed
[1.771s] running egg_info
[1.771s] creating ../build/move_pillar/move_pillar.egg-info
[1.772s] writing ../build/move_pillar/move_pillar.egg-info/PKG-INFO
[1.772s] writing dependency_links to ../build/move_pillar/move_pillar.egg-info/dependency_links.txt
[1.772s] writing entry points to ../build/move_pillar/move_pillar.egg-info/entry_points.txt
[1.773s] writing requirements to ../build/move_pillar/move_pillar.egg-info/requires.txt
[1.776s] writing top-level names to ../build/move_pillar/move_pillar.egg-info/top_level.txt
[1.778s] writing manifest file '../build/move_pillar/move_pillar.egg-info/SOURCES.txt'
[1.778s] reading manifest file '../build/move_pillar/move_pillar.egg-info/SOURCES.txt'
[1.779s] writing manifest file '../build/move_pillar/move_pillar.egg-info/SOURCES.txt'
[1.779s] running build
[1.779s] running build_py
[1.780s] creating /home/mobrob/ros2_ws/src/build/move_pillar/build
[1.780s] creating /home/mobrob/ros2_ws/src/build/move_pillar/build/lib
[1.780s] creating /home/mobrob/ros2_ws/src/build/move_pillar/build/lib/move_pillar
[1.780s] copying move_pillar/__init__.py -> /home/mobrob/ros2_ws/src/build/move_pillar/build/lib/move_pillar
[1.780s] copying move_pillar/move_pillar.py -> /home/mobrob/ros2_ws/src/build/move_pillar/build/lib/move_pillar
[1.781s] running install
[1.781s] running install_lib
[1.782s] creating /home/mobrob/ros2_ws/src/install/move_pillar/lib/python3.10/site-packages/move_pillar
[1.782s] copying /home/mobrob/ros2_ws/src/build/move_pillar/build/lib/move_pillar/__init__.py -> /home/mobrob/ros2_ws/src/install/move_pillar/lib/python3.10/site-packages/move_pillar
[1.783s] copying /home/mobrob/ros2_ws/src/build/move_pillar/build/lib/move_pillar/move_pillar.py -> /home/mobrob/ros2_ws/src/install/move_pillar/lib/python3.10/site-packages/move_pillar
[1.783s] byte-compiling /home/mobrob/ros2_ws/src/install/move_pillar/lib/python3.10/site-packages/move_pillar/__init__.py to __init__.cpython-310.pyc
[1.784s] byte-compiling /home/mobrob/ros2_ws/src/install/move_pillar/lib/python3.10/site-packages/move_pillar/move_pillar.py to move_pillar.cpython-310.pyc
[1.785s] running install_data
[1.786s] creating /home/mobrob/ros2_ws/src/install/move_pillar/share/ament_index
[1.786s] creating /home/mobrob/ros2_ws/src/install/move_pillar/share/ament_index/resource_index
[1.786s] creating /home/mobrob/ros2_ws/src/install/move_pillar/share/ament_index/resource_index/packages
[1.786s] copying resource/move_pillar -> /home/mobrob/ros2_ws/src/install/move_pillar/share/ament_index/resource_index/packages
[1.787s] copying package.xml -> /home/mobrob/ros2_ws/src/install/move_pillar/share/move_pillar
[1.787s] creating /home/mobrob/ros2_ws/src/install/move_pillar/share/move_pillar/models
[1.787s] copying models/pillar.sdf -> /home/mobrob/ros2_ws/src/install/move_pillar/share/move_pillar/models
[1.787s] creating /home/mobrob/ros2_ws/src/install/move_pillar/share/move_pillar/worlds
[1.787s] copying worlds/empty_world.world -> /home/mobrob/ros2_ws/src/install/move_pillar/share/move_pillar/worlds
[1.787s] creating /home/mobrob/ros2_ws/src/install/move_pillar/share/move_pillar/rviz
[1.788s] copying rviz/move_pillar.rviz -> /home/mobrob/ros2_ws/src/install/move_pillar/share/move_pillar/rviz
[1.788s] creating /home/mobrob/ros2_ws/src/install/move_pillar/share/move_pillar/launch
[1.788s] copying launch/move_pillar.launch.py -> /home/mobrob/ros2_ws/src/install/move_pillar/share/move_pillar/launch
[1.788s] running install_egg_info
[1.791s] Copying ../build/move_pillar/move_pillar.egg-info to /home/mobrob/ros2_ws/src/install/move_pillar/lib/python3.10/site-packages/move_pillar-1.0.0-py3.10.egg-info
[1.792s] running install_scripts
[1.819s] Installing move_pillar script to /home/mobrob/ros2_ws/src/install/move_pillar/lib/move_pillar
[1.819s] writing list of installed files to '/home/mobrob/ros2_ws/src/build/move_pillar/install.log'
[1.912s] Invoked command in '/home/mobrob/ros2_ws/src/move_pillar' returned '0': PYTHONPATH=/home/mobrob/ros2_ws/src/install/move_pillar/lib/python3.10/site-packages:${PYTHONPATH} /usr/bin/python3 setup.py egg_info --egg-base ../build/move_pillar build --build-base /home/mobrob/ros2_ws/src/build/move_pillar/build install --prefix /home/mobrob/ros2_ws/src/install/move_pillar --record /home/mobrob/ros2_ws/src/build/move_pillar/install.log --single-version-externally-managed
