[1.053s] Invoking command in '/home/mobrob/ros2_ws/src/lmilicevic_3': PYTHONPATH=/home/mobrob/ros2_ws/src/lmilicevic_3/install/lmilicevic_3/lib/python3.10/site-packages:${PYTHONPATH} /usr/bin/python3 setup.py egg_info --egg-base build/lmilicevic_3 build --build-base /home/mobrob/ros2_ws/src/lmilicevic_3/build/lmilicevic_3/build install --prefix /home/mobrob/ros2_ws/src/lmilicevic_3/install/lmilicevic_3 --record /home/mobrob/ros2_ws/src/lmilicevic_3/build/lmilicevic_3/install.log --single-version-externally-managed
[1.444s] running egg_info
[1.445s] creating build/lmilicevic_3/lmilicevic_3.egg-info
[1.445s] writing build/lmilicevic_3/lmilicevic_3.egg-info/PKG-INFO
[1.445s] writing dependency_links to build/lmilicevic_3/lmilicevic_3.egg-info/dependency_links.txt
[1.445s] writing entry points to build/lmilicevic_3/lmilicevic_3.egg-info/entry_points.txt
[1.446s] writing requirements to build/lmilicevic_3/lmilicevic_3.egg-info/requires.txt
[1.446s] writing top-level names to build/lmilicevic_3/lmilicevic_3.egg-info/top_level.txt
[1.447s] writing manifest file 'build/lmilicevic_3/lmilicevic_3.egg-info/SOURCES.txt'
[1.450s] reading manifest file 'build/lmilicevic_3/lmilicevic_3.egg-info/SOURCES.txt'
[1.451s] writing manifest file 'build/lmilicevic_3/lmilicevic_3.egg-info/SOURCES.txt'
[1.451s] running build
[1.451s] running build_py
[1.451s] creating /home/mobrob/ros2_ws/src/lmilicevic_3/build/lmilicevic_3/build
[1.451s] creating /home/mobrob/ros2_ws/src/lmilicevic_3/build/lmilicevic_3/build/lib
[1.451s] creating /home/mobrob/ros2_ws/src/lmilicevic_3/build/lmilicevic_3/build/lib/lmilicevic_3
[1.451s] copying lmilicevic_3/__init__.py -> /home/mobrob/ros2_ws/src/lmilicevic_3/build/lmilicevic_3/build/lib/lmilicevic_3
[1.451s] copying lmilicevic_3/rotator.py -> /home/mobrob/ros2_ws/src/lmilicevic_3/build/lmilicevic_3/build/lib/lmilicevic_3
[1.452s] running install
[1.452s] running install_lib
[1.453s] creating /home/mobrob/ros2_ws/src/lmilicevic_3/install/lmilicevic_3/lib/python3.10/site-packages/lmilicevic_3
[1.453s] copying /home/mobrob/ros2_ws/src/lmilicevic_3/build/lmilicevic_3/build/lib/lmilicevic_3/__init__.py -> /home/mobrob/ros2_ws/src/lmilicevic_3/install/lmilicevic_3/lib/python3.10/site-packages/lmilicevic_3
[1.453s] copying /home/mobrob/ros2_ws/src/lmilicevic_3/build/lmilicevic_3/build/lib/lmilicevic_3/rotator.py -> /home/mobrob/ros2_ws/src/lmilicevic_3/install/lmilicevic_3/lib/python3.10/site-packages/lmilicevic_3
[1.454s] byte-compiling /home/mobrob/ros2_ws/src/lmilicevic_3/install/lmilicevic_3/lib/python3.10/site-packages/lmilicevic_3/__init__.py to __init__.cpython-310.pyc
[1.454s] byte-compiling /home/mobrob/ros2_ws/src/lmilicevic_3/install/lmilicevic_3/lib/python3.10/site-packages/lmilicevic_3/rotator.py to rotator.cpython-310.pyc
[1.456s] running install_data
[1.457s] creating /home/mobrob/ros2_ws/src/lmilicevic_3/install/lmilicevic_3/share/ament_index
[1.457s] creating /home/mobrob/ros2_ws/src/lmilicevic_3/install/lmilicevic_3/share/ament_index/resource_index
[1.457s] creating /home/mobrob/ros2_ws/src/lmilicevic_3/install/lmilicevic_3/share/ament_index/resource_index/packages
[1.457s] copying resource/lmilicevic_3 -> /home/mobrob/ros2_ws/src/lmilicevic_3/install/lmilicevic_3/share/ament_index/resource_index/packages
[1.457s] copying package.xml -> /home/mobrob/ros2_ws/src/lmilicevic_3/install/lmilicevic_3/share/lmilicevic_3
[1.457s] creating /home/mobrob/ros2_ws/src/lmilicevic_3/install/lmilicevic_3/share/lmilicevic_3/launch
[1.457s] running install_egg_info
[1.459s] Copying build/lmilicevic_3/lmilicevic_3.egg-info to /home/mobrob/ros2_ws/src/lmilicevic_3/install/lmilicevic_3/lib/python3.10/site-packages/lmilicevic_3-0.0.0-py3.10.egg-info
[1.460s] running install_scripts
[1.486s] Installing navigator script to /home/mobrob/ros2_ws/src/lmilicevic_3/install/lmilicevic_3/lib/lmilicevic_3
[1.487s] writing list of installed files to '/home/mobrob/ros2_ws/src/lmilicevic_3/build/lmilicevic_3/install.log'
[1.532s] Invoked command in '/home/mobrob/ros2_ws/src/lmilicevic_3' returned '0': PYTHONPATH=/home/mobrob/ros2_ws/src/lmilicevic_3/install/lmilicevic_3/lib/python3.10/site-packages:${PYTHONPATH} /usr/bin/python3 setup.py egg_info --egg-base build/lmilicevic_3 build --build-base /home/mobrob/ros2_ws/src/lmilicevic_3/build/lmilicevic_3/build install --prefix /home/mobrob/ros2_ws/src/lmilicevic_3/install/lmilicevic_3 --record /home/mobrob/ros2_ws/src/lmilicevic_3/build/lmilicevic_3/install.log --single-version-externally-managed
