[0.550s] DEBUG:colcon:Command line arguments: ['/usr/bin/colcon', 'build']
[0.550s] DEBUG:colcon:Parsed command line arguments: Namespace(log_base=None, log_level=None, verb_name='build', build_base='build', install_base='install', merge_install=False, symlink_install=False, test_result_base=None, continue_on_error=False, executor='parallel', parallel_workers=2, event_handlers=None, ignore_user_meta=False, metas=['./colcon.meta'], base_paths=['.'], packages_ignore=None, packages_ignore_regex=None, paths=None, packages_up_to=None, packages_up_to_regex=None, packages_above=None, packages_above_and_dependencies=None, packages_above_depth=None, packages_select_by_dep=None, packages_skip_by_dep=None, packages_skip_up_to=None, packages_select_build_failed=False, packages_skip_build_finished=False, packages_select_test_failures=False, packages_skip_test_passed=False, packages_select=None, packages_skip=None, packages_select_regex=None, packages_skip_regex=None, packages_start=None, packages_end=None, allow_overriding=[], cmake_args=None, cmake_target=None, cmake_target_skip_unavailable=False, cmake_clean_cache=False, cmake_clean_first=False, cmake_force_configure=False, ament_cmake_args=None, catkin_cmake_args=None, catkin_skip_building_tests=False, verb_parser=<colcon_defaults.argument_parser.defaults.DefaultArgumentsDecorator object at 0x7f28a3b09e70>, verb_extension=<colcon_core.verb.build.BuildVerb object at 0x7f28a3b09900>, main=<bound method BuildVerb.main of <colcon_core.verb.build.BuildVerb object at 0x7f28a3b09900>>)
[0.676s] Level 1:colcon.colcon_core.package_discovery:discover_packages(colcon_meta) check parameters
[0.676s] Level 1:colcon.colcon_core.package_discovery:discover_packages(recursive) check parameters
[0.676s] Level 1:colcon.colcon_core.package_discovery:discover_packages(ignore) check parameters
[0.676s] Level 1:colcon.colcon_core.package_discovery:discover_packages(path) check parameters
[0.676s] Level 1:colcon.colcon_core.package_discovery:discover_packages(colcon_meta) discover
[0.676s] Level 1:colcon.colcon_core.package_discovery:discover_packages(recursive) discover
[0.676s] INFO:colcon.colcon_core.package_discovery:Crawling recursively for packages in '/home/lana/ros2_ws'
[0.676s] Level 1:colcon.colcon_core.package_identification:_identify(.) by extensions ['ignore', 'ignore_ament_install']
[0.676s] Level 1:colcon.colcon_core.package_identification:_identify(.) by extension 'ignore'
[0.677s] Level 1:colcon.colcon_core.package_identification:_identify(.) by extension 'ignore_ament_install'
[0.677s] Level 1:colcon.colcon_core.package_identification:_identify(.) by extensions ['colcon_pkg']
[0.677s] Level 1:colcon.colcon_core.package_identification:_identify(.) by extension 'colcon_pkg'
[0.677s] Level 1:colcon.colcon_core.package_identification:_identify(.) by extensions ['colcon_meta']
[0.677s] Level 1:colcon.colcon_core.package_identification:_identify(.) by extension 'colcon_meta'
[0.677s] Level 1:colcon.colcon_core.package_identification:_identify(.) by extensions ['ros']
[0.677s] Level 1:colcon.colcon_core.package_identification:_identify(.) by extension 'ros'
[0.700s] Level 1:colcon.colcon_core.package_identification:_identify(.) by extensions ['cmake', 'python']
[0.701s] Level 1:colcon.colcon_core.package_identification:_identify(.) by extension 'cmake'
[0.701s] Level 1:colcon.colcon_core.package_identification:_identify(.) by extension 'python'
[0.701s] Level 1:colcon.colcon_core.package_identification:_identify(.) by extensions ['python_setup_py']
[0.701s] Level 1:colcon.colcon_core.package_identification:_identify(.) by extension 'python_setup_py'
[0.701s] Level 1:colcon.colcon_core.package_identification:_identify(build) by extensions ['ignore', 'ignore_ament_install']
[0.701s] Level 1:colcon.colcon_core.package_identification:_identify(build) by extension 'ignore'
[0.701s] Level 1:colcon.colcon_core.package_identification:_identify(build) ignored
[0.701s] Level 1:colcon.colcon_core.package_identification:_identify(install) by extensions ['ignore', 'ignore_ament_install']
[0.701s] Level 1:colcon.colcon_core.package_identification:_identify(install) by extension 'ignore'
[0.701s] Level 1:colcon.colcon_core.package_identification:_identify(install) ignored
[0.701s] Level 1:colcon.colcon_core.package_identification:_identify(log) by extensions ['ignore', 'ignore_ament_install']
[0.701s] Level 1:colcon.colcon_core.package_identification:_identify(log) by extension 'ignore'
[0.701s] Level 1:colcon.colcon_core.package_identification:_identify(log) ignored
[0.701s] Level 1:colcon.colcon_core.package_identification:_identify(src) by extensions ['ignore', 'ignore_ament_install']
[0.702s] Level 1:colcon.colcon_core.package_identification:_identify(src) by extension 'ignore'
[0.702s] Level 1:colcon.colcon_core.package_identification:_identify(src) by extension 'ignore_ament_install'
[0.702s] Level 1:colcon.colcon_core.package_identification:_identify(src) by extensions ['colcon_pkg']
[0.702s] Level 1:colcon.colcon_core.package_identification:_identify(src) by extension 'colcon_pkg'
[0.702s] Level 1:colcon.colcon_core.package_identification:_identify(src) by extensions ['colcon_meta']
[0.702s] Level 1:colcon.colcon_core.package_identification:_identify(src) by extension 'colcon_meta'
[0.702s] Level 1:colcon.colcon_core.package_identification:_identify(src) by extensions ['ros']
[0.702s] Level 1:colcon.colcon_core.package_identification:_identify(src) by extension 'ros'
[0.702s] Level 1:colcon.colcon_core.package_identification:_identify(src) by extensions ['cmake', 'python']
[0.702s] Level 1:colcon.colcon_core.package_identification:_identify(src) by extension 'cmake'
[0.702s] Level 1:colcon.colcon_core.package_identification:_identify(src) by extension 'python'
[0.702s] Level 1:colcon.colcon_core.package_identification:_identify(src) by extensions ['python_setup_py']
[0.702s] Level 1:colcon.colcon_core.package_identification:_identify(src) by extension 'python_setup_py'
[0.702s] Level 1:colcon.colcon_core.package_identification:_identify(src/build) by extensions ['ignore', 'ignore_ament_install']
[0.703s] Level 1:colcon.colcon_core.package_identification:_identify(src/build) by extension 'ignore'
[0.703s] Level 1:colcon.colcon_core.package_identification:_identify(src/build) ignored
[0.704s] Level 1:colcon.colcon_core.package_identification:_identify(src/install) by extensions ['ignore', 'ignore_ament_install']
[0.704s] Level 1:colcon.colcon_core.package_identification:_identify(src/install) by extension 'ignore'
[0.704s] Level 1:colcon.colcon_core.package_identification:_identify(src/install) ignored
[0.704s] Level 1:colcon.colcon_core.package_identification:_identify(src/lmilicevic_1) by extensions ['ignore', 'ignore_ament_install']
[0.704s] Level 1:colcon.colcon_core.package_identification:_identify(src/lmilicevic_1) by extension 'ignore'
[0.704s] Level 1:colcon.colcon_core.package_identification:_identify(src/lmilicevic_1) by extension 'ignore_ament_install'
[0.704s] Level 1:colcon.colcon_core.package_identification:_identify(src/lmilicevic_1) by extensions ['colcon_pkg']
[0.704s] Level 1:colcon.colcon_core.package_identification:_identify(src/lmilicevic_1) by extension 'colcon_pkg'
[0.704s] Level 1:colcon.colcon_core.package_identification:_identify(src/lmilicevic_1) by extensions ['colcon_meta']
[0.704s] Level 1:colcon.colcon_core.package_identification:_identify(src/lmilicevic_1) by extension 'colcon_meta'
[0.704s] Level 1:colcon.colcon_core.package_identification:_identify(src/lmilicevic_1) by extensions ['ros']
[0.704s] Level 1:colcon.colcon_core.package_identification:_identify(src/lmilicevic_1) by extension 'ros'
[0.715s] DEBUG:colcon.colcon_core.package_identification:Package 'src/lmilicevic_1' with type 'ros.ament_python' and name 'lmilicevic_1'
[0.715s] Level 1:colcon.colcon_core.package_identification:_identify(src/log) by extensions ['ignore', 'ignore_ament_install']
[0.715s] Level 1:colcon.colcon_core.package_identification:_identify(src/log) by extension 'ignore'
[0.715s] Level 1:colcon.colcon_core.package_identification:_identify(src/log) ignored
[0.715s] Level 1:colcon.colcon_core.package_discovery:discover_packages(recursive) using defaults
[0.715s] Level 1:colcon.colcon_core.package_discovery:discover_packages(ignore) discover
[0.715s] Level 1:colcon.colcon_core.package_discovery:discover_packages(ignore) using defaults
[0.716s] Level 1:colcon.colcon_core.package_discovery:discover_packages(path) discover
[0.716s] Level 1:colcon.colcon_core.package_discovery:discover_packages(path) using defaults
[0.780s] Level 1:colcon.colcon_core.package_discovery:discover_packages(prefix_path) check parameters
[0.780s] Level 1:colcon.colcon_core.package_discovery:discover_packages(prefix_path) discover
[0.789s] DEBUG:colcon.colcon_installed_package_information.package_discovery:Found 1 installed packages in /home/lana/ros2_ws/install
[0.791s] DEBUG:colcon.colcon_installed_package_information.package_discovery:Found 364 installed packages in /opt/ros/humble
[0.793s] Level 1:colcon.colcon_core.package_discovery:discover_packages(prefix_path) using defaults
[0.868s] Level 5:colcon.colcon_core.verb:set package 'lmilicevic_1' build argument 'cmake_args' from command line to 'None'
[0.868s] Level 5:colcon.colcon_core.verb:set package 'lmilicevic_1' build argument 'cmake_target' from command line to 'None'
[0.868s] Level 5:colcon.colcon_core.verb:set package 'lmilicevic_1' build argument 'cmake_target_skip_unavailable' from command line to 'False'
[0.868s] Level 5:colcon.colcon_core.verb:set package 'lmilicevic_1' build argument 'cmake_clean_cache' from command line to 'False'
[0.868s] Level 5:colcon.colcon_core.verb:set package 'lmilicevic_1' build argument 'cmake_clean_first' from command line to 'False'
[0.868s] Level 5:colcon.colcon_core.verb:set package 'lmilicevic_1' build argument 'cmake_force_configure' from command line to 'False'
[0.868s] Level 5:colcon.colcon_core.verb:set package 'lmilicevic_1' build argument 'ament_cmake_args' from command line to 'None'
[0.868s] Level 5:colcon.colcon_core.verb:set package 'lmilicevic_1' build argument 'catkin_cmake_args' from command line to 'None'
[0.868s] Level 5:colcon.colcon_core.verb:set package 'lmilicevic_1' build argument 'catkin_skip_building_tests' from command line to 'False'
[0.869s] DEBUG:colcon.colcon_core.verb:Building package 'lmilicevic_1' with the following arguments: {'ament_cmake_args': None, 'build_base': '/home/lana/ros2_ws/build/lmilicevic_1', 'catkin_cmake_args': None, 'catkin_skip_building_tests': False, 'cmake_args': None, 'cmake_clean_cache': False, 'cmake_clean_first': False, 'cmake_force_configure': False, 'cmake_target': None, 'cmake_target_skip_unavailable': False, 'install_base': '/home/lana/ros2_ws/install/lmilicevic_1', 'merge_install': False, 'path': '/home/lana/ros2_ws/src/lmilicevic_1', 'symlink_install': False, 'test_result_base': None}
[0.869s] INFO:colcon.colcon_core.executor:Executing jobs using 'parallel' executor
[0.873s] DEBUG:colcon.colcon_parallel_executor.executor.parallel:run_until_complete
[0.874s] INFO:colcon.colcon_ros.task.ament_python.build:Building ROS package in '/home/lana/ros2_ws/src/lmilicevic_1' with build type 'ament_python'
[0.874s] Level 1:colcon.colcon_core.shell:create_environment_hook('lmilicevic_1', 'ament_prefix_path')
[0.895s] INFO:colcon.colcon_core.plugin_system:Skipping extension 'colcon_core.shell.bat': Not used on non-Windows systems
[0.895s] INFO:colcon.colcon_core.shell:Creating environment hook '/home/lana/ros2_ws/install/lmilicevic_1/share/lmilicevic_1/hook/ament_prefix_path.ps1'
[0.898s] INFO:colcon.colcon_core.shell:Creating environment descriptor '/home/lana/ros2_ws/install/lmilicevic_1/share/lmilicevic_1/hook/ament_prefix_path.dsv'
[0.899s] INFO:colcon.colcon_core.shell:Creating environment hook '/home/lana/ros2_ws/install/lmilicevic_1/share/lmilicevic_1/hook/ament_prefix_path.sh'
[0.902s] INFO:colcon.colcon_core.shell:Skip shell extension 'powershell' for command environment: Not usable outside of PowerShell
[0.902s] DEBUG:colcon.colcon_core.shell:Skip shell extension 'dsv' for command environment
[1.194s] INFO:colcon.colcon_core.task.python.build:Building Python package in '/home/lana/ros2_ws/src/lmilicevic_1'
[1.198s] INFO:colcon.colcon_core.shell:Skip shell extension 'powershell' for command environment: Not usable outside of PowerShell
[1.198s] DEBUG:colcon.colcon_core.shell:Skip shell extension 'dsv' for command environment
[1.765s] DEBUG:colcon.colcon_core.event_handler.log_command:Invoking command in '/home/lana/ros2_ws/src/lmilicevic_1': PYTHONPATH=/home/lana/ros2_ws/install/lmilicevic_1/lib/python3.10/site-packages:${PYTHONPATH} /usr/bin/python3 setup.py egg_info --egg-base ../../build/lmilicevic_1 build --build-base /home/lana/ros2_ws/build/lmilicevic_1/build install --prefix /home/lana/ros2_ws/install/lmilicevic_1 --record /home/lana/ros2_ws/build/lmilicevic_1/install.log --single-version-externally-managed
[2.207s] DEBUG:colcon.colcon_core.event_handler.log_command:Invoked command in '/home/lana/ros2_ws/src/lmilicevic_1' returned '0': PYTHONPATH=/home/lana/ros2_ws/install/lmilicevic_1/lib/python3.10/site-packages:${PYTHONPATH} /usr/bin/python3 setup.py egg_info --egg-base ../../build/lmilicevic_1 build --build-base /home/lana/ros2_ws/build/lmilicevic_1/build install --prefix /home/lana/ros2_ws/install/lmilicevic_1 --record /home/lana/ros2_ws/build/lmilicevic_1/install.log --single-version-externally-managed
[2.238s] Level 1:colcon.colcon_core.environment:checking '/home/lana/ros2_ws/install/lmilicevic_1' for CMake module files
[2.239s] Level 1:colcon.colcon_core.environment:checking '/home/lana/ros2_ws/install/lmilicevic_1' for CMake config files
[2.241s] Level 1:colcon.colcon_core.environment:checking '/home/lana/ros2_ws/install/lmilicevic_1/lib'
[2.241s] Level 1:colcon.colcon_core.environment:checking '/home/lana/ros2_ws/install/lmilicevic_1/bin'
[2.241s] Level 1:colcon.colcon_core.environment:checking '/home/lana/ros2_ws/install/lmilicevic_1/lib/pkgconfig/lmilicevic_1.pc'
[2.241s] Level 1:colcon.colcon_core.environment:checking '/home/lana/ros2_ws/install/lmilicevic_1/lib/python3.10/site-packages'
[2.241s] Level 1:colcon.colcon_core.shell:create_environment_hook('lmilicevic_1', 'pythonpath')
[2.242s] INFO:colcon.colcon_core.shell:Creating environment hook '/home/lana/ros2_ws/install/lmilicevic_1/share/lmilicevic_1/hook/pythonpath.ps1'
[2.243s] INFO:colcon.colcon_core.shell:Creating environment descriptor '/home/lana/ros2_ws/install/lmilicevic_1/share/lmilicevic_1/hook/pythonpath.dsv'
[2.244s] INFO:colcon.colcon_core.shell:Creating environment hook '/home/lana/ros2_ws/install/lmilicevic_1/share/lmilicevic_1/hook/pythonpath.sh'
[2.245s] Level 1:colcon.colcon_core.environment:checking '/home/lana/ros2_ws/install/lmilicevic_1/bin'
[2.246s] Level 1:colcon.colcon_core.environment:create_environment_scripts_only(lmilicevic_1)
[2.247s] INFO:colcon.colcon_core.shell:Creating package script '/home/lana/ros2_ws/install/lmilicevic_1/share/lmilicevic_1/package.ps1'
[2.249s] INFO:colcon.colcon_core.shell:Creating package descriptor '/home/lana/ros2_ws/install/lmilicevic_1/share/lmilicevic_1/package.dsv'
[2.251s] INFO:colcon.colcon_core.shell:Creating package script '/home/lana/ros2_ws/install/lmilicevic_1/share/lmilicevic_1/package.sh'
[2.253s] INFO:colcon.colcon_core.shell:Creating package script '/home/lana/ros2_ws/install/lmilicevic_1/share/lmilicevic_1/package.bash'
[2.256s] INFO:colcon.colcon_core.shell:Creating package script '/home/lana/ros2_ws/install/lmilicevic_1/share/lmilicevic_1/package.zsh'
[2.259s] Level 1:colcon.colcon_core.environment:create_file_with_runtime_dependencies(/home/lana/ros2_ws/install/lmilicevic_1/share/colcon-core/packages/lmilicevic_1)
[2.260s] DEBUG:colcon.colcon_parallel_executor.executor.parallel:closing loop
[2.260s] DEBUG:colcon.colcon_parallel_executor.executor.parallel:loop closed
[2.260s] DEBUG:colcon.colcon_parallel_executor.executor.parallel:run_until_complete finished with '0'
[2.260s] DEBUG:colcon.colcon_core.event_reactor:joining thread
[2.273s] INFO:colcon.colcon_core.plugin_system:Skipping extension 'colcon_notification.desktop_notification.terminal_notifier': Not used on non-Darwin systems
[2.273s] INFO:colcon.colcon_core.plugin_system:Skipping extension 'colcon_notification.desktop_notification.win32': Not used on non-Windows systems
[2.273s] INFO:colcon.colcon_notification.desktop_notification:Sending desktop notification using 'notify2'
[2.306s] DEBUG:colcon.colcon_core.event_reactor:joined thread
[2.307s] INFO:colcon.colcon_core.shell:Creating prefix script '/home/lana/ros2_ws/install/local_setup.ps1'
[2.310s] INFO:colcon.colcon_core.shell:Creating prefix util module '/home/lana/ros2_ws/install/_local_setup_util_ps1.py'
[2.312s] INFO:colcon.colcon_core.shell:Creating prefix chain script '/home/lana/ros2_ws/install/setup.ps1'
[2.315s] INFO:colcon.colcon_core.shell:Creating prefix script '/home/lana/ros2_ws/install/local_setup.sh'
[2.316s] INFO:colcon.colcon_core.shell:Creating prefix util module '/home/lana/ros2_ws/install/_local_setup_util_sh.py'
[2.318s] INFO:colcon.colcon_core.shell:Creating prefix chain script '/home/lana/ros2_ws/install/setup.sh'
[2.321s] INFO:colcon.colcon_core.shell:Creating prefix script '/home/lana/ros2_ws/install/local_setup.bash'
[2.323s] INFO:colcon.colcon_core.shell:Creating prefix chain script '/home/lana/ros2_ws/install/setup.bash'
[2.332s] INFO:colcon.colcon_core.shell:Creating prefix script '/home/lana/ros2_ws/install/local_setup.zsh'
[2.333s] INFO:colcon.colcon_core.shell:Creating prefix chain script '/home/lana/ros2_ws/install/setup.zsh'
